2025-08-10 23:59:31,088 - INFO - 🔍 SecListsManager initialized for intelligent wordlist management
2025-08-10 23:59:31,088 - INFO - 🛡️ WAFBypass initialized with AssetManager integration
2025-08-10 23:59:31,088 - INFO - 🤖 MLEngine initialized with AssetManager integration
2025-08-10 23:59:31,088 - INFO - 🚨 VulnerabilityScanner initialized with AssetManager integration
2025-08-10 23:59:31,088 - INFO - 🔗 ProxyManager initialized with 30 proxies
2025-08-10 23:59:31,088 - INFO - 🔍 DiscoveryEngine initialized with AssetManager integration
2025-08-10 23:59:31,088 - INFO - 🔬 TechnologyDetector initialized with AssetManager integration
2025-08-10 23:59:31,089 - INFO - 🤖 MLEngine initialized with AssetManager integration
2025-08-10 23:59:31,089 - INFO - 📸 ScreenshotManager initialized with AssetManager integration
2025-08-10 23:59:31,089 - INFO - 🛡️ WAFBypass initialized with AssetManager integration
2025-08-10 23:59:31,089 - INFO - 🕵️ ReconnaissanceEngine initialized with AssetManager integration
2025-08-10 23:59:31,089 - INFO - 🚀 Modular Scanner initialized - all modules using AssetManager field mappings
2025-08-10 23:59:31,089 - INFO - ✅ SecLists already available
2025-08-10 23:59:31,092 - INFO - 📋 Loaded 19964 words from Discovery/DNS/subdomains-top1million-20000.txt
2025-08-10 23:59:31,092 - INFO - 📋 Loaded 4989 words from Discovery/DNS/subdomains-top1million-5000.txt
2025-08-10 23:59:31,092 - INFO - 📋 Loaded 500 words from Discovery/DNS/deepmagic.com-prefixes-top500.txt
2025-08-10 23:59:31,093 - INFO - 📋 Loaded 2280 words from Discovery/DNS/fierce-hostlist.txt
2025-08-10 23:59:31,114 - INFO - 📋 Loaded 151265 words from Discovery/DNS/namelist.txt
2025-08-10 23:59:31,115 - INFO - 📋 Final loaded: 3000 subdomains entries
2025-08-10 23:59:31,125 - INFO - 📋 Loaded 62281 words from Discovery/Web-Content/raft-large-directories.txt
2025-08-10 23:59:31,129 - INFO - 📋 Loaded 29999 words from Discovery/Web-Content/raft-medium-directories.txt
2025-08-10 23:59:31,130 - INFO - 📋 Loaded 2565 words from Discovery/Web-Content/quickhits.txt
2025-08-10 23:59:31,131 - INFO - 📋 Final loaded: 3000 directories entries
2025-08-10 23:59:31,135 - INFO - 📋 Loaded 37050 words from Discovery/Web-Content/raft-large-files.txt
2025-08-10 23:59:31,138 - INFO - 📋 Loaded 17129 words from Discovery/Web-Content/raft-medium-files.txt
2025-08-10 23:59:31,139 - INFO - 📋 Loaded 11424 words from Discovery/Web-Content/raft-small-files.txt
2025-08-10 23:59:31,140 - INFO - 📋 Loaded 4750 words from Discovery/Web-Content/common.txt
2025-08-10 23:59:31,140 - INFO - 📋 Loaded 43 words from Discovery/Web-Content/web-extensions.txt
2025-08-10 23:59:31,140 - INFO - 📋 Loaded 2565 words from Discovery/Web-Content/quickhits.txt
2025-08-10 23:59:31,141 - INFO - 📋 Final loaded: 3000 files entries
2025-08-10 23:59:31,142 - INFO - 📋 Loaded 6453 words from Discovery/Web-Content/burp-parameter-names.txt
2025-08-10 23:59:31,142 - INFO - 📋 Loaded 46 words from Discovery/Web-Content/web-mutations.txt
2025-08-10 23:59:31,143 - INFO - 📋 Loaded 881 words from Fuzzing/LFI/LFI-gracefulsecurity-linux.txt
2025-08-10 23:59:31,143 - INFO - 📋 Final loaded: 3000 parameters entries
2025-08-10 23:59:31,143 - INFO - 📋 Loaded 174 words from Discovery/Web-Content/common-api-endpoints-mazen160.txt
2025-08-10 23:59:31,143 - INFO - 📋 Loaded 102 words from Discovery/Web-Content/graphql.txt
2025-08-10 23:59:31,143 - INFO - 📋 Final loaded: 276 api_endpoints entries
2025-08-10 23:59:31,143 - INFO - 📋 Loaded 89 words from Discovery/Web-Content/Logins.fuzz.txt
2025-08-10 23:59:31,143 - INFO - 📋 Loaded 13 words from Discovery/Web-Content/default-web-root-directory-linux.txt
2025-08-10 23:59:31,143 - INFO - 📋 Loaded 3 words from Discovery/Web-Content/default-web-root-directory-windows.txt
2025-08-10 23:59:31,143 - INFO - 📋 Loaded 1578 words from Discovery/Web-Content/CMS/wordpress.fuzz.txt
2025-08-10 23:59:31,143 - INFO - 📋 Final loaded: 1679 admin_paths entries
2025-08-10 23:59:31,144 - INFO - 📋 Loaded 4750 words from Discovery/Web-Content/common.txt
2025-08-10 23:59:31,147 - INFO - 📋 Loaded 20478 words from Discovery/Web-Content/big.txt
2025-08-10 23:59:31,147 - INFO - 📋 Loaded 2565 words from Discovery/Web-Content/quickhits.txt
2025-08-10 23:59:31,148 - INFO - 📋 Final loaded: 3000 common entries
2025-08-10 23:59:31,155 - INFO - 📋 Loaded 56293 words from Discovery/Web-Content/raft-medium-words-lowercase.txt
2025-08-10 23:59:31,164 - INFO - 📋 Loaded 63088 words from Discovery/Web-Content/raft-medium-words.txt
2025-08-10 23:59:31,164 - INFO - 📋 Final loaded: 3000 web_content entries
2025-08-10 23:59:31,175 - INFO - ✅ SecListsManager initialization complete
2025-08-10 23:59:31,178 - INFO - ✅ WAFBypass initialization complete
2025-08-10 23:59:31,184 - INFO - 📚 Loaded XSS prediction model
2025-08-10 23:59:31,189 - INFO - 📚 Loaded vulnerability classification model
2025-08-10 23:59:31,189 - INFO - 📚 Loaded text vectorizer
2025-08-10 23:59:31,193 - INFO - ✅ MLEngine initialization complete
2025-08-10 23:59:31,196 - INFO - ✅ VulnerabilityScanner initialization complete
2025-08-10 23:59:31,201 - INFO - ✅ DiscoveryEngine initialization complete
2025-08-10 23:59:31,209 - INFO - ✅ TechnologyDetector initialization complete
2025-08-10 23:59:31,209 - INFO - 🔍 Performing initial proxy health check...
2025-08-10 23:59:31,213 - INFO - ✅ ProxyManager initialization complete
2025-08-10 23:59:31,218 - INFO - 📚 Loaded XSS prediction model
2025-08-10 23:59:31,223 - INFO - 📚 Loaded vulnerability classification model
2025-08-10 23:59:31,223 - INFO - 📚 Loaded text vectorizer
2025-08-10 23:59:31,229 - INFO - ✅ MLEngine initialization complete
2025-08-10 23:59:31,244 - INFO - ✅ Found Chrome: google-chrome
2025-08-10 23:59:31,248 - INFO - ✅ ScreenshotManager initialization complete
2025-08-10 23:59:31,251 - INFO - ✅ WAFBypass initialization complete
2025-08-10 23:59:31,255 - INFO - ✅ ReconnaissanceEngine initialization complete
2025-08-10 23:59:31,255 - INFO - ✅ All modules initialized using AssetManager mappings
2025-08-10 23:59:31,255 - INFO - 🎯 Starting Modular Progressive Vulnerability Scanner
2025-08-10 23:59:31,455 - INFO - 🔍 Performing proxy health check...
2025-08-10 23:59:41,724 - INFO - ✅ Proxy health check: 20/20 proxies healthy
2025-08-10 23:59:41,743 - INFO - 🔄 MODULAR SCAN CYCLE 1 - CPU: 0.0%
2025-08-10 23:59:41,746 - INFO - 🎯 Generating comprehensive targets for centene.com...
2025-08-10 23:59:41,748 - INFO - 🕵️ Starting advanced reconnaissance on 2 domains
2025-08-10 23:59:41,748 - INFO - 🔎 Basic profiling filled 0 assets
2025-08-10 23:59:57,136 - INFO - 📜 Generated 0 CT targets for centene.com
2025-08-10 23:59:57,136 - INFO - 🔍 SecListsManager initialized for intelligent wordlist management
2025-08-10 23:59:57,214 - INFO - 🔍 Found 4755 words from urls-joomla-3.0.3.txt for Joomla
2025-08-10 23:59:57,273 - INFO - 🎯 Selected 500 intelligent subdomains for centene.com (from 1 SecLists)
2025-08-10 23:59:57,273 - INFO - 🔍 Generated 6 subdomain targets for centene.com
2025-08-10 23:59:57,273 - INFO - 🔍 SecListsManager initialized for intelligent wordlist management
2025-08-10 23:59:57,326 - INFO - 🔍 Found 4755 words from urls-joomla-3.0.3.txt for Joomla
2025-08-10 23:59:57,405 - INFO - 🎯 Selected 500 intelligent directories for centene.com (from 4 SecLists)
2025-08-10 23:59:57,458 - INFO - 🔍 Found 4755 words from urls-joomla-3.0.3.txt for Joomla
2025-08-10 23:59:57,517 - INFO - 🎯 Selected 500 intelligent admin_paths for centene.com (from 2 SecLists)
2025-08-10 23:59:57,591 - INFO - 🔍 Found 4755 words from urls-joomla-3.0.3.txt for Joomla
2025-08-10 23:59:57,649 - INFO - 🎯 Selected 500 intelligent api_endpoints for centene.com (from 2 SecLists)
2025-08-10 23:59:57,722 - INFO - 🔍 Found 4755 words from urls-joomla-3.0.3.txt for Joomla
2025-08-10 23:59:57,782 - INFO - 🎯 Selected 500 intelligent files for centene.com (from 2 SecLists)
2025-08-10 23:59:57,835 - INFO - 🔍 Found 4755 words from urls-joomla-3.0.3.txt for Joomla
2025-08-10 23:59:57,913 - INFO - 🎯 Selected 500 intelligent common for centene.com (from 1 SecLists)
2025-08-10 23:59:57,966 - INFO - 🔍 Found 4755 words from urls-joomla-3.0.3.txt for Joomla
2025-08-10 23:59:58,025 - INFO - 🎯 Selected 500 intelligent web_content for centene.com (from 1 SecLists)
2025-08-10 23:59:58,025 - INFO - 🔍 Loaded 500 paths from SecLists for centene.com
2025-08-10 23:59:58,025 - INFO - 📂 Generated 1018 comprehensive directory targets for centene.com
2025-08-10 23:59:58,025 - INFO - 🔍 SecListsManager initialized for intelligent wordlist management
2025-08-10 23:59:58,100 - INFO - 🔍 Found 4755 words from urls-joomla-3.0.3.txt for Joomla
2025-08-10 23:59:58,158 - INFO - 🎯 Selected 200 intelligent parameters for centene.com (from 1 SecLists)
2025-08-10 23:59:58,159 - INFO - 🔗 Generated 62 parameter targets for centene.com
2025-08-10 23:59:58,412 - INFO - 🏢 Generated 2 ASN-based targets for centene.com
2025-08-10 23:59:58,601 - INFO - 🕵️ Generated 18 OSINT-based targets for centene.com
2025-08-10 23:59:58,601 - INFO - 🎯 Generating comprehensive targets for temu.com...
2025-08-11 00:00:04,788 - INFO - ✅ Advanced reconnaissance complete: 18 total discoveries
2025-08-11 00:00:04,800 - INFO - 🕵️ TIER 4: Advanced reconnaissance completed - {'total_domains': 2, 'techniques_used': ['dns_enumeration', 'port_scanning', 'certificate_transparency'], 'discoveries': {'subdomains': [], 'certificates': [], 'dns_records': ['A: Query attempted for centene.com', 'TXT: Query attempted for centene.com', 'MX: Query attempted for centene.com', 'A: temu.com -> 151.101.2.58', 'MX: Query attempted for temu.com', 'CNAME: Query attempted for centene.com', 'TXT: Query attempted for temu.com', 'A: Query attempted for temu.com', 'A: centene.com -> 204.145.115.210', 'AAAA: Query attempted for temu.com', 'AAAA: Query attempted for centene.com', 'NS: Query attempted for temu.com', 'CNAME: Query attempted for temu.com', 'NS: Query attempted for centene.com'], 'open_ports': ['204.145.115.210:80', '151.101.2.58:443', '151.101.2.58:80', '204.145.115.210:443'], 'historical_urls': [], 'technologies': []}, 'completed_at': '2025-08-10T23:59:41.748266'}
2025-08-11 00:00:14,136 - INFO - 📜 Generated 0 CT targets for temu.com
2025-08-11 00:00:14,136 - INFO - 🔍 SecListsManager initialized for intelligent wordlist management
2025-08-11 00:00:14,172 - INFO - 🔍 Found 42 words from laravel.txt for Laravel
2025-08-11 00:00:14,234 - INFO - 🔍 Found 41 words from nginx.txt for Nginx
2025-08-11 00:00:14,254 - INFO - 🎯 Selected 83 intelligent subdomains for temu.com (from 1 SecLists)
2025-08-11 00:00:14,254 - INFO - 🔍 Generated 4 subdomain targets for temu.com
2025-08-11 00:00:14,254 - INFO - 🔍 SecListsManager initialized for intelligent wordlist management
2025-08-11 00:00:14,289 - INFO - 🔍 Found 42 words from laravel.txt for Laravel
2025-08-11 00:00:14,323 - INFO - 🔍 Found 41 words from nginx.txt for Nginx
2025-08-11 00:00:14,343 - INFO - 🎯 Selected 83 intelligent directories for temu.com (from 3 SecLists)
2025-08-11 00:00:14,400 - INFO - 🔍 Found 42 words from laravel.txt for Laravel
2025-08-11 00:00:14,435 - INFO - 🔍 Found 41 words from nginx.txt for Nginx
2025-08-11 00:00:14,455 - INFO - 🎯 Selected 83 intelligent admin_paths for temu.com (from 2 SecLists)
2025-08-11 00:00:14,490 - INFO - 🔍 Found 42 words from laravel.txt for Laravel
2025-08-11 00:00:14,525 - INFO - 🔍 Found 41 words from nginx.txt for Nginx
2025-08-11 00:00:14,545 - INFO - 🎯 Selected 83 intelligent api_endpoints for temu.com (from 2 SecLists)
2025-08-11 00:00:14,609 - INFO - 🔍 Found 42 words from laravel.txt for Laravel
2025-08-11 00:00:14,643 - INFO - 🔍 Found 41 words from nginx.txt for Nginx
2025-08-11 00:00:14,663 - INFO - 🎯 Selected 83 intelligent files for temu.com (from 2 SecLists)
2025-08-11 00:00:14,697 - INFO - 🔍 Found 42 words from laravel.txt for Laravel
2025-08-11 00:00:14,753 - INFO - 🔍 Found 41 words from nginx.txt for Nginx
2025-08-11 00:00:14,774 - INFO - 🎯 Selected 83 intelligent common for temu.com (from 1 SecLists)
2025-08-11 00:00:14,808 - INFO - 🔍 Found 42 words from laravel.txt for Laravel
2025-08-11 00:00:14,841 - INFO - 🔍 Found 41 words from nginx.txt for Nginx
2025-08-11 00:00:14,861 - INFO - 🎯 Selected 83 intelligent web_content for temu.com (from 1 SecLists)
2025-08-11 00:00:14,861 - INFO - 🔍 Loaded 83 paths from SecLists for temu.com
2025-08-11 00:00:14,861 - INFO - 📂 Generated 196 comprehensive directory targets for temu.com
2025-08-11 00:00:14,861 - INFO - 🔍 SecListsManager initialized for intelligent wordlist management
2025-08-11 00:00:14,896 - INFO - 🔍 Found 42 words from laravel.txt for Laravel
2025-08-11 00:00:14,948 - INFO - 🔍 Found 41 words from nginx.txt for Nginx
2025-08-11 00:00:14,968 - INFO - 🎯 Selected 83 intelligent parameters for temu.com (from 1 SecLists)
2025-08-11 00:00:14,968 - INFO - 🔗 Generated 50 parameter targets for temu.com
2025-08-11 00:00:15,206 - INFO - 🏢 Generated 2 ASN-based targets for temu.com
2025-08-11 00:00:15,401 - INFO - 🕵️ Generated 18 OSINT-based targets for temu.com
2025-08-11 00:00:15,402 - INFO - 🚀 Generated 1378 comprehensive discovery targets
2025-08-11 00:00:15,402 - INFO - 🔍 TIER 1: Modular discovery of 1378 targets
2025-08-11 00:00:43,136 - INFO - ✅ Discovery batch: 1326/1378 targets discovered
2025-08-11 00:00:43,136 - INFO - ✅ TIER 1: Discovered 1326 new assets using DiscoveryEngine
2025-08-11 00:00:43,137 - INFO - 📊 MODULAR CYCLE 1 PROGRESS:
2025-08-11 00:00:43,137 - INFO -    Assets: 2567 discovered, 326 profiled, 10 scanned
2025-08-11 00:00:43,137 - INFO -    Proxies: 30/30 healthy
2025-08-11 00:00:43,137 - INFO -    ML: 0 predictions, 0.00 accuracy
2025-08-11 00:00:48,340 - INFO - 🔄 MODULAR SCAN CYCLE 2 - CPU: 0.6%
2025-08-11 00:00:48,344 - INFO - 🎯 Generating comprehensive targets for centene.com...
2025-08-11 00:00:48,345 - INFO - 🕵️ Starting advanced reconnaissance on 2 domains
2025-08-11 00:00:48,345 - INFO - 🔎 Basic profiling filled 0 assets
2025-08-11 00:01:04,137 - INFO - 📜 Generated 0 CT targets for centene.com
2025-08-11 00:01:04,137 - INFO - 🔍 SecListsManager initialized for intelligent wordlist management
2025-08-11 00:01:04,194 - INFO - 🔍 Found 4755 words from urls-joomla-3.0.3.txt for Joomla
2025-08-11 00:01:04,252 - INFO - 🎯 Selected 500 intelligent subdomains for centene.com (from 1 SecLists)
2025-08-11 00:01:04,252 - INFO - 🔍 Generated 0 subdomain targets for centene.com
2025-08-11 00:01:04,252 - INFO - 🔍 SecListsManager initialized for intelligent wordlist management
2025-08-11 00:01:04,336 - INFO - 🔍 Found 4755 words from urls-joomla-3.0.3.txt for Joomla
2025-08-11 00:01:04,394 - INFO - 🎯 Selected 500 intelligent directories for centene.com (from 4 SecLists)
2025-08-11 00:01:04,447 - INFO - 🔍 Found 4755 words from urls-joomla-3.0.3.txt for Joomla
2025-08-11 00:01:04,531 - INFO - 🎯 Selected 500 intelligent admin_paths for centene.com (from 2 SecLists)
2025-08-11 00:01:04,583 - INFO - 🔍 Found 4755 words from urls-joomla-3.0.3.txt for Joomla
2025-08-11 00:01:04,663 - INFO - 🎯 Selected 500 intelligent api_endpoints for centene.com (from 2 SecLists)
2025-08-11 00:01:04,716 - INFO - 🔍 Found 4755 words from urls-joomla-3.0.3.txt for Joomla
2025-08-11 00:01:04,774 - INFO - 🎯 Selected 500 intelligent files for centene.com (from 2 SecLists)
2025-08-11 00:01:04,855 - INFO - 🔍 Found 4755 words from urls-joomla-3.0.3.txt for Joomla
2025-08-11 00:01:04,915 - INFO - 🎯 Selected 500 intelligent common for centene.com (from 1 SecLists)
2025-08-11 00:01:04,970 - INFO - 🔍 Found 4755 words from urls-joomla-3.0.3.txt for Joomla
2025-08-11 00:01:05,066 - INFO - 🎯 Selected 500 intelligent web_content for centene.com (from 1 SecLists)
2025-08-11 00:01:05,067 - INFO - 🔍 Loaded 500 paths from SecLists for centene.com
2025-08-11 00:01:05,067 - INFO - 📂 Generated 0 comprehensive directory targets for centene.com
2025-08-11 00:01:05,068 - INFO - 🔍 SecListsManager initialized for intelligent wordlist management
2025-08-11 00:01:05,121 - INFO - 🔍 Found 4755 words from urls-joomla-3.0.3.txt for Joomla
2025-08-11 00:01:05,215 - INFO - 🎯 Selected 200 intelligent parameters for centene.com (from 1 SecLists)
2025-08-11 00:01:05,216 - INFO - 🔗 Generated 0 parameter targets for centene.com
2025-08-11 00:01:05,462 - INFO - 🏢 Generated 0 ASN-based targets for centene.com
2025-08-11 00:01:05,639 - INFO - 🕵️ Generated 0 OSINT-based targets for centene.com
2025-08-11 00:01:05,639 - INFO - 🎯 Generating comprehensive targets for temu.com...
2025-08-11 00:01:21,136 - INFO - 📜 Generated 0 CT targets for temu.com
2025-08-11 00:01:21,136 - INFO - 🔍 SecListsManager initialized for intelligent wordlist management
2025-08-11 00:01:21,173 - INFO - 🔍 Found 42 words from laravel.txt for Laravel
2025-08-11 00:01:21,206 - INFO - 🔍 Found 41 words from nginx.txt for Nginx
2025-08-11 00:01:21,226 - INFO - 🎯 Selected 83 intelligent subdomains for temu.com (from 1 SecLists)
2025-08-11 00:01:21,226 - INFO - 🔍 Generated 0 subdomain targets for temu.com
2025-08-11 00:01:21,227 - INFO - 🔍 SecListsManager initialized for intelligent wordlist management
2025-08-11 00:01:21,262 - INFO - 🔍 Found 42 words from laravel.txt for Laravel
2025-08-11 00:01:21,323 - INFO - 🔍 Found 41 words from nginx.txt for Nginx
2025-08-11 00:01:21,343 - INFO - 🎯 Selected 83 intelligent directories for temu.com (from 3 SecLists)
2025-08-11 00:01:21,377 - INFO - 🔍 Found 42 words from laravel.txt for Laravel
2025-08-11 00:01:21,411 - INFO - 🔍 Found 41 words from nginx.txt for Nginx
2025-08-11 00:01:21,431 - INFO - 🎯 Selected 83 intelligent admin_paths for temu.com (from 2 SecLists)
2025-08-11 00:01:21,484 - INFO - 🔍 Found 42 words from laravel.txt for Laravel
2025-08-11 00:01:21,518 - INFO - 🔍 Found 41 words from nginx.txt for Nginx
2025-08-11 00:01:21,538 - INFO - 🎯 Selected 83 intelligent api_endpoints for temu.com (from 2 SecLists)
2025-08-11 00:01:21,572 - INFO - 🔍 Found 42 words from laravel.txt for Laravel
2025-08-11 00:01:21,606 - INFO - 🔍 Found 41 words from nginx.txt for Nginx
2025-08-11 00:01:21,626 - INFO - 🎯 Selected 83 intelligent files for temu.com (from 2 SecLists)
2025-08-11 00:01:21,681 - INFO - 🔍 Found 42 words from laravel.txt for Laravel
2025-08-11 00:01:21,715 - INFO - 🔍 Found 41 words from nginx.txt for Nginx
2025-08-11 00:01:21,735 - INFO - 🎯 Selected 83 intelligent common for temu.com (from 1 SecLists)
2025-08-11 00:01:21,768 - INFO - 🔍 Found 42 words from laravel.txt for Laravel
2025-08-11 00:01:21,825 - INFO - 🔍 Found 41 words from nginx.txt for Nginx
2025-08-11 00:01:21,845 - INFO - 🎯 Selected 83 intelligent web_content for temu.com (from 1 SecLists)
2025-08-11 00:01:21,845 - INFO - 🔍 Loaded 83 paths from SecLists for temu.com
2025-08-11 00:01:21,846 - INFO - 📂 Generated 0 comprehensive directory targets for temu.com
2025-08-11 00:01:21,846 - INFO - 🔍 SecListsManager initialized for intelligent wordlist management
2025-08-11 00:01:21,880 - INFO - 🔍 Found 42 words from laravel.txt for Laravel
2025-08-11 00:01:21,913 - INFO - 🔍 Found 41 words from nginx.txt for Nginx
2025-08-11 00:01:21,933 - INFO - 🎯 Selected 83 intelligent parameters for temu.com (from 1 SecLists)
2025-08-11 00:01:21,933 - INFO - 🔗 Generated 0 parameter targets for temu.com
2025-08-11 00:01:21,961 - INFO - ✅ Advanced reconnaissance complete: 18 total discoveries
2025-08-11 00:01:21,965 - INFO - 🕵️ TIER 4: Advanced reconnaissance completed - {'total_domains': 2, 'techniques_used': ['dns_enumeration', 'port_scanning', 'certificate_transparency'], 'discoveries': {'subdomains': [], 'certificates': [], 'dns_records': ['A: Query attempted for centene.com', 'TXT: Query attempted for centene.com', 'MX: Query attempted for centene.com', 'A: temu.com -> 151.101.2.58', 'MX: Query attempted for temu.com', 'CNAME: Query attempted for centene.com', 'TXT: Query attempted for temu.com', 'A: Query attempted for temu.com', 'A: centene.com -> 204.145.115.210', 'AAAA: Query attempted for temu.com', 'AAAA: Query attempted for centene.com', 'NS: Query attempted for temu.com', 'CNAME: Query attempted for temu.com', 'NS: Query attempted for centene.com'], 'open_ports': ['204.145.115.210:80', '151.101.2.58:443', '151.101.2.58:80', '204.145.115.210:443'], 'historical_urls': [], 'technologies': []}, 'completed_at': '2025-08-11T00:00:48.345922'}
2025-08-11 00:01:22,159 - INFO - 🏢 Generated 0 ASN-based targets for temu.com
2025-08-11 00:01:22,360 - INFO - 🕵️ Generated 0 OSINT-based targets for temu.com
2025-08-11 00:01:22,360 - INFO - 🚀 Generated 0 comprehensive discovery targets
2025-08-11 00:01:22,360 - INFO - 📊 MODULAR CYCLE 2 PROGRESS:
2025-08-11 00:01:22,360 - INFO -    Assets: 2567 discovered, 326 profiled, 10 scanned
2025-08-11 00:01:22,360 - INFO -    Proxies: 30/30 healthy
2025-08-11 00:01:22,360 - INFO -    ML: 0 predictions, 0.00 accuracy
2025-08-11 00:01:27,563 - INFO - 🔄 MODULAR SCAN CYCLE 3 - CPU: 0.0%
2025-08-11 00:01:27,567 - INFO - 🎯 Generating comprehensive targets for centene.com...
2025-08-11 00:01:27,568 - INFO - 🕵️ Starting advanced reconnaissance on 2 domains
2025-08-11 00:01:27,568 - INFO - 🔎 Basic profiling filled 0 assets
2025-08-11 00:01:43,137 - INFO - 📜 Generated 0 CT targets for centene.com
2025-08-11 00:01:43,137 - INFO - 🔍 SecListsManager initialized for intelligent wordlist management
2025-08-11 00:01:43,218 - INFO - 🔍 Found 4755 words from urls-joomla-3.0.3.txt for Joomla
2025-08-11 00:01:43,277 - INFO - 🎯 Selected 500 intelligent subdomains for centene.com (from 1 SecLists)
2025-08-11 00:01:43,277 - INFO - 🔍 Generated 0 subdomain targets for centene.com
2025-08-11 00:01:43,277 - INFO - 🔍 SecListsManager initialized for intelligent wordlist management
2025-08-11 00:01:43,331 - INFO - 🔍 Found 4755 words from urls-joomla-3.0.3.txt for Joomla
2025-08-11 00:01:43,415 - INFO - 🎯 Selected 500 intelligent directories for centene.com (from 4 SecLists)
2025-08-11 00:01:43,468 - INFO - 🔍 Found 4755 words from urls-joomla-3.0.3.txt for Joomla
2025-08-11 00:01:43,546 - INFO - 🎯 Selected 500 intelligent admin_paths for centene.com (from 2 SecLists)
2025-08-11 00:01:43,600 - INFO - 🔍 Found 4755 words from urls-joomla-3.0.3.txt for Joomla
2025-08-11 00:01:43,659 - INFO - 🎯 Selected 500 intelligent api_endpoints for centene.com (from 2 SecLists)
2025-08-11 00:01:43,733 - INFO - 🔍 Found 4755 words from urls-joomla-3.0.3.txt for Joomla
2025-08-11 00:01:43,792 - INFO - 🎯 Selected 500 intelligent files for centene.com (from 2 SecLists)
2025-08-11 00:01:43,846 - INFO - 🔍 Found 4755 words from urls-joomla-3.0.3.txt for Joomla
2025-08-11 00:01:43,925 - INFO - 🎯 Selected 500 intelligent common for centene.com (from 1 SecLists)
2025-08-11 00:01:43,978 - INFO - 🔍 Found 4755 words from urls-joomla-3.0.3.txt for Joomla
2025-08-11 00:01:44,037 - INFO - 🎯 Selected 500 intelligent web_content for centene.com (from 1 SecLists)
2025-08-11 00:01:44,038 - INFO - 🔍 Loaded 500 paths from SecLists for centene.com
2025-08-11 00:01:44,038 - INFO - 📂 Generated 0 comprehensive directory targets for centene.com
2025-08-11 00:01:44,039 - INFO - 🔍 SecListsManager initialized for intelligent wordlist management
2025-08-11 00:01:44,125 - INFO - 🔍 Found 4755 words from urls-joomla-3.0.3.txt for Joomla
2025-08-11 00:01:44,185 - INFO - 🎯 Selected 200 intelligent parameters for centene.com (from 1 SecLists)
2025-08-11 00:01:44,185 - INFO - 🔗 Generated 0 parameter targets for centene.com
2025-08-11 00:01:44,444 - INFO - 🏢 Generated 0 ASN-based targets for centene.com
2025-08-11 00:01:44,636 - INFO - 🕵️ Generated 0 OSINT-based targets for centene.com
2025-08-11 00:01:44,636 - INFO - 🎯 Generating comprehensive targets for temu.com...
2025-08-11 00:02:00,138 - INFO - 📜 Generated 0 CT targets for temu.com
2025-08-11 00:02:00,139 - INFO - 🔍 SecListsManager initialized for intelligent wordlist management
2025-08-11 00:02:00,175 - INFO - 🔍 Found 42 words from laravel.txt for Laravel
2025-08-11 00:02:00,234 - INFO - 🔍 Found 41 words from nginx.txt for Nginx
2025-08-11 00:02:00,254 - INFO - 🎯 Selected 83 intelligent subdomains for temu.com (from 1 SecLists)
2025-08-11 00:02:00,254 - INFO - 🔍 Generated 0 subdomain targets for temu.com
2025-08-11 00:02:00,254 - INFO - 🔍 SecListsManager initialized for intelligent wordlist management
2025-08-11 00:02:00,288 - INFO - 🔍 Found 42 words from laravel.txt for Laravel
2025-08-11 00:02:00,321 - INFO - 🔍 Found 41 words from nginx.txt for Nginx
2025-08-11 00:02:00,341 - INFO - 🎯 Selected 83 intelligent directories for temu.com (from 3 SecLists)
2025-08-11 00:02:00,397 - INFO - 🔍 Found 42 words from laravel.txt for Laravel
2025-08-11 00:02:00,430 - INFO - 🔍 Found 41 words from nginx.txt for Nginx
2025-08-11 00:02:00,450 - INFO - 🎯 Selected 83 intelligent admin_paths for temu.com (from 2 SecLists)
2025-08-11 00:02:00,484 - INFO - 🔍 Found 42 words from laravel.txt for Laravel
2025-08-11 00:02:00,518 - INFO - 🔍 Found 41 words from nginx.txt for Nginx
2025-08-11 00:02:00,556 - INFO - 🎯 Selected 83 intelligent api_endpoints for temu.com (from 2 SecLists)
2025-08-11 00:02:00,590 - INFO - 🔍 Found 42 words from laravel.txt for Laravel
2025-08-11 00:02:00,624 - INFO - 🔍 Found 41 words from nginx.txt for Nginx
2025-08-11 00:02:00,644 - INFO - 🎯 Selected 83 intelligent files for temu.com (from 2 SecLists)
2025-08-11 00:02:00,679 - INFO - 🔍 Found 42 words from laravel.txt for Laravel
2025-08-11 00:02:00,735 - INFO - 🔍 Found 41 words from nginx.txt for Nginx
2025-08-11 00:02:00,755 - INFO - 🎯 Selected 83 intelligent common for temu.com (from 1 SecLists)
2025-08-11 00:02:00,789 - INFO - 🔍 Found 42 words from laravel.txt for Laravel
2025-08-11 00:02:00,823 - INFO - 🔍 Found 41 words from nginx.txt for Nginx
2025-08-11 00:02:00,842 - INFO - 🎯 Selected 83 intelligent web_content for temu.com (from 1 SecLists)
2025-08-11 00:02:00,842 - INFO - 🔍 Loaded 83 paths from SecLists for temu.com
2025-08-11 00:02:00,843 - INFO - 📂 Generated 0 comprehensive directory targets for temu.com
2025-08-11 00:02:00,843 - INFO - 🔍 SecListsManager initialized for intelligent wordlist management
2025-08-11 00:02:00,895 - INFO - 🔍 Found 42 words from laravel.txt for Laravel
2025-08-11 00:02:00,929 - INFO - 🔍 Found 41 words from nginx.txt for Nginx
2025-08-11 00:02:00,949 - INFO - 🎯 Selected 83 intelligent parameters for temu.com (from 1 SecLists)
2025-08-11 00:02:00,949 - INFO - 🔗 Generated 0 parameter targets for temu.com
2025-08-11 00:02:01,198 - INFO - 🏢 Generated 0 ASN-based targets for temu.com
2025-08-11 00:02:01,401 - INFO - 🕵️ Generated 0 OSINT-based targets for temu.com
2025-08-11 00:02:01,401 - INFO - 🚀 Generated 0 comprehensive discovery targets
2025-08-11 00:02:02,212 - INFO - ✅ Advanced reconnaissance complete: 18 total discoveries
2025-08-11 00:02:02,216 - INFO - 🕵️ TIER 4: Advanced reconnaissance completed - {'total_domains': 2, 'techniques_used': ['dns_enumeration', 'port_scanning', 'certificate_transparency'], 'discoveries': {'subdomains': [], 'certificates': [], 'dns_records': ['A: Query attempted for centene.com', 'TXT: Query attempted for centene.com', 'MX: Query attempted for centene.com', 'A: temu.com -> 151.101.2.58', 'MX: Query attempted for temu.com', 'CNAME: Query attempted for centene.com', 'TXT: Query attempted for temu.com', 'A: Query attempted for temu.com', 'A: centene.com -> 204.145.115.210', 'AAAA: Query attempted for temu.com', 'AAAA: Query attempted for centene.com', 'NS: Query attempted for temu.com', 'CNAME: Query attempted for temu.com', 'NS: Query attempted for centene.com'], 'open_ports': ['204.145.115.210:80', '151.101.2.58:443', '151.101.2.58:80', '204.145.115.210:443'], 'historical_urls': [], 'technologies': []}, 'completed_at': '2025-08-11T00:01:27.568294'}
2025-08-11 00:02:02,216 - INFO - 📊 MODULAR CYCLE 3 PROGRESS:
2025-08-11 00:02:02,216 - INFO -    Assets: 2567 discovered, 326 profiled, 10 scanned
2025-08-11 00:02:02,216 - INFO -    Proxies: 30/30 healthy
2025-08-11 00:02:02,216 - INFO -    ML: 0 predictions, 0.00 accuracy
2025-08-11 00:02:07,418 - INFO - 🔄 MODULAR SCAN CYCLE 4 - CPU: 0.0%
2025-08-11 00:02:07,430 - INFO - 🎯 Generating comprehensive targets for centene.com...
2025-08-11 00:02:07,431 - INFO - 🕵️ Starting advanced reconnaissance on 2 domains
2025-08-11 00:02:07,431 - INFO - 🔎 Basic profiling filled 0 assets
2025-08-11 00:02:23,135 - INFO - 📜 Generated 0 CT targets for centene.com
2025-08-11 00:02:23,135 - INFO - 🔍 SecListsManager initialized for intelligent wordlist management
2025-08-11 00:02:23,190 - INFO - 🔍 Found 4755 words from urls-joomla-3.0.3.txt for Joomla
2025-08-11 00:02:23,272 - INFO - 🎯 Selected 500 intelligent subdomains for centene.com (from 1 SecLists)
2025-08-11 00:02:23,272 - INFO - 🔍 Generated 0 subdomain targets for centene.com
2025-08-11 00:02:23,272 - INFO - 🔍 SecListsManager initialized for intelligent wordlist management
2025-08-11 00:02:23,325 - INFO - 🔍 Found 4755 words from urls-joomla-3.0.3.txt for Joomla
2025-08-11 00:02:23,385 - INFO - 🎯 Selected 500 intelligent directories for centene.com (from 4 SecLists)
2025-08-11 00:02:23,460 - INFO - 🔍 Found 4755 words from urls-joomla-3.0.3.txt for Joomla
2025-08-11 00:02:23,519 - INFO - 🎯 Selected 500 intelligent admin_paths for centene.com (from 2 SecLists)
2025-08-11 00:02:23,592 - INFO - 🔍 Found 4755 words from urls-joomla-3.0.3.txt for Joomla
2025-08-11 00:02:23,651 - INFO - 🎯 Selected 500 intelligent api_endpoints for centene.com (from 2 SecLists)
2025-08-11 00:02:23,705 - INFO - 🔍 Found 4755 words from urls-joomla-3.0.3.txt for Joomla
2025-08-11 00:02:23,785 - INFO - 🎯 Selected 500 intelligent files for centene.com (from 2 SecLists)
2025-08-11 00:02:23,838 - INFO - 🔍 Found 4755 words from urls-joomla-3.0.3.txt for Joomla
2025-08-11 00:02:23,896 - INFO - 🎯 Selected 500 intelligent common for centene.com (from 1 SecLists)
2025-08-11 00:02:23,969 - INFO - 🔍 Found 4755 words from urls-joomla-3.0.3.txt for Joomla
2025-08-11 00:02:24,027 - INFO - 🎯 Selected 500 intelligent web_content for centene.com (from 1 SecLists)
2025-08-11 00:02:24,027 - INFO - 🔍 Loaded 500 paths from SecLists for centene.com
2025-08-11 00:02:24,028 - INFO - 📂 Generated 0 comprehensive directory targets for centene.com
2025-08-11 00:02:24,028 - INFO - 🔍 SecListsManager initialized for intelligent wordlist management
2025-08-11 00:02:24,082 - INFO - 🔍 Found 4755 words from urls-joomla-3.0.3.txt for Joomla
2025-08-11 00:02:24,158 - INFO - 🎯 Selected 200 intelligent parameters for centene.com (from 1 SecLists)
2025-08-11 00:02:24,159 - INFO - 🔗 Generated 0 parameter targets for centene.com
2025-08-11 00:02:24,405 - INFO - 🏢 Generated 0 ASN-based targets for centene.com
2025-08-11 00:02:24,642 - INFO - 🕵️ Generated 0 OSINT-based targets for centene.com
2025-08-11 00:02:24,642 - INFO - 🎯 Generating comprehensive targets for temu.com...
2025-08-11 00:02:37,149 - INFO - ✅ Advanced reconnaissance complete: 18 total discoveries
2025-08-11 00:02:37,153 - INFO - 🕵️ TIER 4: Advanced reconnaissance completed - {'total_domains': 2, 'techniques_used': ['dns_enumeration', 'port_scanning', 'certificate_transparency'], 'discoveries': {'subdomains': [], 'certificates': [], 'dns_records': ['A: Query attempted for centene.com', 'TXT: Query attempted for centene.com', 'MX: Query attempted for centene.com', 'A: temu.com -> 151.101.66.58', 'MX: Query attempted for temu.com', 'CNAME: Query attempted for centene.com', 'TXT: Query attempted for temu.com', 'A: Query attempted for temu.com', 'A: centene.com -> 204.145.115.210', 'AAAA: Query attempted for temu.com', 'AAAA: Query attempted for centene.com', 'NS: Query attempted for temu.com', 'CNAME: Query attempted for temu.com', 'NS: Query attempted for centene.com'], 'open_ports': ['204.145.115.210:80', '151.101.2.58:443', '151.101.2.58:80', '204.145.115.210:443'], 'historical_urls': [], 'technologies': []}, 'completed_at': '2025-08-11T00:02:07.431832'}
2025-08-11 00:02:40,136 - INFO - 📜 Generated 0 CT targets for temu.com
2025-08-11 00:02:40,136 - INFO - 🔍 SecListsManager initialized for intelligent wordlist management
2025-08-11 00:02:40,172 - INFO - 🔍 Found 42 words from laravel.txt for Laravel
2025-08-11 00:02:40,205 - INFO - 🔍 Found 41 words from nginx.txt for Nginx
2025-08-11 00:02:40,225 - INFO - 🎯 Selected 83 intelligent subdomains for temu.com (from 1 SecLists)
2025-08-11 00:02:40,225 - INFO - 🔍 Generated 0 subdomain targets for temu.com
2025-08-11 00:02:40,225 - INFO - 🔍 SecListsManager initialized for intelligent wordlist management
2025-08-11 00:02:40,283 - INFO - 🔍 Found 42 words from laravel.txt for Laravel
2025-08-11 00:02:40,317 - INFO - 🔍 Found 41 words from nginx.txt for Nginx
2025-08-11 00:02:40,336 - INFO - 🎯 Selected 83 intelligent directories for temu.com (from 3 SecLists)
2025-08-11 00:02:40,370 - INFO - 🔍 Found 42 words from laravel.txt for Laravel
2025-08-11 00:02:40,404 - INFO - 🔍 Found 41 words from nginx.txt for Nginx
2025-08-11 00:02:40,443 - INFO - 🎯 Selected 83 intelligent admin_paths for temu.com (from 2 SecLists)
2025-08-11 00:02:40,477 - INFO - 🔍 Found 42 words from laravel.txt for Laravel
2025-08-11 00:02:40,510 - INFO - 🔍 Found 41 words from nginx.txt for Nginx
2025-08-11 00:02:40,530 - INFO - 🎯 Selected 83 intelligent api_endpoints for temu.com (from 2 SecLists)
2025-08-11 00:02:40,564 - INFO - 🔍 Found 42 words from laravel.txt for Laravel
2025-08-11 00:02:40,617 - INFO - 🔍 Found 41 words from nginx.txt for Nginx
2025-08-11 00:02:40,637 - INFO - 🎯 Selected 83 intelligent files for temu.com (from 2 SecLists)
2025-08-11 00:02:40,671 - INFO - 🔍 Found 42 words from laravel.txt for Laravel
2025-08-11 00:02:40,705 - INFO - 🔍 Found 41 words from nginx.txt for Nginx
2025-08-11 00:02:40,725 - INFO - 🎯 Selected 83 intelligent common for temu.com (from 1 SecLists)
2025-08-11 00:02:40,778 - INFO - 🔍 Found 42 words from laravel.txt for Laravel
2025-08-11 00:02:40,812 - INFO - 🔍 Found 41 words from nginx.txt for Nginx
2025-08-11 00:02:40,832 - INFO - 🎯 Selected 83 intelligent web_content for temu.com (from 1 SecLists)
2025-08-11 00:02:40,832 - INFO - 🔍 Loaded 83 paths from SecLists for temu.com
2025-08-11 00:02:40,832 - INFO - 📂 Generated 0 comprehensive directory targets for temu.com
2025-08-11 00:02:40,832 - INFO - 🔍 SecListsManager initialized for intelligent wordlist management
2025-08-11 00:02:40,866 - INFO - 🔍 Found 42 words from laravel.txt for Laravel
2025-08-11 00:02:40,900 - INFO - 🔍 Found 41 words from nginx.txt for Nginx
2025-08-11 00:02:40,940 - INFO - 🎯 Selected 83 intelligent parameters for temu.com (from 1 SecLists)
2025-08-11 00:02:40,940 - INFO - 🔗 Generated 0 parameter targets for temu.com
2025-08-11 00:02:41,167 - INFO - 🏢 Generated 0 ASN-based targets for temu.com
2025-08-11 00:02:41,385 - INFO - 🕵️ Generated 0 OSINT-based targets for temu.com
2025-08-11 00:02:41,385 - INFO - 🚀 Generated 0 comprehensive discovery targets
2025-08-11 00:02:41,386 - INFO - 📊 MODULAR CYCLE 4 PROGRESS:
2025-08-11 00:02:41,386 - INFO -    Assets: 2567 discovered, 326 profiled, 10 scanned
2025-08-11 00:02:41,386 - INFO -    Proxies: 30/30 healthy
2025-08-11 00:02:41,386 - INFO -    ML: 0 predictions, 0.00 accuracy
2025-08-11 00:02:46,590 - INFO - 🔄 MODULAR SCAN CYCLE 5 - CPU: 0.0%
2025-08-11 00:02:46,594 - INFO - 🎯 Generating comprehensive targets for centene.com...
2025-08-11 00:02:46,595 - INFO - 🕵️ Starting advanced reconnaissance on 2 domains
2025-08-11 00:02:46,595 - INFO - 🔎 Basic profiling filled 0 assets
2025-08-11 00:03:02,137 - INFO - 📜 Generated 0 CT targets for centene.com
2025-08-11 00:03:02,137 - INFO - 🔍 SecListsManager initialized for intelligent wordlist management
2025-08-11 00:03:02,193 - INFO - 🔍 Found 4755 words from urls-joomla-3.0.3.txt for Joomla
2025-08-11 00:03:02,252 - INFO - 🎯 Selected 500 intelligent subdomains for centene.com (from 1 SecLists)
2025-08-11 00:03:02,252 - INFO - 🔍 Generated 0 subdomain targets for centene.com
2025-08-11 00:03:02,252 - INFO - 🔍 SecListsManager initialized for intelligent wordlist management
2025-08-11 00:03:02,329 - INFO - 🔍 Found 4755 words from urls-joomla-3.0.3.txt for Joomla
2025-08-11 00:03:02,387 - INFO - 🎯 Selected 500 intelligent directories for centene.com (from 4 SecLists)
2025-08-11 00:03:02,440 - INFO - 🔍 Found 4755 words from urls-joomla-3.0.3.txt for Joomla
2025-08-11 00:03:02,517 - INFO - 🎯 Selected 500 intelligent admin_paths for centene.com (from 2 SecLists)
2025-08-11 00:03:02,571 - INFO - 🔍 Found 4755 words from urls-joomla-3.0.3.txt for Joomla
2025-08-11 00:03:02,649 - INFO - 🎯 Selected 500 intelligent api_endpoints for centene.com (from 2 SecLists)
2025-08-11 00:03:02,702 - INFO - 🔍 Found 4755 words from urls-joomla-3.0.3.txt for Joomla
2025-08-11 00:03:02,761 - INFO - 🎯 Selected 500 intelligent files for centene.com (from 2 SecLists)
2025-08-11 00:03:02,835 - INFO - 🔍 Found 4755 words from urls-joomla-3.0.3.txt for Joomla
2025-08-11 00:03:02,893 - INFO - 🎯 Selected 500 intelligent common for centene.com (from 1 SecLists)
2025-08-11 00:03:02,947 - INFO - 🔍 Found 4755 words from urls-joomla-3.0.3.txt for Joomla
2025-08-11 00:03:03,025 - INFO - 🎯 Selected 500 intelligent web_content for centene.com (from 1 SecLists)
2025-08-11 00:03:03,025 - INFO - 🔍 Loaded 500 paths from SecLists for centene.com
2025-08-11 00:03:03,026 - INFO - 📂 Generated 0 comprehensive directory targets for centene.com
2025-08-11 00:03:03,026 - INFO - 🔍 SecListsManager initialized for intelligent wordlist management
2025-08-11 00:03:03,080 - INFO - 🔍 Found 4755 words from urls-joomla-3.0.3.txt for Joomla
2025-08-11 00:03:03,138 - INFO - 🎯 Selected 200 intelligent parameters for centene.com (from 1 SecLists)
2025-08-11 00:03:03,138 - INFO - 🔗 Generated 0 parameter targets for centene.com
2025-08-11 00:03:03,444 - INFO - 🏢 Generated 0 ASN-based targets for centene.com
2025-08-11 00:03:03,647 - INFO - 🕵️ Generated 0 OSINT-based targets for centene.com
2025-08-11 00:03:03,647 - INFO - 🎯 Generating comprehensive targets for temu.com...
2025-08-11 00:03:19,137 - INFO - 📜 Generated 0 CT targets for temu.com
2025-08-11 00:03:19,137 - INFO - 🔍 SecListsManager initialized for intelligent wordlist management
2025-08-11 00:03:19,195 - INFO - 🔍 Found 42 words from laravel.txt for Laravel
2025-08-11 00:03:19,229 - INFO - 🔍 Found 41 words from nginx.txt for Nginx
2025-08-11 00:03:19,249 - INFO - 🎯 Selected 83 intelligent subdomains for temu.com (from 1 SecLists)
2025-08-11 00:03:19,249 - INFO - 🔍 Generated 0 subdomain targets for temu.com
2025-08-11 00:03:19,249 - INFO - 🔍 SecListsManager initialized for intelligent wordlist management
2025-08-11 00:03:19,283 - INFO - 🔍 Found 42 words from laravel.txt for Laravel
2025-08-11 00:03:19,337 - INFO - 🔍 Found 41 words from nginx.txt for Nginx
2025-08-11 00:03:19,358 - INFO - 🎯 Selected 83 intelligent directories for temu.com (from 3 SecLists)
2025-08-11 00:03:19,393 - INFO - 🔍 Found 42 words from laravel.txt for Laravel
2025-08-11 00:03:19,426 - INFO - 🔍 Found 41 words from nginx.txt for Nginx
2025-08-11 00:03:19,446 - INFO - 🎯 Selected 83 intelligent admin_paths for temu.com (from 2 SecLists)
2025-08-11 00:03:19,480 - INFO - 🔍 Found 42 words from laravel.txt for Laravel
2025-08-11 00:03:19,544 - INFO - 🔍 Found 41 words from nginx.txt for Nginx
2025-08-11 00:03:19,564 - INFO - 🎯 Selected 83 intelligent api_endpoints for temu.com (from 2 SecLists)
2025-08-11 00:03:19,598 - INFO - 🔍 Found 42 words from laravel.txt for Laravel
2025-08-11 00:03:19,632 - INFO - 🔍 Found 41 words from nginx.txt for Nginx
2025-08-11 00:03:19,651 - INFO - 🎯 Selected 83 intelligent files for temu.com (from 2 SecLists)
2025-08-11 00:03:19,708 - INFO - 🔍 Found 42 words from laravel.txt for Laravel
2025-08-11 00:03:19,742 - INFO - 🔍 Found 41 words from nginx.txt for Nginx
2025-08-11 00:03:19,762 - INFO - 🎯 Selected 83 intelligent common for temu.com (from 1 SecLists)
2025-08-11 00:03:19,796 - INFO - 🔍 Found 42 words from laravel.txt for Laravel
2025-08-11 00:03:19,830 - INFO - 🔍 Found 41 words from nginx.txt for Nginx
2025-08-11 00:03:19,867 - INFO - 🎯 Selected 83 intelligent web_content for temu.com (from 1 SecLists)
2025-08-11 00:03:19,867 - INFO - 🔍 Loaded 83 paths from SecLists for temu.com
2025-08-11 00:03:19,868 - INFO - 📂 Generated 0 comprehensive directory targets for temu.com
2025-08-11 00:03:19,868 - INFO - 🔍 SecListsManager initialized for intelligent wordlist management
2025-08-11 00:03:19,902 - INFO - 🔍 Found 42 words from laravel.txt for Laravel
2025-08-11 00:03:19,936 - INFO - 🔍 Found 41 words from nginx.txt for Nginx
2025-08-11 00:03:19,956 - INFO - 🎯 Selected 83 intelligent parameters for temu.com (from 1 SecLists)
2025-08-11 00:03:19,956 - INFO - 🔗 Generated 0 parameter targets for temu.com
2025-08-11 00:03:20,193 - INFO - 🏢 Generated 0 ASN-based targets for temu.com
2025-08-11 00:03:20,416 - INFO - 🕵️ Generated 0 OSINT-based targets for temu.com
2025-08-11 00:03:20,417 - INFO - 🚀 Generated 0 comprehensive discovery targets
