2025-08-11 00:33:22,743 - INFO - 🔍 SecListsManager initialized for intelligent wordlist management
2025-08-11 00:33:22,743 - INFO - 🛡️ WAFBypass initialized with AssetManager integration
2025-08-11 00:33:22,743 - INFO - 🤖 MLEngine initialized with AssetManager integration
2025-08-11 00:33:22,743 - INFO - 🚨 VulnerabilityScanner initialized with AssetManager integration
2025-08-11 00:33:22,743 - INFO - 🔗 ProxyManager initialized with 30 proxies
2025-08-11 00:33:22,743 - INFO - 🔍 DiscoveryEngine initialized with AssetManager integration
2025-08-11 00:33:22,743 - INFO - 🔬 TechnologyDetector initialized with AssetManager integration
2025-08-11 00:33:22,744 - INFO - 🤖 MLEngine initialized with AssetManager integration
2025-08-11 00:33:22,744 - INFO - 📸 ScreenshotManager initialized with AssetManager integration
2025-08-11 00:33:22,744 - INFO - 🛡️ WAFBypass initialized with AssetManager integration
2025-08-11 00:33:22,744 - INFO - 🕵️ ReconnaissanceEngine initialized with AssetManager integration
2025-08-11 00:33:22,744 - INFO - 🚀 Modular Scanner initialized - all modules using AssetManager field mappings
2025-08-11 00:33:22,744 - INFO - ✅ SecLists already available
2025-08-11 00:33:22,747 - INFO - 📋 Loaded 19964 words from Discovery/DNS/subdomains-top1million-20000.txt
2025-08-11 00:33:22,747 - INFO - 📋 Loaded 4989 words from Discovery/DNS/subdomains-top1million-5000.txt
2025-08-11 00:33:22,747 - INFO - 📋 Loaded 500 words from Discovery/DNS/deepmagic.com-prefixes-top500.txt
2025-08-11 00:33:22,748 - INFO - 📋 Loaded 2280 words from Discovery/DNS/fierce-hostlist.txt
2025-08-11 00:33:22,769 - INFO - 📋 Loaded 151265 words from Discovery/DNS/namelist.txt
2025-08-11 00:33:22,770 - INFO - 📋 Final loaded: 3000 subdomains entries
2025-08-11 00:33:22,780 - INFO - 📋 Loaded 62281 words from Discovery/Web-Content/raft-large-directories.txt
2025-08-11 00:33:22,784 - INFO - 📋 Loaded 29999 words from Discovery/Web-Content/raft-medium-directories.txt
2025-08-11 00:33:22,785 - INFO - 📋 Loaded 2565 words from Discovery/Web-Content/quickhits.txt
2025-08-11 00:33:22,786 - INFO - 📋 Final loaded: 3000 directories entries
2025-08-11 00:33:22,790 - INFO - 📋 Loaded 37050 words from Discovery/Web-Content/raft-large-files.txt
2025-08-11 00:33:22,793 - INFO - 📋 Loaded 17129 words from Discovery/Web-Content/raft-medium-files.txt
2025-08-11 00:33:22,794 - INFO - 📋 Loaded 11424 words from Discovery/Web-Content/raft-small-files.txt
2025-08-11 00:33:22,795 - INFO - 📋 Loaded 4750 words from Discovery/Web-Content/common.txt
2025-08-11 00:33:22,795 - INFO - 📋 Loaded 43 words from Discovery/Web-Content/web-extensions.txt
2025-08-11 00:33:22,795 - INFO - 📋 Loaded 2565 words from Discovery/Web-Content/quickhits.txt
2025-08-11 00:33:22,796 - INFO - 📋 Final loaded: 3000 files entries
2025-08-11 00:33:22,797 - INFO - 📋 Loaded 6453 words from Discovery/Web-Content/burp-parameter-names.txt
2025-08-11 00:33:22,797 - INFO - 📋 Loaded 46 words from Discovery/Web-Content/web-mutations.txt
2025-08-11 00:33:22,797 - INFO - 📋 Loaded 881 words from Fuzzing/LFI/LFI-gracefulsecurity-linux.txt
2025-08-11 00:33:22,798 - INFO - 📋 Final loaded: 3000 parameters entries
2025-08-11 00:33:22,798 - INFO - 📋 Loaded 174 words from Discovery/Web-Content/common-api-endpoints-mazen160.txt
2025-08-11 00:33:22,798 - INFO - 📋 Loaded 102 words from Discovery/Web-Content/graphql.txt
2025-08-11 00:33:22,798 - INFO - 📋 Final loaded: 276 api_endpoints entries
2025-08-11 00:33:22,798 - INFO - 📋 Loaded 89 words from Discovery/Web-Content/Logins.fuzz.txt
2025-08-11 00:33:22,798 - INFO - 📋 Loaded 13 words from Discovery/Web-Content/default-web-root-directory-linux.txt
2025-08-11 00:33:22,798 - INFO - 📋 Loaded 3 words from Discovery/Web-Content/default-web-root-directory-windows.txt
2025-08-11 00:33:22,798 - INFO - 📋 Loaded 1578 words from Discovery/Web-Content/CMS/wordpress.fuzz.txt
2025-08-11 00:33:22,798 - INFO - 📋 Final loaded: 1679 admin_paths entries
2025-08-11 00:33:22,799 - INFO - 📋 Loaded 4750 words from Discovery/Web-Content/common.txt
2025-08-11 00:33:22,802 - INFO - 📋 Loaded 20478 words from Discovery/Web-Content/big.txt
2025-08-11 00:33:22,802 - INFO - 📋 Loaded 2565 words from Discovery/Web-Content/quickhits.txt
2025-08-11 00:33:22,803 - INFO - 📋 Final loaded: 3000 common entries
2025-08-11 00:33:22,810 - INFO - 📋 Loaded 56293 words from Discovery/Web-Content/raft-medium-words-lowercase.txt
2025-08-11 00:33:22,819 - INFO - 📋 Loaded 63088 words from Discovery/Web-Content/raft-medium-words.txt
2025-08-11 00:33:22,819 - INFO - 📋 Final loaded: 3000 web_content entries
2025-08-11 00:33:22,824 - INFO - ✅ SecListsManager initialization complete
2025-08-11 00:33:22,827 - INFO - ✅ WAFBypass initialization complete
2025-08-11 00:33:22,833 - INFO - 📚 Loaded XSS prediction model
2025-08-11 00:33:22,838 - INFO - 📚 Loaded vulnerability classification model
2025-08-11 00:33:22,838 - INFO - 📚 Loaded text vectorizer
2025-08-11 00:33:22,842 - INFO - ✅ MLEngine initialization complete
2025-08-11 00:33:22,845 - INFO - ✅ VulnerabilityScanner initialization complete
2025-08-11 00:33:22,849 - INFO - ✅ DiscoveryEngine initialization complete
2025-08-11 00:33:22,852 - INFO - ✅ TechnologyDetector initialization complete
2025-08-11 00:33:22,852 - INFO - 🔍 Performing initial proxy health check...
2025-08-11 00:33:22,856 - INFO - ✅ ProxyManager initialization complete
2025-08-11 00:33:22,861 - INFO - 📚 Loaded XSS prediction model
2025-08-11 00:33:22,866 - INFO - 📚 Loaded vulnerability classification model
2025-08-11 00:33:22,866 - INFO - 📚 Loaded text vectorizer
2025-08-11 00:33:22,870 - INFO - ✅ MLEngine initialization complete
2025-08-11 00:33:22,885 - INFO - ✅ Found Chrome: google-chrome
2025-08-11 00:33:22,889 - INFO - ✅ ScreenshotManager initialization complete
2025-08-11 00:33:22,892 - INFO - ✅ WAFBypass initialization complete
2025-08-11 00:33:22,896 - INFO - ✅ ReconnaissanceEngine initialization complete
2025-08-11 00:33:22,896 - INFO - ✅ All modules initialized using AssetManager mappings
2025-08-11 00:33:22,896 - INFO - 🎯 Starting Modular Progressive Vulnerability Scanner
2025-08-11 00:33:23,097 - INFO - 🔍 Performing proxy health check...
2025-08-11 00:33:29,344 - INFO - ✅ Proxy health check: 20/20 proxies healthy
2025-08-11 00:33:29,348 - INFO - 🔄 MODULAR SCAN CYCLE 1 - CPU: 0.0%
2025-08-11 00:33:29,352 - INFO - 🎯 Generating comprehensive targets for centene.com...
2025-08-11 00:33:29,354 - INFO - 🕵️ Starting advanced reconnaissance on 2 domains
2025-08-11 00:33:32,048 - INFO - 📜 Certificate Transparency found 677 unique subdomains for centene.com
2025-08-11 00:33:32,048 - INFO - 📜 Generated 394 CT targets for centene.com
2025-08-11 00:33:32,048 - INFO - 🔍 SecListsManager initialized for intelligent wordlist management
2025-08-11 00:33:32,125 - INFO - 🔍 Found 4755 words from urls-joomla-3.0.3.txt for Joomla
2025-08-11 00:33:32,182 - INFO - 🎯 Selected 500 intelligent subdomains for centene.com (from 1 SecLists)
2025-08-11 00:33:32,182 - INFO - 🔍 Generated 6 subdomain targets for centene.com
2025-08-11 00:33:32,182 - INFO - 🔍 SecListsManager initialized for intelligent wordlist management
2025-08-11 00:33:32,233 - INFO - 🔍 Found 4755 words from urls-joomla-3.0.3.txt for Joomla
2025-08-11 00:33:32,308 - INFO - 🎯 Selected 500 intelligent directories for centene.com (from 4 SecLists)
2025-08-11 00:33:32,359 - INFO - 🔍 Found 4755 words from urls-joomla-3.0.3.txt for Joomla
2025-08-11 00:33:32,436 - INFO - 🎯 Selected 500 intelligent admin_paths for centene.com (from 2 SecLists)
2025-08-11 00:33:32,488 - INFO - 🔍 Found 4755 words from urls-joomla-3.0.3.txt for Joomla
2025-08-11 00:33:32,545 - INFO - 🎯 Selected 500 intelligent api_endpoints for centene.com (from 2 SecLists)
2025-08-11 00:33:32,619 - INFO - 🔍 Found 4755 words from urls-joomla-3.0.3.txt for Joomla
2025-08-11 00:33:32,675 - INFO - 🎯 Selected 500 intelligent files for centene.com (from 2 SecLists)
2025-08-11 00:33:32,727 - INFO - 🔍 Found 4755 words from urls-joomla-3.0.3.txt for Joomla
2025-08-11 00:33:32,803 - INFO - 🎯 Selected 500 intelligent common for centene.com (from 1 SecLists)
2025-08-11 00:33:32,854 - INFO - 🔍 Found 4755 words from urls-joomla-3.0.3.txt for Joomla
2025-08-11 00:33:32,930 - INFO - 🎯 Selected 500 intelligent web_content for centene.com (from 1 SecLists)
2025-08-11 00:33:32,930 - INFO - 🔍 Loaded 500 paths from SecLists for centene.com
2025-08-11 00:33:32,932 - INFO - 📂 Generated 4018 comprehensive directory targets for centene.com
2025-08-11 00:33:32,932 - INFO - 🔍 SecListsManager initialized for intelligent wordlist management
2025-08-11 00:33:32,984 - INFO - 🔍 Found 4755 words from urls-joomla-3.0.3.txt for Joomla
2025-08-11 00:33:33,040 - INFO - 🎯 Selected 200 intelligent parameters for centene.com (from 1 SecLists)
2025-08-11 00:33:33,040 - INFO - 🔗 Generated 53 parameter targets for centene.com
2025-08-11 00:33:33,287 - INFO - 🏢 Generated 2 ASN-based targets for centene.com
2025-08-11 00:33:33,510 - INFO - 🕵️ Generated 18 OSINT-based targets for centene.com
2025-08-11 00:33:33,510 - INFO - 🎯 Generating comprehensive targets for temu.com...
2025-08-11 00:33:34,132 - INFO - 📜 Certificate Transparency found 52 unique subdomains for temu.com
2025-08-11 00:33:34,132 - INFO - 📜 Generated 85 CT targets for temu.com
2025-08-11 00:33:34,132 - INFO - 🔍 SecListsManager initialized for intelligent wordlist management
2025-08-11 00:33:34,191 - INFO - 🔍 Found 42 words from laravel.txt for Laravel
2025-08-11 00:33:34,223 - INFO - 🔍 Found 41 words from nginx.txt for Nginx
2025-08-11 00:33:34,242 - INFO - 🎯 Selected 83 intelligent subdomains for temu.com (from 1 SecLists)
2025-08-11 00:33:34,242 - INFO - 🔍 Generated 4 subdomain targets for temu.com
2025-08-11 00:33:34,242 - INFO - 🔍 SecListsManager initialized for intelligent wordlist management
2025-08-11 00:33:34,275 - INFO - 🔍 Found 42 words from laravel.txt for Laravel
2025-08-11 00:33:34,308 - INFO - 🔍 Found 41 words from nginx.txt for Nginx
2025-08-11 00:33:34,327 - INFO - 🎯 Selected 83 intelligent directories for temu.com (from 3 SecLists)
2025-08-11 00:33:34,379 - INFO - 🔍 Found 42 words from laravel.txt for Laravel
2025-08-11 00:33:34,411 - INFO - 🔍 Found 41 words from nginx.txt for Nginx
2025-08-11 00:33:34,430 - INFO - 🎯 Selected 83 intelligent admin_paths for temu.com (from 2 SecLists)
2025-08-11 00:33:34,462 - INFO - 🔍 Found 42 words from laravel.txt for Laravel
2025-08-11 00:33:34,495 - INFO - 🔍 Found 41 words from nginx.txt for Nginx
2025-08-11 00:33:34,534 - INFO - 🎯 Selected 83 intelligent api_endpoints for temu.com (from 2 SecLists)
2025-08-11 00:33:34,566 - INFO - 🔍 Found 42 words from laravel.txt for Laravel
2025-08-11 00:33:34,599 - INFO - 🔍 Found 41 words from nginx.txt for Nginx
2025-08-11 00:33:34,618 - INFO - 🎯 Selected 83 intelligent files for temu.com (from 2 SecLists)
2025-08-11 00:33:34,653 - INFO - 🔍 Found 42 words from laravel.txt for Laravel
2025-08-11 00:33:34,719 - INFO - 🔍 Found 41 words from nginx.txt for Nginx
2025-08-11 00:33:34,739 - INFO - 🎯 Selected 83 intelligent common for temu.com (from 1 SecLists)
2025-08-11 00:33:34,772 - INFO - 🔍 Found 42 words from laravel.txt for Laravel
2025-08-11 00:33:34,805 - INFO - 🔍 Found 41 words from nginx.txt for Nginx
2025-08-11 00:33:34,825 - INFO - 🎯 Selected 83 intelligent web_content for temu.com (from 1 SecLists)
2025-08-11 00:33:34,825 - INFO - 🔍 Loaded 83 paths from SecLists for temu.com
2025-08-11 00:33:34,825 - INFO - 📂 Generated 694 comprehensive directory targets for temu.com
2025-08-11 00:33:34,825 - INFO - 🔍 SecListsManager initialized for intelligent wordlist management
2025-08-11 00:33:34,886 - INFO - 🔍 Found 42 words from laravel.txt for Laravel
2025-08-11 00:33:34,920 - INFO - 🔍 Found 41 words from nginx.txt for Nginx
2025-08-11 00:33:34,941 - INFO - 🎯 Selected 83 intelligent parameters for temu.com (from 1 SecLists)
2025-08-11 00:33:34,941 - INFO - 🔗 Generated 50 parameter targets for temu.com
2025-08-11 00:33:35,197 - INFO - 🏢 Generated 2 ASN-based targets for temu.com
2025-08-11 00:33:35,421 - INFO - 🕵️ Generated 18 OSINT-based targets for temu.com
2025-08-11 00:33:35,422 - INFO - 🚀 Generated 3134 comprehensive discovery targets
2025-08-11 00:33:35,422 - INFO - 🔍 TIER 1: Modular discovery of 2000 targets
2025-08-11 00:33:36,053 - WARNING - 🚫 Proxy marked unhealthy: http://192.168.1.132:3128 (failure rate: 0.67)
2025-08-11 00:33:36,420 - WARNING - 🚫 Proxy marked unhealthy: http://192.168.1.132:3128 (failure rate: 0.62)
2025-08-11 00:33:40,150 - INFO - 🔎 Basic profiling filled 71 assets
2025-08-11 00:33:40,992 - WARNING - 🚫 Proxy marked unhealthy: http://192.168.1.115:8888 (failure rate: 0.67)
2025-08-11 00:33:41,036 - WARNING - 🚫 Proxy marked unhealthy: http://192.168.1.115:8888 (failure rate: 0.62)
2025-08-11 00:33:41,323 - WARNING - 🚫 Proxy marked unhealthy: http://192.168.1.118:8888 (failure rate: 0.71)
2025-08-11 00:33:41,367 - WARNING - 🚫 Proxy marked unhealthy: http://192.168.1.113:8888 (failure rate: 0.71)
2025-08-11 00:33:41,579 - WARNING - 🚫 Proxy marked unhealthy: http://192.168.1.113:8888 (failure rate: 0.75)
2025-08-11 00:33:41,604 - WARNING - 🚫 Proxy marked unhealthy: http://192.168.1.118:8888 (failure rate: 0.67)
2025-08-11 00:33:51,137 - WARNING - 🚫 Proxy marked unhealthy: http://192.168.1.113:8888 (failure rate: 0.62)
2025-08-11 00:33:57,135 - WARNING - 🚫 Proxy marked unhealthy: http://192.168.1.115:8888 (failure rate: 0.61)
2025-08-11 00:34:08,137 - WARNING - 🚫 Proxy marked unhealthy: http://192.168.1.117:8888 (failure rate: 0.61)
2025-08-11 00:34:11,137 - WARNING - 🚫 Proxy marked unhealthy: http://192.168.1.117:8888 (failure rate: 0.62)
2025-08-11 00:34:13,136 - INFO - ✅ Discovery batch: 1147/2000 targets discovered
2025-08-11 00:34:13,137 - INFO - ✅ TIER 1: Discovered 1147 new assets using DiscoveryEngine
2025-08-11 00:34:24,136 - INFO - ✅ Advanced reconnaissance complete: 80 total discoveries
2025-08-11 00:34:24,160 - INFO - 🧩 Persisted 53 Tier-4 discoveries into assets
2025-08-11 00:34:24,161 - INFO - 🕵️ TIER 4: Advanced reconnaissance completed - {'total_domains': 2, 'techniques_used': ['port_scanning', 'certificate_transparency', 'dns_enumeration'], 'discoveries': {'subdomains': ['www.mxmail-us.temu.com', '*.matk.temu.com', 'www.mxmail-eu.temu.com', '*.file.temu.com', 'www.mxmail-market-or.temu.com', 'mxmail-market.temu.com', 'temu.com', '*.temu.com', 'www.devtransport.payssl.temu.com', 'influencer-program.temu.com', 'mxmail-market-or.temu.com', 'product.payssl.temu.com', '*.seller.temu.com', 'prodsign.payssl.temu.com', 'mxmail-market-us.temu.com', 'www.gtm.temu.com', 'mxmail.temu.com', 'file.temu.com', 'seller.temu.com', 'www.devdigitalsign.payssl.temu.com', 'matk.temu.com', 'www.mxmail-usg.temu.com', '*.ads.temu.com', '*.thtk.temu.com', '*.influencer-program.temu.com', 'pftk.temu.com', 'www.mxmail-market.temu.com', 'www.mxmail.temu.com', 'za1.file.temu.com', 'www.productsign.payssl.temu.com', '*.seller-eu.temu.com', 'mxmail-us.temu.com', 'www.doh.temu.com', 'www.mxmail-in.temu.com', 'www.product.payssl.temu.com', 'www.gtm-us.temu.com', 'seller-eu.temu.com', 'productsign.payssl.temu.com', 'mxmail-usg.temu.com', 'prodssl.payssl.temu.com', 'devdigitalsign.payssl.temu.com', 'ads.temu.com', 'thtk.temu.com', 'doh.temu.com', '*.pftk.temu.com', 'www.research.temu.com', 'mxmail-in.temu.com', 'devtransport.payssl.temu.com', 'mxmail-eu.temu.com', 'gtm.temu.com', 'gtm-us.temu.com', 'www.mxmail-market-us.temu.com', 'research.temu.com'], 'certificates': ['Wildcard: *.thtk.temu.com', 'Wildcard: *.pftk.temu.com', 'Wildcard: *.influencer-program.temu.com', 'Wildcard: *.file.temu.com', 'Wildcard: *.seller.temu.com', 'Wildcard: *.ads.temu.com', 'Wildcard: *.temu.com', 'Wildcard: *.seller-eu.temu.com', 'Wildcard: *.matk.temu.com'], 'dns_records': ['CNAME: Query attempted for centene.com', 'TXT: Query attempted for centene.com', 'MX: Query attempted for centene.com', 'A: Query attempted for centene.com', 'CNAME: Query attempted for temu.com', 'A: Query attempted for temu.com', 'MX: Query attempted for temu.com', 'A: centene.com -> 204.145.115.210', 'TXT: Query attempted for temu.com', 'NS: Query attempted for temu.com', 'NS: Query attempted for centene.com', 'A: temu.com -> 151.101.66.58', 'AAAA: Query attempted for centene.com', 'AAAA: Query attempted for temu.com'], 'open_ports': ['204.145.115.210:443', '151.101.66.58:443', '151.101.66.58:80', '204.145.115.210:80'], 'historical_urls': [], 'technologies': []}, 'completed_at': '2025-08-11T00:33:40.150777'}
2025-08-11 00:34:24,161 - INFO - 📊 MODULAR CYCLE 1 PROGRESS:
2025-08-11 00:34:24,161 - INFO -    Assets: 3988 discovered, 345 profiled, 13 scanned
2025-08-11 00:34:24,161 - INFO -    Proxies: 25/30 healthy
2025-08-11 00:34:24,161 - INFO -    ML: 0 predictions, 0.00 accuracy
2025-08-11 00:34:29,363 - INFO - 🔄 MODULAR SCAN CYCLE 2 - CPU: 0.0%
2025-08-11 00:34:29,369 - INFO - 🎯 Generating comprehensive targets for centene.com...
2025-08-11 00:34:29,369 - INFO - 🕵️ Starting advanced reconnaissance on 2 domains
2025-08-11 00:34:31,978 - INFO - 📜 Certificate Transparency found 677 unique subdomains for centene.com
2025-08-11 00:34:31,978 - INFO - 📜 Generated 0 CT targets for centene.com
2025-08-11 00:34:31,978 - INFO - 🔍 SecListsManager initialized for intelligent wordlist management
2025-08-11 00:34:32,031 - INFO - 🔍 Found 4755 words from urls-joomla-3.0.3.txt for Joomla
2025-08-11 00:34:32,116 - INFO - 🎯 Selected 500 intelligent subdomains for centene.com (from 1 SecLists)
2025-08-11 00:34:32,116 - INFO - 🔍 Generated 0 subdomain targets for centene.com
2025-08-11 00:34:32,116 - INFO - 🔍 SecListsManager initialized for intelligent wordlist management
2025-08-11 00:34:32,167 - INFO - 🔍 Found 4755 words from urls-joomla-3.0.3.txt for Joomla
2025-08-11 00:34:32,224 - INFO - 🎯 Selected 500 intelligent directories for centene.com (from 4 SecLists)
2025-08-11 00:34:32,303 - INFO - 🔍 Found 4755 words from urls-joomla-3.0.3.txt for Joomla
2025-08-11 00:34:32,360 - INFO - 🎯 Selected 500 intelligent admin_paths for centene.com (from 2 SecLists)
2025-08-11 00:34:32,432 - INFO - 🔍 Found 4755 words from urls-joomla-3.0.3.txt for Joomla
2025-08-11 00:34:32,489 - INFO - 🎯 Selected 500 intelligent api_endpoints for centene.com (from 2 SecLists)
2025-08-11 00:34:32,542 - INFO - 🔍 Found 4755 words from urls-joomla-3.0.3.txt for Joomla
2025-08-11 00:34:32,621 - INFO - 🎯 Selected 500 intelligent files for centene.com (from 2 SecLists)
2025-08-11 00:34:32,672 - INFO - 🔍 Found 4755 words from urls-joomla-3.0.3.txt for Joomla
2025-08-11 00:34:32,729 - INFO - 🎯 Selected 500 intelligent common for centene.com (from 1 SecLists)
2025-08-11 00:34:32,803 - INFO - 🔍 Found 4755 words from urls-joomla-3.0.3.txt for Joomla
2025-08-11 00:34:32,860 - INFO - 🎯 Selected 500 intelligent web_content for centene.com (from 1 SecLists)
2025-08-11 00:34:32,860 - INFO - 🔍 Loaded 500 paths from SecLists for centene.com
2025-08-11 00:34:32,861 - INFO - 📂 Generated 0 comprehensive directory targets for centene.com
2025-08-11 00:34:32,861 - INFO - 🔍 SecListsManager initialized for intelligent wordlist management
2025-08-11 00:34:32,935 - INFO - 🔍 Found 4755 words from urls-joomla-3.0.3.txt for Joomla
2025-08-11 00:34:32,994 - INFO - 🎯 Selected 200 intelligent parameters for centene.com (from 1 SecLists)
2025-08-11 00:34:32,994 - INFO - 🔗 Generated 0 parameter targets for centene.com
2025-08-11 00:34:33,270 - INFO - 🏢 Generated 0 ASN-based targets for centene.com
2025-08-11 00:34:33,516 - INFO - 🕵️ Generated 0 OSINT-based targets for centene.com
2025-08-11 00:34:33,516 - INFO - 🎯 Generating comprehensive targets for temu.com...
2025-08-11 00:34:34,384 - INFO - 📜 Certificate Transparency found 52 unique subdomains for temu.com
2025-08-11 00:34:34,384 - INFO - 📜 Generated 0 CT targets for temu.com
2025-08-11 00:34:34,384 - INFO - 🔍 SecListsManager initialized for intelligent wordlist management
2025-08-11 00:34:34,420 - INFO - 🔍 Found 42 words from laravel.txt for Laravel
2025-08-11 00:34:34,453 - INFO - 🔍 Found 41 words from nginx.txt for Nginx
2025-08-11 00:34:34,472 - INFO - 🎯 Selected 83 intelligent subdomains for temu.com (from 1 SecLists)
2025-08-11 00:34:34,473 - INFO - 🔍 Generated 0 subdomain targets for temu.com
2025-08-11 00:34:34,473 - INFO - 🔍 SecListsManager initialized for intelligent wordlist management
2025-08-11 00:34:34,532 - INFO - 🔍 Found 42 words from laravel.txt for Laravel
2025-08-11 00:34:34,564 - INFO - 🔍 Found 41 words from nginx.txt for Nginx
2025-08-11 00:34:34,583 - INFO - 🎯 Selected 83 intelligent directories for temu.com (from 3 SecLists)
2025-08-11 00:34:34,616 - INFO - 🔍 Found 42 words from laravel.txt for Laravel
2025-08-11 00:34:34,671 - INFO - 🔍 Found 41 words from nginx.txt for Nginx
2025-08-11 00:34:34,691 - INFO - 🎯 Selected 83 intelligent admin_paths for temu.com (from 2 SecLists)
2025-08-11 00:34:34,725 - INFO - 🔍 Found 42 words from laravel.txt for Laravel
2025-08-11 00:34:34,757 - INFO - 🔍 Found 41 words from nginx.txt for Nginx
2025-08-11 00:34:34,776 - INFO - 🎯 Selected 83 intelligent api_endpoints for temu.com (from 2 SecLists)
2025-08-11 00:34:34,809 - INFO - 🔍 Found 42 words from laravel.txt for Laravel
2025-08-11 00:34:34,864 - INFO - 🔍 Found 41 words from nginx.txt for Nginx
2025-08-11 00:34:34,883 - INFO - 🎯 Selected 83 intelligent files for temu.com (from 2 SecLists)
2025-08-11 00:34:34,916 - INFO - 🔍 Found 42 words from laravel.txt for Laravel
2025-08-11 00:34:34,948 - INFO - 🔍 Found 41 words from nginx.txt for Nginx
2025-08-11 00:34:34,968 - INFO - 🎯 Selected 83 intelligent common for temu.com (from 1 SecLists)
2025-08-11 00:34:35,027 - INFO - 🔍 Found 42 words from laravel.txt for Laravel
2025-08-11 00:34:35,060 - INFO - 🔍 Found 41 words from nginx.txt for Nginx
2025-08-11 00:34:35,080 - INFO - 🎯 Selected 83 intelligent web_content for temu.com (from 1 SecLists)
2025-08-11 00:34:35,080 - INFO - 🔍 Loaded 83 paths from SecLists for temu.com
2025-08-11 00:34:35,080 - INFO - 📂 Generated 0 comprehensive directory targets for temu.com
2025-08-11 00:34:35,080 - INFO - 🔍 SecListsManager initialized for intelligent wordlist management
2025-08-11 00:34:35,113 - INFO - 🔍 Found 42 words from laravel.txt for Laravel
2025-08-11 00:34:35,145 - INFO - 🔍 Found 41 words from nginx.txt for Nginx
2025-08-11 00:34:35,192 - INFO - 🎯 Selected 83 intelligent parameters for temu.com (from 1 SecLists)
2025-08-11 00:34:35,192 - INFO - 🔗 Generated 0 parameter targets for temu.com
2025-08-11 00:34:35,431 - INFO - 🏢 Generated 0 ASN-based targets for temu.com
2025-08-11 00:34:35,642 - INFO - 🕵️ Generated 0 OSINT-based targets for temu.com
2025-08-11 00:34:35,643 - INFO - 🚀 Generated 0 comprehensive discovery targets
2025-08-11 00:34:40,152 - INFO - 🔎 Basic profiling filled 71 assets
2025-08-11 00:35:01,137 - INFO - ✅ Advanced reconnaissance complete: 94 total discoveries
2025-08-11 00:35:01,163 - INFO - 🧩 Persisted 67 Tier-4 discoveries into assets
2025-08-11 00:35:01,164 - INFO - 🕵️ TIER 4: Advanced reconnaissance completed - {'total_domains': 2, 'techniques_used': ['port_scanning', 'certificate_transparency', 'dns_enumeration'], 'discoveries': {'subdomains': ['apigateway.us-west-2.tst.api.aws.centene.com', 'www.mxmail-us.temu.com', 'servicenow.centene.com', 'apigateway.us-east-1.api.aws.centene.com', 'cca-analytics.centene.com', 'research.temu.com', 'www.mxmail-eu.temu.com', 'www.mxmail-market-or.temu.com', 'api-endpoint.tst.api.aws.centene.com', 'mxmail-market.temu.com', 'temu.com', 'gitlab-dev.centene.com', 'influencer-program.temu.com', 'docs.centene.com', 'www.devtransport.payssl.temu.com', 'mxmail-market-or.temu.com', 'product.payssl.temu.com', 'prodsign.payssl.temu.com', 'mxmail-market-us.temu.com', 'www.gtm.temu.com', 'mxmail.temu.com', 'apigateway.us-east-1.dev.api.aws.centene.com', 'file.temu.com', 'seller.temu.com', 'servicenow-dev.centene.com', 'www.devdigitalsign.payssl.temu.com', 'matk.temu.com', 'apigateway.us-west-2.dev.api.aws.centene.com', 'www.mxmail-usg.temu.com', 'api-endpoint.dev.api.aws.centene.com', 'api-v3.centene.com', 'apigateway.us-east-1.tst.api.aws.centene.com', 'requestcentral-dev.centene.com', 'pftk.temu.com', 'www.mxmail-market.temu.com', 'apigateway.us-east-2.tst.api.aws.centene.com', 'www.mxmail.temu.com', 'za1.file.temu.com', 'talent.centene.com', 'production.api.centene.com', 'www.productsign.payssl.temu.com', 'mxmail-us.temu.com', 'www.doh.temu.com', 'www.mxmail-in.temu.com', 'www.product.payssl.temu.com', 'www.gtm-us.temu.com', 'seller-eu.temu.com', 'apigateway.us-east-2.dev.api.aws.centene.com', 'productsign.payssl.temu.com', 'mxmail-usg.temu.com', 'cca-analytics-tst.centene.com', 'servicenow-test.centene.com', 'prodssl.payssl.temu.com', 'devdigitalsign.payssl.temu.com', 'ads.temu.com', 'thtk.temu.com', 'doh.temu.com', 'www.research.temu.com', 'mxmail-in.temu.com', 'devtransport.payssl.temu.com', 'mxmail-eu.temu.com', 'gitlab.centene.com', 'gtm.temu.com', 'gtm-us.temu.com', 'email.mg.centene.com', 'www.mxmail-market-us.temu.com', 'testjobs.centene.com'], 'certificates': ['Wildcard: *.thtk.temu.com', 'Wildcard: *.pftk.temu.com', 'Wildcard: *.influencer-program.temu.com', 'Wildcard: *.file.temu.com', 'Wildcard: *.seller.temu.com', 'Wildcard: *.ads.temu.com', 'Wildcard: *.temu.com', 'Wildcard: *.seller-eu.temu.com', 'Wildcard: *.matk.temu.com'], 'dns_records': ['CNAME: Query attempted for centene.com', 'TXT: Query attempted for centene.com', 'MX: Query attempted for centene.com', 'A: Query attempted for centene.com', 'CNAME: Query attempted for temu.com', 'A: Query attempted for temu.com', 'MX: Query attempted for temu.com', 'A: centene.com -> 204.145.115.210', 'TXT: Query attempted for temu.com', 'NS: Query attempted for temu.com', 'NS: Query attempted for centene.com', 'A: temu.com -> 151.101.66.58', 'AAAA: Query attempted for centene.com', 'AAAA: Query attempted for temu.com'], 'open_ports': ['204.145.115.210:443', '151.101.2.58:443', '151.101.2.58:80', '204.145.115.210:80'], 'historical_urls': [], 'technologies': []}, 'completed_at': '2025-08-11T00:34:40.152963'}
2025-08-11 00:35:01,164 - INFO - 📊 MODULAR CYCLE 2 PROGRESS:
2025-08-11 00:35:01,164 - INFO -    Assets: 3988 discovered, 345 profiled, 13 scanned
2025-08-11 00:35:01,164 - INFO -    Proxies: 25/30 healthy
2025-08-11 00:35:01,164 - INFO -    ML: 0 predictions, 0.00 accuracy
2025-08-11 00:35:06,367 - INFO - 🔄 MODULAR SCAN CYCLE 3 - CPU: 0.0%
2025-08-11 00:35:06,382 - INFO - 🎯 Generating comprehensive targets for centene.com...
2025-08-11 00:35:06,383 - INFO - 🕵️ Starting advanced reconnaissance on 2 domains
2025-08-11 00:35:09,655 - INFO - 📜 Certificate Transparency found 677 unique subdomains for centene.com
2025-08-11 00:35:09,655 - INFO - 📜 Generated 0 CT targets for centene.com
2025-08-11 00:35:09,656 - INFO - 🔍 SecListsManager initialized for intelligent wordlist management
2025-08-11 00:35:09,708 - INFO - 🔍 Found 4755 words from urls-joomla-3.0.3.txt for Joomla
2025-08-11 00:35:09,790 - INFO - 🎯 Selected 500 intelligent subdomains for centene.com (from 1 SecLists)
2025-08-11 00:35:09,791 - INFO - 🔍 Generated 0 subdomain targets for centene.com
2025-08-11 00:35:09,791 - INFO - 🔍 SecListsManager initialized for intelligent wordlist management
2025-08-11 00:35:09,842 - INFO - 🔍 Found 4755 words from urls-joomla-3.0.3.txt for Joomla
2025-08-11 00:35:09,899 - INFO - 🎯 Selected 500 intelligent directories for centene.com (from 4 SecLists)
2025-08-11 00:35:09,973 - INFO - 🔍 Found 4755 words from urls-joomla-3.0.3.txt for Joomla
2025-08-11 00:35:10,030 - INFO - 🎯 Selected 500 intelligent admin_paths for centene.com (from 2 SecLists)
2025-08-11 00:35:10,082 - INFO - 🔍 Found 4755 words from urls-joomla-3.0.3.txt for Joomla
2025-08-11 00:35:10,175 - INFO - 🎯 Selected 500 intelligent api_endpoints for centene.com (from 2 SecLists)
2025-08-11 00:35:10,227 - INFO - 🔍 Found 4755 words from urls-joomla-3.0.3.txt for Joomla
2025-08-11 00:35:10,306 - INFO - 🎯 Selected 500 intelligent files for centene.com (from 2 SecLists)
2025-08-11 00:35:10,359 - INFO - 🔍 Found 4755 words from urls-joomla-3.0.3.txt for Joomla
2025-08-11 00:35:10,415 - INFO - 🎯 Selected 500 intelligent common for centene.com (from 1 SecLists)
2025-08-11 00:35:10,489 - INFO - 🔍 Found 4755 words from urls-joomla-3.0.3.txt for Joomla
2025-08-11 00:35:10,547 - INFO - 🎯 Selected 500 intelligent web_content for centene.com (from 1 SecLists)
2025-08-11 00:35:10,547 - INFO - 🔍 Loaded 500 paths from SecLists for centene.com
2025-08-11 00:35:10,548 - INFO - 📂 Generated 0 comprehensive directory targets for centene.com
2025-08-11 00:35:10,548 - INFO - 🔍 SecListsManager initialized for intelligent wordlist management
2025-08-11 00:35:10,599 - INFO - 🔍 Found 4755 words from urls-joomla-3.0.3.txt for Joomla
2025-08-11 00:35:10,677 - INFO - 🎯 Selected 200 intelligent parameters for centene.com (from 1 SecLists)
2025-08-11 00:35:10,677 - INFO - 🔗 Generated 0 parameter targets for centene.com
2025-08-11 00:35:10,944 - INFO - 🏢 Generated 0 ASN-based targets for centene.com
2025-08-11 00:35:11,146 - INFO - 🕵️ Generated 0 OSINT-based targets for centene.com
2025-08-11 00:35:11,146 - INFO - 🎯 Generating comprehensive targets for temu.com...
2025-08-11 00:35:11,779 - INFO - 📜 Certificate Transparency found 52 unique subdomains for temu.com
2025-08-11 00:35:11,779 - INFO - 📜 Generated 0 CT targets for temu.com
2025-08-11 00:35:11,779 - INFO - 🔍 SecListsManager initialized for intelligent wordlist management
2025-08-11 00:35:11,814 - INFO - 🔍 Found 42 words from laravel.txt for Laravel
2025-08-11 00:35:11,847 - INFO - 🔍 Found 41 words from nginx.txt for Nginx
2025-08-11 00:35:11,866 - INFO - 🎯 Selected 83 intelligent subdomains for temu.com (from 1 SecLists)
2025-08-11 00:35:11,866 - INFO - 🔍 Generated 0 subdomain targets for temu.com
2025-08-11 00:35:11,866 - INFO - 🔍 SecListsManager initialized for intelligent wordlist management
2025-08-11 00:35:11,925 - INFO - 🔍 Found 42 words from laravel.txt for Laravel
2025-08-11 00:35:11,958 - INFO - 🔍 Found 41 words from nginx.txt for Nginx
2025-08-11 00:35:11,976 - INFO - 🎯 Selected 83 intelligent directories for temu.com (from 3 SecLists)
2025-08-11 00:35:12,009 - INFO - 🔍 Found 42 words from laravel.txt for Laravel
2025-08-11 00:35:12,041 - INFO - 🔍 Found 41 words from nginx.txt for Nginx
2025-08-11 00:35:12,060 - INFO - 🎯 Selected 83 intelligent admin_paths for temu.com (from 2 SecLists)
2025-08-11 00:35:12,112 - INFO - 🔍 Found 42 words from laravel.txt for Laravel
2025-08-11 00:35:12,145 - INFO - 🔍 Found 41 words from nginx.txt for Nginx
2025-08-11 00:35:12,164 - INFO - 🎯 Selected 83 intelligent api_endpoints for temu.com (from 2 SecLists)
2025-08-11 00:35:12,196 - INFO - 🔍 Found 42 words from laravel.txt for Laravel
2025-08-11 00:35:12,250 - INFO - 🔍 Found 41 words from nginx.txt for Nginx
2025-08-11 00:35:12,271 - INFO - 🎯 Selected 83 intelligent files for temu.com (from 2 SecLists)
2025-08-11 00:35:12,304 - INFO - 🔍 Found 42 words from laravel.txt for Laravel
2025-08-11 00:35:12,336 - INFO - 🔍 Found 41 words from nginx.txt for Nginx
2025-08-11 00:35:12,355 - INFO - 🎯 Selected 83 intelligent common for temu.com (from 1 SecLists)
2025-08-11 00:35:12,387 - INFO - 🔍 Found 42 words from laravel.txt for Laravel
2025-08-11 00:35:12,444 - INFO - 🔍 Found 41 words from nginx.txt for Nginx
2025-08-11 00:35:12,463 - INFO - 🎯 Selected 83 intelligent web_content for temu.com (from 1 SecLists)
2025-08-11 00:35:12,463 - INFO - 🔍 Loaded 83 paths from SecLists for temu.com
2025-08-11 00:35:12,463 - INFO - 📂 Generated 0 comprehensive directory targets for temu.com
2025-08-11 00:35:12,463 - INFO - 🔍 SecListsManager initialized for intelligent wordlist management
2025-08-11 00:35:12,496 - INFO - 🔍 Found 42 words from laravel.txt for Laravel
2025-08-11 00:35:12,528 - INFO - 🔍 Found 41 words from nginx.txt for Nginx
2025-08-11 00:35:12,547 - INFO - 🎯 Selected 83 intelligent parameters for temu.com (from 1 SecLists)
2025-08-11 00:35:12,547 - INFO - 🔗 Generated 0 parameter targets for temu.com
2025-08-11 00:35:12,879 - INFO - 🏢 Generated 0 ASN-based targets for temu.com
2025-08-11 00:35:13,107 - INFO - 🕵️ Generated 0 OSINT-based targets for temu.com
2025-08-11 00:35:13,107 - INFO - 🚀 Generated 0 comprehensive discovery targets
2025-08-11 00:35:17,163 - INFO - 🔎 Basic profiling filled 71 assets
2025-08-11 00:35:37,074 - INFO - ✅ Advanced reconnaissance complete: 94 total discoveries
2025-08-11 00:35:37,099 - INFO - 🧩 Persisted 67 Tier-4 discoveries into assets
2025-08-11 00:35:37,099 - INFO - 🕵️ TIER 4: Advanced reconnaissance completed - {'total_domains': 2, 'techniques_used': ['port_scanning', 'certificate_transparency', 'dns_enumeration'], 'discoveries': {'subdomains': ['apigateway.us-west-2.tst.api.aws.centene.com', 'www.mxmail-us.temu.com', 'servicenow.centene.com', 'apigateway.us-east-1.api.aws.centene.com', 'cca-analytics.centene.com', 'research.temu.com', 'www.mxmail-eu.temu.com', 'www.mxmail-market-or.temu.com', 'api-endpoint.tst.api.aws.centene.com', 'mxmail-market.temu.com', 'temu.com', 'gitlab-dev.centene.com', 'influencer-program.temu.com', 'docs.centene.com', 'www.devtransport.payssl.temu.com', 'mxmail-market-or.temu.com', 'product.payssl.temu.com', 'prodsign.payssl.temu.com', 'mxmail-market-us.temu.com', 'www.gtm.temu.com', 'mxmail.temu.com', 'apigateway.us-east-1.dev.api.aws.centene.com', 'file.temu.com', 'seller.temu.com', 'servicenow-dev.centene.com', 'www.devdigitalsign.payssl.temu.com', 'matk.temu.com', 'apigateway.us-west-2.dev.api.aws.centene.com', 'www.mxmail-usg.temu.com', 'api-endpoint.dev.api.aws.centene.com', 'api-v3.centene.com', 'apigateway.us-east-1.tst.api.aws.centene.com', 'requestcentral-dev.centene.com', 'pftk.temu.com', 'www.mxmail-market.temu.com', 'apigateway.us-east-2.tst.api.aws.centene.com', 'www.mxmail.temu.com', 'za1.file.temu.com', 'talent.centene.com', 'production.api.centene.com', 'www.productsign.payssl.temu.com', 'mxmail-us.temu.com', 'www.doh.temu.com', 'www.mxmail-in.temu.com', 'www.product.payssl.temu.com', 'www.gtm-us.temu.com', 'seller-eu.temu.com', 'apigateway.us-east-2.dev.api.aws.centene.com', 'productsign.payssl.temu.com', 'mxmail-usg.temu.com', 'cca-analytics-tst.centene.com', 'servicenow-test.centene.com', 'prodssl.payssl.temu.com', 'devdigitalsign.payssl.temu.com', 'ads.temu.com', 'thtk.temu.com', 'doh.temu.com', 'www.research.temu.com', 'mxmail-in.temu.com', 'devtransport.payssl.temu.com', 'mxmail-eu.temu.com', 'gitlab.centene.com', 'gtm.temu.com', 'gtm-us.temu.com', 'email.mg.centene.com', 'www.mxmail-market-us.temu.com', 'testjobs.centene.com'], 'certificates': ['Wildcard: *.thtk.temu.com', 'Wildcard: *.pftk.temu.com', 'Wildcard: *.influencer-program.temu.com', 'Wildcard: *.file.temu.com', 'Wildcard: *.seller.temu.com', 'Wildcard: *.ads.temu.com', 'Wildcard: *.temu.com', 'Wildcard: *.seller-eu.temu.com', 'Wildcard: *.matk.temu.com'], 'dns_records': ['CNAME: Query attempted for centene.com', 'TXT: Query attempted for centene.com', 'MX: Query attempted for centene.com', 'A: Query attempted for centene.com', 'CNAME: Query attempted for temu.com', 'A: temu.com -> 151.101.2.58', 'A: Query attempted for temu.com', 'MX: Query attempted for temu.com', 'A: centene.com -> 204.145.115.210', 'TXT: Query attempted for temu.com', 'NS: Query attempted for temu.com', 'NS: Query attempted for centene.com', 'AAAA: Query attempted for centene.com', 'AAAA: Query attempted for temu.com'], 'open_ports': ['204.145.115.210:443', '151.101.66.58:443', '151.101.66.58:80', '204.145.115.210:80'], 'historical_urls': [], 'technologies': []}, 'completed_at': '2025-08-11T00:35:17.163313'}
2025-08-11 00:35:37,100 - INFO - 📊 MODULAR CYCLE 3 PROGRESS:
2025-08-11 00:35:37,100 - INFO -    Assets: 3988 discovered, 345 profiled, 13 scanned
2025-08-11 00:35:37,100 - INFO -    Proxies: 25/30 healthy
2025-08-11 00:35:37,100 - INFO -    ML: 0 predictions, 0.00 accuracy
2025-08-11 00:35:42,304 - INFO - 🔄 MODULAR SCAN CYCLE 4 - CPU: 0.0%
2025-08-11 00:35:42,330 - INFO - 🎯 Generating comprehensive targets for centene.com...
2025-08-11 00:35:42,330 - INFO - 🕵️ Starting advanced reconnaissance on 2 domains
2025-08-11 00:35:43,360 - INFO - 📜 Generated 0 CT targets for centene.com
2025-08-11 00:35:43,360 - INFO - 🔍 SecListsManager initialized for intelligent wordlist management
2025-08-11 00:35:43,413 - INFO - 🔍 Found 4755 words from urls-joomla-3.0.3.txt for Joomla
2025-08-11 00:35:43,470 - INFO - 🎯 Selected 500 intelligent subdomains for centene.com (from 1 SecLists)
2025-08-11 00:35:43,470 - INFO - 🔍 Generated 0 subdomain targets for centene.com
2025-08-11 00:35:43,470 - INFO - 🔍 SecListsManager initialized for intelligent wordlist management
2025-08-11 00:35:43,546 - INFO - 🔍 Found 4755 words from urls-joomla-3.0.3.txt for Joomla
2025-08-11 00:35:43,602 - INFO - 🎯 Selected 500 intelligent directories for centene.com (from 4 SecLists)
2025-08-11 00:35:43,654 - INFO - 🔍 Found 4755 words from urls-joomla-3.0.3.txt for Joomla
2025-08-11 00:35:43,736 - INFO - 🎯 Selected 500 intelligent admin_paths for centene.com (from 2 SecLists)
2025-08-11 00:35:43,788 - INFO - 🔍 Found 4755 words from urls-joomla-3.0.3.txt for Joomla
2025-08-11 00:35:43,873 - INFO - 🎯 Selected 500 intelligent api_endpoints for centene.com (from 2 SecLists)
2025-08-11 00:35:43,924 - INFO - 🔍 Found 4755 words from urls-joomla-3.0.3.txt for Joomla
2025-08-11 00:35:43,981 - INFO - 🎯 Selected 500 intelligent files for centene.com (from 2 SecLists)
2025-08-11 00:35:44,055 - INFO - 🔍 Found 4755 words from urls-joomla-3.0.3.txt for Joomla
2025-08-11 00:35:44,111 - INFO - 🎯 Selected 500 intelligent common for centene.com (from 1 SecLists)
2025-08-11 00:35:44,163 - INFO - 🔍 Found 4755 words from urls-joomla-3.0.3.txt for Joomla
2025-08-11 00:35:44,245 - INFO - 🎯 Selected 500 intelligent web_content for centene.com (from 1 SecLists)
2025-08-11 00:35:44,245 - INFO - 🔍 Loaded 500 paths from SecLists for centene.com
2025-08-11 00:35:44,246 - INFO - 📂 Generated 0 comprehensive directory targets for centene.com
2025-08-11 00:35:44,246 - INFO - 🔍 SecListsManager initialized for intelligent wordlist management
2025-08-11 00:35:44,300 - INFO - 🔍 Found 4755 words from urls-joomla-3.0.3.txt for Joomla
2025-08-11 00:35:44,381 - INFO - 🎯 Selected 200 intelligent parameters for centene.com (from 1 SecLists)
2025-08-11 00:35:44,382 - INFO - 🔗 Generated 0 parameter targets for centene.com
2025-08-11 00:35:44,630 - INFO - 🏢 Generated 0 ASN-based targets for centene.com
2025-08-11 00:35:44,845 - INFO - 🕵️ Generated 0 OSINT-based targets for centene.com
2025-08-11 00:35:44,845 - INFO - 🎯 Generating comprehensive targets for temu.com...
2025-08-11 00:35:45,946 - INFO - 📜 Certificate Transparency found 52 unique subdomains for temu.com
2025-08-11 00:35:45,946 - INFO - 📜 Generated 0 CT targets for temu.com
2025-08-11 00:35:45,946 - INFO - 🔍 SecListsManager initialized for intelligent wordlist management
2025-08-11 00:35:45,980 - INFO - 🔍 Found 42 words from laravel.txt for Laravel
2025-08-11 00:35:46,012 - INFO - 🔍 Found 41 words from nginx.txt for Nginx
2025-08-11 00:35:46,031 - INFO - 🎯 Selected 83 intelligent subdomains for temu.com (from 1 SecLists)
2025-08-11 00:35:46,031 - INFO - 🔍 Generated 0 subdomain targets for temu.com
2025-08-11 00:35:46,031 - INFO - 🔍 SecListsManager initialized for intelligent wordlist management
2025-08-11 00:35:46,065 - INFO - 🔍 Found 42 words from laravel.txt for Laravel
2025-08-11 00:35:46,121 - INFO - 🔍 Found 41 words from nginx.txt for Nginx
2025-08-11 00:35:46,141 - INFO - 🎯 Selected 83 intelligent directories for temu.com (from 3 SecLists)
2025-08-11 00:35:46,173 - INFO - 🔍 Found 42 words from laravel.txt for Laravel
2025-08-11 00:35:46,205 - INFO - 🔍 Found 41 words from nginx.txt for Nginx
2025-08-11 00:35:46,225 - INFO - 🎯 Selected 83 intelligent admin_paths for temu.com (from 2 SecLists)
2025-08-11 00:35:46,280 - INFO - 🔍 Found 42 words from laravel.txt for Laravel
2025-08-11 00:35:46,314 - INFO - 🔍 Found 41 words from nginx.txt for Nginx
2025-08-11 00:35:46,333 - INFO - 🎯 Selected 83 intelligent api_endpoints for temu.com (from 2 SecLists)
2025-08-11 00:35:46,366 - INFO - 🔍 Found 42 words from laravel.txt for Laravel
2025-08-11 00:35:46,398 - INFO - 🔍 Found 41 words from nginx.txt for Nginx
2025-08-11 00:35:46,417 - INFO - 🎯 Selected 83 intelligent files for temu.com (from 2 SecLists)
2025-08-11 00:35:46,472 - INFO - 🔍 Found 42 words from laravel.txt for Laravel
2025-08-11 00:35:46,504 - INFO - 🔍 Found 41 words from nginx.txt for Nginx
2025-08-11 00:35:46,523 - INFO - 🎯 Selected 83 intelligent common for temu.com (from 1 SecLists)
2025-08-11 00:35:46,556 - INFO - 🔍 Found 42 words from laravel.txt for Laravel
2025-08-11 00:35:46,608 - INFO - 🔍 Found 41 words from nginx.txt for Nginx
2025-08-11 00:35:46,628 - INFO - 🎯 Selected 83 intelligent web_content for temu.com (from 1 SecLists)
2025-08-11 00:35:46,628 - INFO - 🔍 Loaded 83 paths from SecLists for temu.com
2025-08-11 00:35:46,628 - INFO - 📂 Generated 0 comprehensive directory targets for temu.com
2025-08-11 00:35:46,628 - INFO - 🔍 SecListsManager initialized for intelligent wordlist management
2025-08-11 00:35:46,661 - INFO - 🔍 Found 42 words from laravel.txt for Laravel
2025-08-11 00:35:46,693 - INFO - 🔍 Found 41 words from nginx.txt for Nginx
2025-08-11 00:35:46,713 - INFO - 🎯 Selected 83 intelligent parameters for temu.com (from 1 SecLists)
2025-08-11 00:35:46,713 - INFO - 🔗 Generated 0 parameter targets for temu.com
2025-08-11 00:35:46,978 - INFO - 🏢 Generated 0 ASN-based targets for temu.com
2025-08-11 00:35:47,193 - INFO - 🕵️ Generated 0 OSINT-based targets for temu.com
2025-08-11 00:35:47,193 - INFO - 🚀 Generated 0 comprehensive discovery targets
2025-08-11 00:35:53,162 - INFO - 🔎 Basic profiling filled 71 assets
2025-08-11 00:36:09,408 - INFO - ✅ Advanced reconnaissance complete: 94 total discoveries
2025-08-11 00:36:09,439 - INFO - 🧩 Persisted 67 Tier-4 discoveries into assets
2025-08-11 00:36:09,439 - INFO - 🕵️ TIER 4: Advanced reconnaissance completed - {'total_domains': 2, 'techniques_used': ['port_scanning', 'certificate_transparency', 'dns_enumeration'], 'discoveries': {'subdomains': ['apigateway.us-west-2.tst.api.aws.centene.com', 'www.mxmail-us.temu.com', 'servicenow.centene.com', 'apigateway.us-east-1.api.aws.centene.com', 'cca-analytics.centene.com', 'research.temu.com', 'www.mxmail-eu.temu.com', 'www.mxmail-market-or.temu.com', 'api-endpoint.tst.api.aws.centene.com', 'mxmail-market.temu.com', 'temu.com', 'gitlab-dev.centene.com', 'influencer-program.temu.com', 'docs.centene.com', 'www.devtransport.payssl.temu.com', 'mxmail-market-or.temu.com', 'product.payssl.temu.com', 'prodsign.payssl.temu.com', 'mxmail-market-us.temu.com', 'www.gtm.temu.com', 'mxmail.temu.com', 'apigateway.us-east-1.dev.api.aws.centene.com', 'file.temu.com', 'seller.temu.com', 'servicenow-dev.centene.com', 'www.devdigitalsign.payssl.temu.com', 'matk.temu.com', 'apigateway.us-west-2.dev.api.aws.centene.com', 'www.mxmail-usg.temu.com', 'api-endpoint.dev.api.aws.centene.com', 'api-v3.centene.com', 'apigateway.us-east-1.tst.api.aws.centene.com', 'requestcentral-dev.centene.com', 'pftk.temu.com', 'www.mxmail-market.temu.com', 'apigateway.us-east-2.tst.api.aws.centene.com', 'www.mxmail.temu.com', 'za1.file.temu.com', 'talent.centene.com', 'production.api.centene.com', 'www.productsign.payssl.temu.com', 'mxmail-us.temu.com', 'www.doh.temu.com', 'www.mxmail-in.temu.com', 'www.product.payssl.temu.com', 'www.gtm-us.temu.com', 'seller-eu.temu.com', 'apigateway.us-east-2.dev.api.aws.centene.com', 'productsign.payssl.temu.com', 'mxmail-usg.temu.com', 'cca-analytics-tst.centene.com', 'servicenow-test.centene.com', 'prodssl.payssl.temu.com', 'devdigitalsign.payssl.temu.com', 'ads.temu.com', 'thtk.temu.com', 'doh.temu.com', 'www.research.temu.com', 'mxmail-in.temu.com', 'devtransport.payssl.temu.com', 'mxmail-eu.temu.com', 'gitlab.centene.com', 'gtm.temu.com', 'gtm-us.temu.com', 'email.mg.centene.com', 'www.mxmail-market-us.temu.com', 'testjobs.centene.com'], 'certificates': ['Wildcard: *.thtk.temu.com', 'Wildcard: *.pftk.temu.com', 'Wildcard: *.influencer-program.temu.com', 'Wildcard: *.file.temu.com', 'Wildcard: *.seller.temu.com', 'Wildcard: *.ads.temu.com', 'Wildcard: *.temu.com', 'Wildcard: *.seller-eu.temu.com', 'Wildcard: *.matk.temu.com'], 'dns_records': ['CNAME: Query attempted for centene.com', 'TXT: Query attempted for centene.com', 'MX: Query attempted for centene.com', 'A: Query attempted for centene.com', 'CNAME: Query attempted for temu.com', 'A: temu.com -> 151.101.2.58', 'A: Query attempted for temu.com', 'MX: Query attempted for temu.com', 'A: centene.com -> 204.145.115.210', 'TXT: Query attempted for temu.com', 'NS: Query attempted for temu.com', 'NS: Query attempted for centene.com', 'AAAA: Query attempted for centene.com', 'AAAA: Query attempted for temu.com'], 'open_ports': ['204.145.115.210:443', '151.101.66.58:443', '151.101.66.58:80', '204.145.115.210:80'], 'historical_urls': [], 'technologies': []}, 'completed_at': '2025-08-11T00:35:53.163086'}
2025-08-11 00:36:09,439 - INFO - 📊 MODULAR CYCLE 4 PROGRESS:
2025-08-11 00:36:09,439 - INFO -    Assets: 3988 discovered, 345 profiled, 13 scanned
2025-08-11 00:36:09,439 - INFO -    Proxies: 25/30 healthy
2025-08-11 00:36:09,439 - INFO -    ML: 0 predictions, 0.00 accuracy
2025-08-11 00:36:14,641 - INFO - 🔄 MODULAR SCAN CYCLE 5 - CPU: 0.0%
2025-08-11 00:36:14,646 - INFO - 🎯 Generating comprehensive targets for centene.com...
2025-08-11 00:36:14,647 - INFO - 🕵️ Starting advanced reconnaissance on 2 domains
2025-08-11 00:36:17,237 - INFO - 📜 Certificate Transparency found 677 unique subdomains for centene.com
2025-08-11 00:36:17,237 - INFO - 📜 Generated 0 CT targets for centene.com
2025-08-11 00:36:17,237 - INFO - 🔍 SecListsManager initialized for intelligent wordlist management
2025-08-11 00:36:17,313 - INFO - 🔍 Found 4755 words from urls-joomla-3.0.3.txt for Joomla
2025-08-11 00:36:17,370 - INFO - 🎯 Selected 500 intelligent subdomains for centene.com (from 1 SecLists)
2025-08-11 00:36:17,370 - INFO - 🔍 Generated 0 subdomain targets for centene.com
2025-08-11 00:36:17,370 - INFO - 🔍 SecListsManager initialized for intelligent wordlist management
2025-08-11 00:36:17,441 - INFO - 🔍 Found 4755 words from urls-joomla-3.0.3.txt for Joomla
2025-08-11 00:36:17,498 - INFO - 🎯 Selected 500 intelligent directories for centene.com (from 4 SecLists)
2025-08-11 00:36:17,549 - INFO - 🔍 Found 4755 words from urls-joomla-3.0.3.txt for Joomla
2025-08-11 00:36:17,627 - INFO - 🎯 Selected 500 intelligent admin_paths for centene.com (from 2 SecLists)
2025-08-11 00:36:17,679 - INFO - 🔍 Found 4755 words from urls-joomla-3.0.3.txt for Joomla
2025-08-11 00:36:17,735 - INFO - 🎯 Selected 500 intelligent api_endpoints for centene.com (from 2 SecLists)
2025-08-11 00:36:17,807 - INFO - 🔍 Found 4755 words from urls-joomla-3.0.3.txt for Joomla
2025-08-11 00:36:17,864 - INFO - 🎯 Selected 500 intelligent files for centene.com (from 2 SecLists)
2025-08-11 00:36:17,916 - INFO - 🔍 Found 4755 words from urls-joomla-3.0.3.txt for Joomla
2025-08-11 00:36:17,991 - INFO - 🎯 Selected 500 intelligent common for centene.com (from 1 SecLists)
2025-08-11 00:36:18,044 - INFO - 🔍 Found 4755 words from urls-joomla-3.0.3.txt for Joomla
2025-08-11 00:36:18,120 - INFO - 🎯 Selected 500 intelligent web_content for centene.com (from 1 SecLists)
2025-08-11 00:36:18,121 - INFO - 🔍 Loaded 500 paths from SecLists for centene.com
2025-08-11 00:36:18,121 - INFO - 📂 Generated 0 comprehensive directory targets for centene.com
2025-08-11 00:36:18,121 - INFO - 🔍 SecListsManager initialized for intelligent wordlist management
2025-08-11 00:36:18,173 - INFO - 🔍 Found 4755 words from urls-joomla-3.0.3.txt for Joomla
2025-08-11 00:36:18,230 - INFO - 🎯 Selected 200 intelligent parameters for centene.com (from 1 SecLists)
2025-08-11 00:36:18,230 - INFO - 🔗 Generated 0 parameter targets for centene.com
2025-08-11 00:36:18,469 - INFO - 🏢 Generated 0 ASN-based targets for centene.com
2025-08-11 00:36:18,703 - INFO - 🕵️ Generated 0 OSINT-based targets for centene.com
2025-08-11 00:36:18,703 - INFO - 🎯 Generating comprehensive targets for temu.com...
2025-08-11 00:36:19,319 - INFO - 📜 Certificate Transparency found 52 unique subdomains for temu.com
2025-08-11 00:36:19,319 - INFO - 📜 Generated 0 CT targets for temu.com
2025-08-11 00:36:19,320 - INFO - 🔍 SecListsManager initialized for intelligent wordlist management
2025-08-11 00:36:19,378 - INFO - 🔍 Found 42 words from laravel.txt for Laravel
2025-08-11 00:36:19,412 - INFO - 🔍 Found 41 words from nginx.txt for Nginx
2025-08-11 00:36:19,431 - INFO - 🎯 Selected 83 intelligent subdomains for temu.com (from 1 SecLists)
2025-08-11 00:36:19,431 - INFO - 🔍 Generated 0 subdomain targets for temu.com
2025-08-11 00:36:19,431 - INFO - 🔍 SecListsManager initialized for intelligent wordlist management
2025-08-11 00:36:19,464 - INFO - 🔍 Found 42 words from laravel.txt for Laravel
2025-08-11 00:36:19,496 - INFO - 🔍 Found 41 words from nginx.txt for Nginx
2025-08-11 00:36:19,539 - INFO - 🎯 Selected 83 intelligent directories for temu.com (from 3 SecLists)
2025-08-11 00:36:19,572 - INFO - 🔍 Found 42 words from laravel.txt for Laravel
2025-08-11 00:36:19,604 - INFO - 🔍 Found 41 words from nginx.txt for Nginx
2025-08-11 00:36:19,623 - INFO - 🎯 Selected 83 intelligent admin_paths for temu.com (from 2 SecLists)
2025-08-11 00:36:19,656 - INFO - 🔍 Found 42 words from laravel.txt for Laravel
2025-08-11 00:36:19,708 - INFO - 🔍 Found 41 words from nginx.txt for Nginx
2025-08-11 00:36:19,728 - INFO - 🎯 Selected 83 intelligent api_endpoints for temu.com (from 2 SecLists)
2025-08-11 00:36:19,761 - INFO - 🔍 Found 42 words from laravel.txt for Laravel
2025-08-11 00:36:19,793 - INFO - 🔍 Found 41 words from nginx.txt for Nginx
2025-08-11 00:36:19,812 - INFO - 🎯 Selected 83 intelligent files for temu.com (from 2 SecLists)
2025-08-11 00:36:19,865 - INFO - 🔍 Found 42 words from laravel.txt for Laravel
2025-08-11 00:36:19,898 - INFO - 🔍 Found 41 words from nginx.txt for Nginx
2025-08-11 00:36:19,917 - INFO - 🎯 Selected 83 intelligent common for temu.com (from 1 SecLists)
2025-08-11 00:36:19,950 - INFO - 🔍 Found 42 words from laravel.txt for Laravel
2025-08-11 00:36:19,983 - INFO - 🔍 Found 41 words from nginx.txt for Nginx
2025-08-11 00:36:20,002 - INFO - 🎯 Selected 83 intelligent web_content for temu.com (from 1 SecLists)
2025-08-11 00:36:20,002 - INFO - 🔍 Loaded 83 paths from SecLists for temu.com
2025-08-11 00:36:20,002 - INFO - 📂 Generated 0 comprehensive directory targets for temu.com
2025-08-11 00:36:20,002 - INFO - 🔍 SecListsManager initialized for intelligent wordlist management
2025-08-11 00:36:20,054 - INFO - 🔍 Found 42 words from laravel.txt for Laravel
2025-08-11 00:36:20,087 - INFO - 🔍 Found 41 words from nginx.txt for Nginx
2025-08-11 00:36:20,106 - INFO - 🎯 Selected 83 intelligent parameters for temu.com (from 1 SecLists)
2025-08-11 00:36:20,106 - INFO - 🔗 Generated 0 parameter targets for temu.com
2025-08-11 00:36:20,338 - INFO - 🏢 Generated 0 ASN-based targets for temu.com
2025-08-11 00:36:20,562 - INFO - 🕵️ Generated 0 OSINT-based targets for temu.com
2025-08-11 00:36:20,562 - INFO - 🚀 Generated 0 comprehensive discovery targets
2025-08-11 00:36:25,165 - INFO - 🔎 Basic profiling filled 71 assets
2025-08-11 00:36:43,158 - INFO - ✅ Advanced reconnaissance complete: 94 total discoveries
2025-08-11 00:36:43,180 - INFO - 🧩 Persisted 67 Tier-4 discoveries into assets
2025-08-11 00:36:43,180 - INFO - 🕵️ TIER 4: Advanced reconnaissance completed - {'total_domains': 2, 'techniques_used': ['port_scanning', 'certificate_transparency', 'dns_enumeration'], 'discoveries': {'subdomains': ['apigateway.us-west-2.tst.api.aws.centene.com', 'www.mxmail-us.temu.com', 'servicenow.centene.com', 'apigateway.us-east-1.api.aws.centene.com', 'cca-analytics.centene.com', 'research.temu.com', 'www.mxmail-eu.temu.com', 'www.mxmail-market-or.temu.com', 'api-endpoint.tst.api.aws.centene.com', 'mxmail-market.temu.com', 'temu.com', 'gitlab-dev.centene.com', 'influencer-program.temu.com', 'docs.centene.com', 'www.devtransport.payssl.temu.com', 'mxmail-market-or.temu.com', 'product.payssl.temu.com', 'prodsign.payssl.temu.com', 'mxmail-market-us.temu.com', 'www.gtm.temu.com', 'mxmail.temu.com', 'apigateway.us-east-1.dev.api.aws.centene.com', 'file.temu.com', 'seller.temu.com', 'servicenow-dev.centene.com', 'www.devdigitalsign.payssl.temu.com', 'matk.temu.com', 'apigateway.us-west-2.dev.api.aws.centene.com', 'www.mxmail-usg.temu.com', 'api-endpoint.dev.api.aws.centene.com', 'api-v3.centene.com', 'apigateway.us-east-1.tst.api.aws.centene.com', 'requestcentral-dev.centene.com', 'pftk.temu.com', 'www.mxmail-market.temu.com', 'apigateway.us-east-2.tst.api.aws.centene.com', 'www.mxmail.temu.com', 'za1.file.temu.com', 'talent.centene.com', 'production.api.centene.com', 'www.productsign.payssl.temu.com', 'mxmail-us.temu.com', 'www.doh.temu.com', 'www.mxmail-in.temu.com', 'www.product.payssl.temu.com', 'www.gtm-us.temu.com', 'seller-eu.temu.com', 'apigateway.us-east-2.dev.api.aws.centene.com', 'productsign.payssl.temu.com', 'mxmail-usg.temu.com', 'cca-analytics-tst.centene.com', 'servicenow-test.centene.com', 'prodssl.payssl.temu.com', 'devdigitalsign.payssl.temu.com', 'ads.temu.com', 'thtk.temu.com', 'doh.temu.com', 'www.research.temu.com', 'mxmail-in.temu.com', 'devtransport.payssl.temu.com', 'mxmail-eu.temu.com', 'gitlab.centene.com', 'gtm.temu.com', 'gtm-us.temu.com', 'email.mg.centene.com', 'www.mxmail-market-us.temu.com', 'testjobs.centene.com'], 'certificates': ['Wildcard: *.thtk.temu.com', 'Wildcard: *.pftk.temu.com', 'Wildcard: *.influencer-program.temu.com', 'Wildcard: *.file.temu.com', 'Wildcard: *.seller.temu.com', 'Wildcard: *.ads.temu.com', 'Wildcard: *.temu.com', 'Wildcard: *.seller-eu.temu.com', 'Wildcard: *.matk.temu.com'], 'dns_records': ['CNAME: Query attempted for centene.com', 'TXT: Query attempted for centene.com', 'MX: Query attempted for centene.com', 'A: Query attempted for centene.com', 'CNAME: Query attempted for temu.com', 'A: Query attempted for temu.com', 'MX: Query attempted for temu.com', 'A: centene.com -> 204.145.115.210', 'TXT: Query attempted for temu.com', 'NS: Query attempted for temu.com', 'NS: Query attempted for centene.com', 'A: temu.com -> 151.101.66.58', 'AAAA: Query attempted for centene.com', 'AAAA: Query attempted for temu.com'], 'open_ports': ['204.145.115.210:443', '151.101.66.58:443', '151.101.66.58:80', '204.145.115.210:80'], 'historical_urls': [], 'technologies': []}, 'completed_at': '2025-08-11T00:36:25.165618'}
2025-08-11 00:36:43,181 - INFO - 📊 MODULAR CYCLE 5 PROGRESS:
2025-08-11 00:36:43,181 - INFO -    Assets: 3988 discovered, 345 profiled, 13 scanned
2025-08-11 00:36:43,181 - INFO -    Proxies: 25/30 healthy
2025-08-11 00:36:43,181 - INFO -    ML: 0 predictions, 0.00 accuracy
2025-08-11 00:36:48,385 - INFO - 🔄 MODULAR SCAN CYCLE 6 - CPU: 0.0%
2025-08-11 00:36:48,400 - INFO - 🎯 Generating comprehensive targets for centene.com...
2025-08-11 00:36:48,401 - INFO - 🕵️ Starting advanced reconnaissance on 2 domains
2025-08-11 00:36:51,575 - INFO - 📜 Generated 0 CT targets for centene.com
2025-08-11 00:36:51,575 - INFO - 🔍 SecListsManager initialized for intelligent wordlist management
2025-08-11 00:36:51,654 - INFO - 🔍 Found 4755 words from urls-joomla-3.0.3.txt for Joomla
2025-08-11 00:36:51,711 - INFO - 🎯 Selected 500 intelligent subdomains for centene.com (from 1 SecLists)
2025-08-11 00:36:51,711 - INFO - 🔍 Generated 0 subdomain targets for centene.com
2025-08-11 00:36:51,711 - INFO - 🔍 SecListsManager initialized for intelligent wordlist management
2025-08-11 00:36:51,762 - INFO - 🔍 Found 4755 words from urls-joomla-3.0.3.txt for Joomla
2025-08-11 00:36:51,839 - INFO - 🎯 Selected 500 intelligent directories for centene.com (from 4 SecLists)
2025-08-11 00:36:51,891 - INFO - 🔍 Found 4755 words from urls-joomla-3.0.3.txt for Joomla
2025-08-11 00:36:51,947 - INFO - 🎯 Selected 500 intelligent admin_paths for centene.com (from 2 SecLists)
2025-08-11 00:36:52,021 - INFO - 🔍 Found 4755 words from urls-joomla-3.0.3.txt for Joomla
2025-08-11 00:36:52,078 - INFO - 🎯 Selected 500 intelligent api_endpoints for centene.com (from 2 SecLists)
2025-08-11 00:36:52,150 - INFO - 🔍 Found 4755 words from urls-joomla-3.0.3.txt for Joomla
2025-08-11 00:36:52,208 - INFO - 🎯 Selected 500 intelligent files for centene.com (from 2 SecLists)
2025-08-11 00:36:52,259 - INFO - 🔍 Found 4755 words from urls-joomla-3.0.3.txt for Joomla
2025-08-11 00:36:52,340 - INFO - 🎯 Selected 500 intelligent common for centene.com (from 1 SecLists)
2025-08-11 00:36:52,391 - INFO - 🔍 Found 4755 words from urls-joomla-3.0.3.txt for Joomla
2025-08-11 00:36:52,447 - INFO - 🎯 Selected 500 intelligent web_content for centene.com (from 1 SecLists)
2025-08-11 00:36:52,448 - INFO - 🔍 Loaded 500 paths from SecLists for centene.com
2025-08-11 00:36:52,448 - INFO - 📂 Generated 0 comprehensive directory targets for centene.com
2025-08-11 00:36:52,448 - INFO - 🔍 SecListsManager initialized for intelligent wordlist management
2025-08-11 00:36:52,520 - INFO - 🔍 Found 4755 words from urls-joomla-3.0.3.txt for Joomla
2025-08-11 00:36:52,577 - INFO - 🎯 Selected 200 intelligent parameters for centene.com (from 1 SecLists)
2025-08-11 00:36:52,577 - INFO - 🔗 Generated 0 parameter targets for centene.com
2025-08-11 00:36:52,834 - INFO - 🏢 Generated 0 ASN-based targets for centene.com
2025-08-11 00:36:53,084 - INFO - 🕵️ Generated 0 OSINT-based targets for centene.com
2025-08-11 00:36:53,084 - INFO - 🎯 Generating comprehensive targets for temu.com...
2025-08-11 00:36:54,671 - INFO - 📜 Certificate Transparency found 52 unique subdomains for temu.com
2025-08-11 00:36:54,672 - INFO - 📜 Generated 0 CT targets for temu.com
2025-08-11 00:36:54,672 - INFO - 🔍 SecListsManager initialized for intelligent wordlist management
2025-08-11 00:36:54,708 - INFO - 🔍 Found 42 words from laravel.txt for Laravel
2025-08-11 00:36:54,773 - INFO - 🔍 Found 41 words from nginx.txt for Nginx
2025-08-11 00:36:54,793 - INFO - 🎯 Selected 83 intelligent subdomains for temu.com (from 1 SecLists)
2025-08-11 00:36:54,793 - INFO - 🔍 Generated 0 subdomain targets for temu.com
2025-08-11 00:36:54,793 - INFO - 🔍 SecListsManager initialized for intelligent wordlist management
2025-08-11 00:36:54,826 - INFO - 🔍 Found 42 words from laravel.txt for Laravel
2025-08-11 00:36:54,858 - INFO - 🔍 Found 41 words from nginx.txt for Nginx
2025-08-11 00:36:54,878 - INFO - 🎯 Selected 83 intelligent directories for temu.com (from 3 SecLists)
2025-08-11 00:36:54,942 - INFO - 🔍 Found 42 words from laravel.txt for Laravel
2025-08-11 00:36:54,975 - INFO - 🔍 Found 41 words from nginx.txt for Nginx
2025-08-11 00:36:54,995 - INFO - 🎯 Selected 83 intelligent admin_paths for temu.com (from 2 SecLists)
2025-08-11 00:36:55,028 - INFO - 🔍 Found 42 words from laravel.txt for Laravel
2025-08-11 00:36:55,062 - INFO - 🔍 Found 41 words from nginx.txt for Nginx
2025-08-11 00:36:55,081 - INFO - 🎯 Selected 83 intelligent api_endpoints for temu.com (from 2 SecLists)
2025-08-11 00:36:55,137 - INFO - 🔍 Found 42 words from laravel.txt for Laravel
2025-08-11 00:36:55,169 - INFO - 🔍 Found 41 words from nginx.txt for Nginx
2025-08-11 00:36:55,188 - INFO - 🎯 Selected 83 intelligent files for temu.com (from 2 SecLists)
2025-08-11 00:36:55,221 - INFO - 🔍 Found 42 words from laravel.txt for Laravel
2025-08-11 00:36:55,272 - INFO - 🔍 Found 41 words from nginx.txt for Nginx
2025-08-11 00:36:55,292 - INFO - 🎯 Selected 83 intelligent common for temu.com (from 1 SecLists)
2025-08-11 00:36:55,325 - INFO - 🔍 Found 42 words from laravel.txt for Laravel
2025-08-11 00:36:55,357 - INFO - 🔍 Found 41 words from nginx.txt for Nginx
2025-08-11 00:36:55,376 - INFO - 🎯 Selected 83 intelligent web_content for temu.com (from 1 SecLists)
2025-08-11 00:36:55,376 - INFO - 🔍 Loaded 83 paths from SecLists for temu.com
2025-08-11 00:36:55,376 - INFO - 📂 Generated 0 comprehensive directory targets for temu.com
2025-08-11 00:36:55,376 - INFO - 🔍 SecListsManager initialized for intelligent wordlist management
2025-08-11 00:36:55,409 - INFO - 🔍 Found 42 words from laravel.txt for Laravel
2025-08-11 00:36:55,474 - INFO - 🔍 Found 41 words from nginx.txt for Nginx
2025-08-11 00:36:55,493 - INFO - 🎯 Selected 83 intelligent parameters for temu.com (from 1 SecLists)
2025-08-11 00:36:55,493 - INFO - 🔗 Generated 0 parameter targets for temu.com
2025-08-11 00:36:55,755 - INFO - 🏢 Generated 0 ASN-based targets for temu.com
2025-08-11 00:36:55,977 - INFO - 🕵️ Generated 0 OSINT-based targets for temu.com
2025-08-11 00:36:55,977 - INFO - 🚀 Generated 0 comprehensive discovery targets
2025-08-11 00:36:59,166 - INFO - 🔎 Basic profiling filled 71 assets
