2025-08-11 00:22:09,244 - INFO - 🔍 SecListsManager initialized for intelligent wordlist management
2025-08-11 00:22:09,244 - INFO - 🛡️ WAFBypass initialized with AssetManager integration
2025-08-11 00:22:09,244 - INFO - 🤖 MLEngine initialized with AssetManager integration
2025-08-11 00:22:09,244 - INFO - 🚨 VulnerabilityScanner initialized with AssetManager integration
2025-08-11 00:22:09,244 - INFO - 🔗 ProxyManager initialized with 30 proxies
2025-08-11 00:22:09,244 - INFO - 🔍 DiscoveryEngine initialized with AssetManager integration
2025-08-11 00:22:09,244 - INFO - 🔬 TechnologyDetector initialized with AssetManager integration
2025-08-11 00:22:09,244 - INFO - 🤖 MLEngine initialized with AssetManager integration
2025-08-11 00:22:09,244 - INFO - 📸 ScreenshotManager initialized with AssetManager integration
2025-08-11 00:22:09,244 - INFO - 🛡️ WAFBypass initialized with AssetManager integration
2025-08-11 00:22:09,244 - INFO - 🕵️ ReconnaissanceEngine initialized with AssetManager integration
2025-08-11 00:22:09,244 - INFO - 🚀 Modular Scanner initialized - all modules using AssetManager field mappings
2025-08-11 00:22:09,244 - INFO - ✅ SecLists already available
2025-08-11 00:22:09,247 - INFO - 📋 Loaded 19964 words from Discovery/DNS/subdomains-top1million-20000.txt
2025-08-11 00:22:09,248 - INFO - 📋 Loaded 4989 words from Discovery/DNS/subdomains-top1million-5000.txt
2025-08-11 00:22:09,248 - INFO - 📋 Loaded 500 words from Discovery/DNS/deepmagic.com-prefixes-top500.txt
2025-08-11 00:22:09,249 - INFO - 📋 Loaded 2280 words from Discovery/DNS/fierce-hostlist.txt
2025-08-11 00:22:09,270 - INFO - 📋 Loaded 151265 words from Discovery/DNS/namelist.txt
2025-08-11 00:22:09,271 - INFO - 📋 Final loaded: 3000 subdomains entries
2025-08-11 00:22:09,281 - INFO - 📋 Loaded 62281 words from Discovery/Web-Content/raft-large-directories.txt
2025-08-11 00:22:09,285 - INFO - 📋 Loaded 29999 words from Discovery/Web-Content/raft-medium-directories.txt
2025-08-11 00:22:09,286 - INFO - 📋 Loaded 2565 words from Discovery/Web-Content/quickhits.txt
2025-08-11 00:22:09,286 - INFO - 📋 Final loaded: 3000 directories entries
2025-08-11 00:22:09,291 - INFO - 📋 Loaded 37050 words from Discovery/Web-Content/raft-large-files.txt
2025-08-11 00:22:09,293 - INFO - 📋 Loaded 17129 words from Discovery/Web-Content/raft-medium-files.txt
2025-08-11 00:22:09,295 - INFO - 📋 Loaded 11424 words from Discovery/Web-Content/raft-small-files.txt
2025-08-11 00:22:09,296 - INFO - 📋 Loaded 4750 words from Discovery/Web-Content/common.txt
2025-08-11 00:22:09,296 - INFO - 📋 Loaded 43 words from Discovery/Web-Content/web-extensions.txt
2025-08-11 00:22:09,296 - INFO - 📋 Loaded 2565 words from Discovery/Web-Content/quickhits.txt
2025-08-11 00:22:09,297 - INFO - 📋 Final loaded: 3000 files entries
2025-08-11 00:22:09,298 - INFO - 📋 Loaded 6453 words from Discovery/Web-Content/burp-parameter-names.txt
2025-08-11 00:22:09,298 - INFO - 📋 Loaded 46 words from Discovery/Web-Content/web-mutations.txt
2025-08-11 00:22:09,298 - INFO - 📋 Loaded 881 words from Fuzzing/LFI/LFI-gracefulsecurity-linux.txt
2025-08-11 00:22:09,299 - INFO - 📋 Final loaded: 3000 parameters entries
2025-08-11 00:22:09,299 - INFO - 📋 Loaded 174 words from Discovery/Web-Content/common-api-endpoints-mazen160.txt
2025-08-11 00:22:09,299 - INFO - 📋 Loaded 102 words from Discovery/Web-Content/graphql.txt
2025-08-11 00:22:09,299 - INFO - 📋 Final loaded: 276 api_endpoints entries
2025-08-11 00:22:09,299 - INFO - 📋 Loaded 89 words from Discovery/Web-Content/Logins.fuzz.txt
2025-08-11 00:22:09,299 - INFO - 📋 Loaded 13 words from Discovery/Web-Content/default-web-root-directory-linux.txt
2025-08-11 00:22:09,299 - INFO - 📋 Loaded 3 words from Discovery/Web-Content/default-web-root-directory-windows.txt
2025-08-11 00:22:09,299 - INFO - 📋 Loaded 1578 words from Discovery/Web-Content/CMS/wordpress.fuzz.txt
2025-08-11 00:22:09,299 - INFO - 📋 Final loaded: 1679 admin_paths entries
2025-08-11 00:22:09,300 - INFO - 📋 Loaded 4750 words from Discovery/Web-Content/common.txt
2025-08-11 00:22:09,302 - INFO - 📋 Loaded 20478 words from Discovery/Web-Content/big.txt
2025-08-11 00:22:09,303 - INFO - 📋 Loaded 2565 words from Discovery/Web-Content/quickhits.txt
2025-08-11 00:22:09,304 - INFO - 📋 Final loaded: 3000 common entries
2025-08-11 00:22:09,311 - INFO - 📋 Loaded 56293 words from Discovery/Web-Content/raft-medium-words-lowercase.txt
2025-08-11 00:22:09,320 - INFO - 📋 Loaded 63088 words from Discovery/Web-Content/raft-medium-words.txt
2025-08-11 00:22:09,320 - INFO - 📋 Final loaded: 3000 web_content entries
2025-08-11 00:22:09,338 - INFO - ✅ SecListsManager initialization complete
2025-08-11 00:22:09,348 - INFO - ✅ WAFBypass initialization complete
2025-08-11 00:22:09,354 - INFO - 📚 Loaded XSS prediction model
2025-08-11 00:22:09,358 - INFO - 📚 Loaded vulnerability classification model
2025-08-11 00:22:09,359 - INFO - 📚 Loaded text vectorizer
2025-08-11 00:22:09,362 - INFO - ✅ MLEngine initialization complete
2025-08-11 00:22:09,366 - INFO - ✅ VulnerabilityScanner initialization complete
2025-08-11 00:22:09,370 - INFO - ✅ DiscoveryEngine initialization complete
2025-08-11 00:22:09,373 - INFO - ✅ TechnologyDetector initialization complete
2025-08-11 00:22:09,373 - INFO - 🔍 Performing initial proxy health check...
2025-08-11 00:22:09,376 - INFO - ✅ ProxyManager initialization complete
2025-08-11 00:22:09,381 - INFO - 📚 Loaded XSS prediction model
2025-08-11 00:22:09,386 - INFO - 📚 Loaded vulnerability classification model
2025-08-11 00:22:09,386 - INFO - 📚 Loaded text vectorizer
2025-08-11 00:22:09,389 - INFO - ✅ MLEngine initialization complete
2025-08-11 00:22:09,405 - INFO - ✅ Found Chrome: google-chrome
2025-08-11 00:22:09,409 - INFO - ✅ ScreenshotManager initialization complete
2025-08-11 00:22:09,415 - INFO - ✅ WAFBypass initialization complete
2025-08-11 00:22:09,422 - INFO - ✅ ReconnaissanceEngine initialization complete
2025-08-11 00:22:09,422 - INFO - ✅ All modules initialized using AssetManager mappings
2025-08-11 00:22:09,422 - INFO - 🎯 Starting Modular Progressive Vulnerability Scanner
2025-08-11 00:22:09,623 - INFO - 🔍 Performing proxy health check...
2025-08-11 00:22:15,641 - INFO - ✅ Proxy health check: 20/20 proxies healthy
2025-08-11 00:22:15,646 - INFO - 🔄 MODULAR SCAN CYCLE 1 - CPU: 0.0%
2025-08-11 00:22:15,649 - INFO - 🎯 Generating comprehensive targets for centene.com...
2025-08-11 00:22:15,651 - INFO - 🕵️ Starting advanced reconnaissance on 2 domains
2025-08-11 00:22:15,651 - INFO - 🔎 Basic profiling filled 0 assets
2025-08-11 00:22:29,979 - INFO - 📜 Generated 0 CT targets for centene.com
2025-08-11 00:22:29,979 - INFO - 🔍 SecListsManager initialized for intelligent wordlist management
2025-08-11 00:22:30,056 - INFO - 🔍 Found 4755 words from urls-joomla-3.0.3.txt for Joomla
2025-08-11 00:22:30,114 - INFO - 🎯 Selected 500 intelligent subdomains for centene.com (from 1 SecLists)
2025-08-11 00:22:30,114 - INFO - 🔍 Generated 6 subdomain targets for centene.com
2025-08-11 00:22:30,114 - INFO - 🔍 SecListsManager initialized for intelligent wordlist management
2025-08-11 00:22:30,166 - INFO - 🔍 Found 4755 words from urls-joomla-3.0.3.txt for Joomla
2025-08-11 00:22:30,243 - INFO - 🎯 Selected 500 intelligent directories for centene.com (from 4 SecLists)
2025-08-11 00:22:30,296 - INFO - 🔍 Found 4755 words from urls-joomla-3.0.3.txt for Joomla
2025-08-11 00:22:30,353 - INFO - 🎯 Selected 500 intelligent admin_paths for centene.com (from 2 SecLists)
2025-08-11 00:22:30,424 - INFO - 🔍 Found 4755 words from urls-joomla-3.0.3.txt for Joomla
2025-08-11 00:22:30,482 - INFO - 🎯 Selected 500 intelligent api_endpoints for centene.com (from 2 SecLists)
2025-08-11 00:22:30,552 - INFO - 🔍 Found 4755 words from urls-joomla-3.0.3.txt for Joomla
2025-08-11 00:22:30,610 - INFO - 🎯 Selected 500 intelligent files for centene.com (from 2 SecLists)
2025-08-11 00:22:30,662 - INFO - 🔍 Found 4755 words from urls-joomla-3.0.3.txt for Joomla
2025-08-11 00:22:30,740 - INFO - 🎯 Selected 500 intelligent common for centene.com (from 1 SecLists)
2025-08-11 00:22:30,793 - INFO - 🔍 Found 4755 words from urls-joomla-3.0.3.txt for Joomla
2025-08-11 00:22:30,850 - INFO - 🎯 Selected 500 intelligent web_content for centene.com (from 1 SecLists)
2025-08-11 00:22:30,850 - INFO - 🔍 Loaded 500 paths from SecLists for centene.com
2025-08-11 00:22:30,851 - INFO - 📂 Generated 1018 comprehensive directory targets for centene.com
2025-08-11 00:22:30,851 - INFO - 🔍 SecListsManager initialized for intelligent wordlist management
2025-08-11 00:22:30,922 - INFO - 🔍 Found 4755 words from urls-joomla-3.0.3.txt for Joomla
2025-08-11 00:22:30,980 - INFO - 🎯 Selected 200 intelligent parameters for centene.com (from 1 SecLists)
2025-08-11 00:22:30,980 - INFO - 🔗 Generated 64 parameter targets for centene.com
2025-08-11 00:22:31,244 - INFO - 🏢 Generated 2 ASN-based targets for centene.com
2025-08-11 00:22:31,455 - INFO - 🕵️ Generated 18 OSINT-based targets for centene.com
2025-08-11 00:22:31,456 - INFO - 🎯 Generating comprehensive targets for temu.com...
2025-08-11 00:22:32,587 - INFO - 📜 Certificate Transparency found 52 unique subdomains for temu.com
2025-08-11 00:22:32,587 - INFO - 📜 Generated 85 CT targets for temu.com
2025-08-11 00:22:32,587 - INFO - 🔍 SecListsManager initialized for intelligent wordlist management
2025-08-11 00:22:32,622 - INFO - 🔍 Found 42 words from laravel.txt for Laravel
2025-08-11 00:22:32,679 - INFO - 🔍 Found 41 words from nginx.txt for Nginx
2025-08-11 00:22:32,699 - INFO - 🎯 Selected 83 intelligent subdomains for temu.com (from 1 SecLists)
2025-08-11 00:22:32,699 - INFO - 🔍 Generated 4 subdomain targets for temu.com
2025-08-11 00:22:32,699 - INFO - 🔍 SecListsManager initialized for intelligent wordlist management
2025-08-11 00:22:32,733 - INFO - 🔍 Found 42 words from laravel.txt for Laravel
2025-08-11 00:22:32,765 - INFO - 🔍 Found 41 words from nginx.txt for Nginx
2025-08-11 00:22:32,785 - INFO - 🎯 Selected 83 intelligent directories for temu.com (from 3 SecLists)
2025-08-11 00:22:32,837 - INFO - 🔍 Found 42 words from laravel.txt for Laravel
2025-08-11 00:22:32,870 - INFO - 🔍 Found 41 words from nginx.txt for Nginx
2025-08-11 00:22:32,889 - INFO - 🎯 Selected 83 intelligent admin_paths for temu.com (from 2 SecLists)
2025-08-11 00:22:32,923 - INFO - 🔍 Found 42 words from laravel.txt for Laravel
2025-08-11 00:22:32,955 - INFO - 🔍 Found 41 words from nginx.txt for Nginx
2025-08-11 00:22:32,975 - INFO - 🎯 Selected 83 intelligent api_endpoints for temu.com (from 2 SecLists)
2025-08-11 00:22:33,026 - INFO - 🔍 Found 42 words from laravel.txt for Laravel
2025-08-11 00:22:33,059 - INFO - 🔍 Found 41 words from nginx.txt for Nginx
2025-08-11 00:22:33,078 - INFO - 🎯 Selected 83 intelligent files for temu.com (from 2 SecLists)
2025-08-11 00:22:33,111 - INFO - 🔍 Found 42 words from laravel.txt for Laravel
2025-08-11 00:22:33,172 - INFO - 🔍 Found 41 words from nginx.txt for Nginx
2025-08-11 00:22:33,191 - INFO - 🎯 Selected 83 intelligent common for temu.com (from 1 SecLists)
2025-08-11 00:22:33,225 - INFO - 🔍 Found 42 words from laravel.txt for Laravel
2025-08-11 00:22:33,257 - INFO - 🔍 Found 41 words from nginx.txt for Nginx
2025-08-11 00:22:33,277 - INFO - 🎯 Selected 83 intelligent web_content for temu.com (from 1 SecLists)
2025-08-11 00:22:33,277 - INFO - 🔍 Loaded 83 paths from SecLists for temu.com
2025-08-11 00:22:33,277 - INFO - 📂 Generated 694 comprehensive directory targets for temu.com
2025-08-11 00:22:33,277 - INFO - 🔍 SecListsManager initialized for intelligent wordlist management
2025-08-11 00:22:33,310 - INFO - 🔍 Found 42 words from laravel.txt for Laravel
2025-08-11 00:22:33,361 - INFO - 🔍 Found 41 words from nginx.txt for Nginx
2025-08-11 00:22:33,380 - INFO - 🎯 Selected 83 intelligent parameters for temu.com (from 1 SecLists)
2025-08-11 00:22:33,380 - INFO - 🔗 Generated 50 parameter targets for temu.com
2025-08-11 00:22:33,633 - INFO - 🏢 Generated 2 ASN-based targets for temu.com
2025-08-11 00:22:34,061 - INFO - 🕵️ Generated 18 OSINT-based targets for temu.com
2025-08-11 00:22:34,061 - INFO - 🚀 Generated 1963 comprehensive discovery targets
2025-08-11 00:22:34,061 - INFO - 🔍 TIER 1: Modular discovery of 1963 targets
2025-08-11 00:22:39,757 - WARNING - 🚫 Proxy marked unhealthy: http://192.168.1.137:3128 (failure rate: 0.67)
2025-08-11 00:22:44,221 - WARNING - 🚫 Proxy marked unhealthy: http://192.168.1.137:3128 (failure rate: 0.71)
2025-08-11 00:22:53,135 - INFO - ✅ Advanced reconnaissance complete: 113 total discoveries
2025-08-11 00:22:53,160 - INFO - 🧩 Persisted 86 Tier-4 discoveries into assets
2025-08-11 00:22:53,160 - INFO - 🕵️ TIER 4: Advanced reconnaissance completed - {'total_domains': 2, 'techniques_used': ['certificate_transparency', 'dns_enumeration', 'port_scanning'], 'discoveries': {'subdomains': ['www.mxmail-market-us.temu.com', 'devtransport.payssl.temu.com', 'mxmail-market.temu.com', '*.seller-eu.temu.com', 'datadobi-rco.fsxn.tst.fsxn.aws.centene.com', 'www.mxmail-market.temu.com', 'datadobi-buf.fsxn.prd.fsxn.aws.centene.com', 'www.mxmail-eu.temu.com', 'datadobi-rco.fsxn.dev.fsxn.aws.centene.com', 'research.temu.com', 'crp-ui.pirp.stg.pirp.aws.centene.com', 'mxmail-usg.temu.com', 'gtm-us.temu.com', 'mxmail-us.temu.com', '*.thtk.temu.com', 'cnc-asw1-tst-prvcont.asw1.dev.asw.aws.centene.com', 'www.mxmail-usg.temu.com', 'datadobi.mcp1.dev.clng.aws.centene.com', 'www.doh.temu.com', 'prodssl.payssl.temu.com', 'www.productsign.payssl.temu.com', 'w9-tin-check.asw1.dev.asw.aws.centene.com', 'datadobi-rco.fsx1.dev.fsxn.aws.centene.com', '*.matk.temu.com', 'ccui-astro.clmd.dev.clng.aws.centene.com', 'ads.temu.com', 'api.clop.prd.clng.aws.centene.com', 'influencer-program.temu.com', '*.influencer-program.temu.com', 'datadobi-ofl.fsxn.prd.fsxn.aws.centene.com', '*.pftk.temu.com', 'datadobi-buf.fsx1.dev.fsxn.aws.centene.com', 'mxmail-eu.temu.com', 'seller.temu.com', 'pirp-apigw.pirp.stg.pirp.aws.centene.com', '*.temu.com', '*.ads.temu.com', 'mxmail-market-us.temu.com', 'cnc-asw1-tst-prvcont-api.asw1.dev.asw.aws.centene.com', 'datadobi-ofl.fsx1.dev.fsxn.aws.centene.com', 'ccui-react.clmd.dev.clng.aws.centene.com', 'papi.caas.dev.csfl.aws.centene.com', 'www.gtm-us.temu.com', 'swagger-dev.clng.srd.clng.aws.centene.com', 'mxmail-in.temu.com', '*.file.temu.com', 'spwebhook.ccut.tst.caas.aws.centene.com', 'api-copy-a.pdic.dev.prov.aws.centene.com', 'www.gtm.temu.com', 'gtm.temu.com', 'temu.com', 'swagger-tst.clng.srd.clng.aws.centene.com', 'datadobi.fsxn.prd.fsxn.aws.centene.com', 'www.mxmail-in.temu.com', 'api.pdic.dev.prov.aws.centene.com', 'cnc-asw1-tst-prvcont-api.asw1.tst.asw.aws.centene.com', 'swagger-stg.clng.srd.clng.aws.centene.com', 'www.mxmail-us.temu.com', 'seller-eu.temu.com', 'devdigitalsign.payssl.temu.com', 'pftk.temu.com', 'za1.file.temu.com', 'www.devdigitalsign.payssl.temu.com', 'api.provider-contracts-cdktf.asw1.dev.asw.aws.centene.com', 'api.caas.dev.csfl.aws.centene.com', 'www.research.temu.com', 'productsign.payssl.temu.com', 'caas.dev.csfl.aws.centene.com', 'matk.temu.com', 'doh.temu.com', 'www.product.payssl.temu.com', 'product.payssl.temu.com', 'prodsign.payssl.temu.com', 'mxmail.temu.com', 'www.devtransport.payssl.temu.com', 'provider-contracts-cdktf-api.asw1.dev.asw.aws.centene.com', 'ccut.tst.caas.aws.centene.com', 'www.mxmail.temu.com', '*.seller.temu.com', 'thtk.temu.com', 'cnc-asw1-tst-prvcont.asw1.tst.asw.aws.centene.com', 'file.temu.com', 'www.mxmail-market-or.temu.com', 'api.pdic.tst.prov.aws.centene.com', 'provider-contracts-cdktf.asw1.dev.asw.aws.centene.com', 'mxmail-market-or.temu.com'], 'certificates': ['Wildcard: *.temu.com', 'Wildcard: *.seller-eu.temu.com', 'Wildcard: *.file.temu.com', 'Wildcard: *.ads.temu.com', 'Wildcard: *.pftk.temu.com', 'Wildcard: *.thtk.temu.com', 'Wildcard: *.seller.temu.com', 'Wildcard: *.matk.temu.com', 'Wildcard: *.influencer-program.temu.com'], 'dns_records': ['A: Query attempted for temu.com', 'AAAA: Query attempted for temu.com', 'A: Query attempted for centene.com', 'A: temu.com -> 151.101.66.58', 'A: centene.com -> 204.145.115.210', 'MX: Query attempted for centene.com', 'CNAME: Query attempted for centene.com', 'TXT: Query attempted for temu.com', 'TXT: Query attempted for centene.com', 'NS: Query attempted for temu.com', 'NS: Query attempted for centene.com', 'CNAME: Query attempted for temu.com', 'AAAA: Query attempted for centene.com', 'MX: Query attempted for temu.com'], 'open_ports': ['151.101.66.58:443', '151.101.66.58:80', '204.145.115.210:443', '204.145.115.210:80'], 'historical_urls': [], 'technologies': []}, 'completed_at': '2025-08-11T00:22:15.651328'}
2025-08-11 00:23:13,137 - INFO - ✅ Discovery batch: 1411/1963 targets discovered
2025-08-11 00:23:13,137 - INFO - ✅ TIER 1: Discovered 1411 new assets using DiscoveryEngine
2025-08-11 00:23:13,138 - INFO - 📊 MODULAR CYCLE 1 PROGRESS:
2025-08-11 00:23:13,138 - INFO -    Assets: 2719 discovered, 326 profiled, 10 scanned
2025-08-11 00:23:13,138 - INFO -    Proxies: 29/30 healthy
2025-08-11 00:23:13,138 - INFO -    ML: 0 predictions, 0.00 accuracy
2025-08-11 00:23:18,340 - INFO - 🔄 MODULAR SCAN CYCLE 2 - CPU: 0.0%
2025-08-11 00:23:18,345 - INFO - 🎯 Generating comprehensive targets for centene.com...
2025-08-11 00:23:18,346 - INFO - 🕵️ Starting advanced reconnaissance on 2 domains
2025-08-11 00:23:29,142 - INFO - 🔎 Basic profiling filled 61 assets
2025-08-11 00:23:34,136 - INFO - 📜 Generated 0 CT targets for centene.com
2025-08-11 00:23:34,136 - INFO - 🔍 SecListsManager initialized for intelligent wordlist management
2025-08-11 00:23:34,207 - INFO - 🔍 Found 4755 words from urls-joomla-3.0.3.txt for Joomla
2025-08-11 00:23:34,302 - INFO - 🎯 Selected 500 intelligent subdomains for centene.com (from 1 SecLists)
2025-08-11 00:23:34,303 - INFO - 🔍 Generated 0 subdomain targets for centene.com
2025-08-11 00:23:34,303 - INFO - 🔍 SecListsManager initialized for intelligent wordlist management
2025-08-11 00:23:34,355 - INFO - 🔍 Found 4755 words from urls-joomla-3.0.3.txt for Joomla
2025-08-11 00:23:34,414 - INFO - 🎯 Selected 500 intelligent directories for centene.com (from 4 SecLists)
2025-08-11 00:23:34,501 - INFO - 🔍 Found 4755 words from urls-joomla-3.0.3.txt for Joomla
2025-08-11 00:23:34,560 - INFO - 🎯 Selected 500 intelligent admin_paths for centene.com (from 2 SecLists)
2025-08-11 00:23:34,613 - INFO - 🔍 Found 4755 words from urls-joomla-3.0.3.txt for Joomla
2025-08-11 00:23:34,696 - INFO - 🎯 Selected 500 intelligent api_endpoints for centene.com (from 2 SecLists)
2025-08-11 00:23:34,748 - INFO - 🔍 Found 4755 words from urls-joomla-3.0.3.txt for Joomla
2025-08-11 00:23:34,828 - INFO - 🎯 Selected 500 intelligent files for centene.com (from 2 SecLists)
2025-08-11 00:23:34,881 - INFO - 🔍 Found 4755 words from urls-joomla-3.0.3.txt for Joomla
2025-08-11 00:23:34,939 - INFO - 🎯 Selected 500 intelligent common for centene.com (from 1 SecLists)
2025-08-11 00:23:35,022 - INFO - 🔍 Found 4755 words from urls-joomla-3.0.3.txt for Joomla
2025-08-11 00:23:35,080 - INFO - 🎯 Selected 500 intelligent web_content for centene.com (from 1 SecLists)
2025-08-11 00:23:35,080 - INFO - 🔍 Loaded 500 paths from SecLists for centene.com
2025-08-11 00:23:35,081 - INFO - 📂 Generated 0 comprehensive directory targets for centene.com
2025-08-11 00:23:35,081 - INFO - 🔍 SecListsManager initialized for intelligent wordlist management
2025-08-11 00:23:35,134 - INFO - 🔍 Found 4755 words from urls-joomla-3.0.3.txt for Joomla
2025-08-11 00:23:35,215 - INFO - 🎯 Selected 200 intelligent parameters for centene.com (from 1 SecLists)
2025-08-11 00:23:35,215 - INFO - 🔗 Generated 0 parameter targets for centene.com
2025-08-11 00:23:35,478 - INFO - 🏢 Generated 0 ASN-based targets for centene.com
2025-08-11 00:23:35,691 - INFO - 🕵️ Generated 0 OSINT-based targets for centene.com
2025-08-11 00:23:35,691 - INFO - 🎯 Generating comprehensive targets for temu.com...
2025-08-11 00:23:36,367 - INFO - 📜 Certificate Transparency found 52 unique subdomains for temu.com
2025-08-11 00:23:36,367 - INFO - 📜 Generated 0 CT targets for temu.com
2025-08-11 00:23:36,368 - INFO - 🔍 SecListsManager initialized for intelligent wordlist management
2025-08-11 00:23:36,402 - INFO - 🔍 Found 42 words from laravel.txt for Laravel
2025-08-11 00:23:36,435 - INFO - 🔍 Found 41 words from nginx.txt for Nginx
2025-08-11 00:23:36,454 - INFO - 🎯 Selected 83 intelligent subdomains for temu.com (from 1 SecLists)
2025-08-11 00:23:36,454 - INFO - 🔍 Generated 0 subdomain targets for temu.com
2025-08-11 00:23:36,454 - INFO - 🔍 SecListsManager initialized for intelligent wordlist management
2025-08-11 00:23:36,513 - INFO - 🔍 Found 42 words from laravel.txt for Laravel
2025-08-11 00:23:36,546 - INFO - 🔍 Found 41 words from nginx.txt for Nginx
2025-08-11 00:23:36,565 - INFO - 🎯 Selected 83 intelligent directories for temu.com (from 3 SecLists)
2025-08-11 00:23:36,598 - INFO - 🔍 Found 42 words from laravel.txt for Laravel
2025-08-11 00:23:36,631 - INFO - 🔍 Found 41 words from nginx.txt for Nginx
2025-08-11 00:23:36,650 - INFO - 🎯 Selected 83 intelligent admin_paths for temu.com (from 2 SecLists)
2025-08-11 00:23:36,704 - INFO - 🔍 Found 42 words from laravel.txt for Laravel
2025-08-11 00:23:36,736 - INFO - 🔍 Found 41 words from nginx.txt for Nginx
2025-08-11 00:23:36,756 - INFO - 🎯 Selected 83 intelligent api_endpoints for temu.com (from 2 SecLists)
2025-08-11 00:23:36,788 - INFO - 🔍 Found 42 words from laravel.txt for Laravel
2025-08-11 00:23:36,842 - INFO - 🔍 Found 41 words from nginx.txt for Nginx
2025-08-11 00:23:36,862 - INFO - 🎯 Selected 83 intelligent files for temu.com (from 2 SecLists)
2025-08-11 00:23:36,896 - INFO - 🔍 Found 42 words from laravel.txt for Laravel
2025-08-11 00:23:36,928 - INFO - 🔍 Found 41 words from nginx.txt for Nginx
2025-08-11 00:23:36,947 - INFO - 🎯 Selected 83 intelligent common for temu.com (from 1 SecLists)
2025-08-11 00:23:36,980 - INFO - 🔍 Found 42 words from laravel.txt for Laravel
2025-08-11 00:23:37,034 - INFO - 🔍 Found 41 words from nginx.txt for Nginx
2025-08-11 00:23:37,053 - INFO - 🎯 Selected 83 intelligent web_content for temu.com (from 1 SecLists)
2025-08-11 00:23:37,053 - INFO - 🔍 Loaded 83 paths from SecLists for temu.com
2025-08-11 00:23:37,053 - INFO - 📂 Generated 0 comprehensive directory targets for temu.com
2025-08-11 00:23:37,053 - INFO - 🔍 SecListsManager initialized for intelligent wordlist management
2025-08-11 00:23:37,086 - INFO - 🔍 Found 42 words from laravel.txt for Laravel
2025-08-11 00:23:37,119 - INFO - 🔍 Found 41 words from nginx.txt for Nginx
2025-08-11 00:23:37,138 - INFO - 🎯 Selected 83 intelligent parameters for temu.com (from 1 SecLists)
2025-08-11 00:23:37,139 - INFO - 🔗 Generated 0 parameter targets for temu.com
2025-08-11 00:23:37,379 - INFO - 🏢 Generated 0 ASN-based targets for temu.com
2025-08-11 00:23:37,602 - INFO - 🕵️ Generated 0 OSINT-based targets for temu.com
2025-08-11 00:23:37,602 - INFO - 🚀 Generated 0 comprehensive discovery targets
2025-08-11 00:23:59,137 - INFO - ✅ Advanced reconnaissance complete: 94 total discoveries
2025-08-11 00:23:59,180 - INFO - 🧩 Persisted 67 Tier-4 discoveries into assets
2025-08-11 00:23:59,180 - INFO - 🕵️ TIER 4: Advanced reconnaissance completed - {'total_domains': 2, 'techniques_used': ['certificate_transparency', 'dns_enumeration', 'port_scanning'], 'discoveries': {'subdomains': ['matk.temu.com', 'mxmail-us.temu.com', 'doh.temu.com', 'talent.centene.com', 'www.mxmail-market-us.temu.com', 'apigateway.us-east-2.tst.api.aws.centene.com', 'mxmail-market-us.temu.com', 'cca-analytics-tst.centene.com', 'www.product.payssl.temu.com', 'product.payssl.temu.com', 'prodsign.payssl.temu.com', 'testjobs.centene.com', 'devtransport.payssl.temu.com', 'www.mxmail-usg.temu.com', 'mxmail-market.temu.com', 'cca-analytics.centene.com', 'mxmail.temu.com', 'www.devtransport.payssl.temu.com', 'www.doh.temu.com', 'api-endpoint.dev.api.aws.centene.com', 'prodssl.payssl.temu.com', 'www.gtm-us.temu.com', 'docs.centene.com', 'mxmail-in.temu.com', 'www.productsign.payssl.temu.com', 'api-endpoint.tst.api.aws.centene.com', 'www.mxmail-market.temu.com', 'apigateway.us-east-1.tst.api.aws.centene.com', 'www.gtm.temu.com', 'www.mxmail.temu.com', 'gtm.temu.com', 'ads.temu.com', 'www.mxmail-eu.temu.com', 'temu.com', 'thtk.temu.com', 'influencer-program.temu.com', 'file.temu.com', 'apigateway.us-east-1.dev.api.aws.centene.com', 'api-v3.centene.com', 'www.mxmail-in.temu.com', 'apigateway.us-east-1.api.aws.centene.com', 'www.mxmail-us.temu.com', 'servicenow-test.centene.com', 'www.mxmail-market-or.temu.com', 'research.temu.com', 'seller-eu.temu.com', 'devdigitalsign.payssl.temu.com', 'requestcentral-dev.centene.com', 'pftk.temu.com', 'za1.file.temu.com', 'gitlab.centene.com', 'servicenow.centene.com', 'mxmail-eu.temu.com', 'www.devdigitalsign.payssl.temu.com', 'seller.temu.com', 'mxmail-usg.temu.com', 'apigateway.us-east-2.dev.api.aws.centene.com', 'apigateway.us-west-2.tst.api.aws.centene.com', 'gitlab-dev.centene.com', 'servicenow-dev.centene.com', 'www.research.temu.com', 'productsign.payssl.temu.com', 'apigateway.us-west-2.dev.api.aws.centene.com', 'mxmail-market-or.temu.com', 'gtm-us.temu.com', 'email.mg.centene.com', 'production.api.centene.com'], 'certificates': ['Wildcard: *.temu.com', 'Wildcard: *.seller-eu.temu.com', 'Wildcard: *.file.temu.com', 'Wildcard: *.ads.temu.com', 'Wildcard: *.pftk.temu.com', 'Wildcard: *.thtk.temu.com', 'Wildcard: *.seller.temu.com', 'Wildcard: *.matk.temu.com', 'Wildcard: *.influencer-program.temu.com'], 'dns_records': ['A: Query attempted for temu.com', 'AAAA: Query attempted for temu.com', 'A: Query attempted for centene.com', 'A: centene.com -> 204.145.115.210', 'MX: Query attempted for centene.com', 'CNAME: Query attempted for centene.com', 'TXT: Query attempted for temu.com', 'TXT: Query attempted for centene.com', 'NS: Query attempted for temu.com', 'NS: Query attempted for centene.com', 'CNAME: Query attempted for temu.com', 'AAAA: Query attempted for centene.com', 'A: temu.com -> 151.101.2.58', 'MX: Query attempted for temu.com'], 'open_ports': ['151.101.66.58:443', '151.101.66.58:80', '204.145.115.210:443', '204.145.115.210:80'], 'historical_urls': [], 'technologies': []}, 'completed_at': '2025-08-11T00:23:29.142967'}
2025-08-11 00:23:59,180 - INFO - 📊 MODULAR CYCLE 2 PROGRESS:
2025-08-11 00:23:59,180 - INFO -    Assets: 2741 discovered, 327 profiled, 10 scanned
2025-08-11 00:23:59,180 - INFO -    Proxies: 29/30 healthy
2025-08-11 00:23:59,180 - INFO -    ML: 0 predictions, 0.00 accuracy
2025-08-11 00:24:04,383 - INFO - 🔄 MODULAR SCAN CYCLE 3 - CPU: 5.0%
2025-08-11 00:24:04,409 - INFO - 🎯 Generating comprehensive targets for centene.com...
2025-08-11 00:24:04,410 - INFO - 🕵️ Starting advanced reconnaissance on 2 domains
2025-08-11 00:24:04,412 - INFO - 📸 Processing 1 assets for screenshot capture
2025-08-11 00:24:04,863 - INFO - ✅ Screenshot capture completed: 1/1 assets
2025-08-11 00:24:04,863 - INFO - ✅ TIER 2: Technology detection: 0, Screenshots: 1
2025-08-11 00:24:06,615 - INFO - 📜 Generated 0 CT targets for centene.com
2025-08-11 00:24:06,615 - INFO - 🔍 SecListsManager initialized for intelligent wordlist management
2025-08-11 00:24:06,669 - INFO - 🔍 Found 4755 words from urls-joomla-3.0.3.txt for Joomla
2025-08-11 00:24:06,726 - INFO - 🎯 Selected 500 intelligent subdomains for centene.com (from 1 SecLists)
2025-08-11 00:24:06,726 - INFO - 🔍 Generated 0 subdomain targets for centene.com
2025-08-11 00:24:06,726 - INFO - 🔍 SecListsManager initialized for intelligent wordlist management
2025-08-11 00:24:06,803 - INFO - 🔍 Found 4755 words from urls-joomla-3.0.3.txt for Joomla
2025-08-11 00:24:06,860 - INFO - 🎯 Selected 500 intelligent directories for centene.com (from 4 SecLists)
2025-08-11 00:24:06,912 - INFO - 🔍 Found 4755 words from urls-joomla-3.0.3.txt for Joomla
2025-08-11 00:24:06,990 - INFO - 🎯 Selected 500 intelligent admin_paths for centene.com (from 2 SecLists)
2025-08-11 00:24:07,042 - INFO - 🔍 Found 4755 words from urls-joomla-3.0.3.txt for Joomla
2025-08-11 00:24:07,118 - INFO - 🎯 Selected 500 intelligent api_endpoints for centene.com (from 2 SecLists)
2025-08-11 00:24:07,170 - INFO - 🔍 Found 4755 words from urls-joomla-3.0.3.txt for Joomla
2025-08-11 00:24:07,227 - INFO - 🎯 Selected 500 intelligent files for centene.com (from 2 SecLists)
2025-08-11 00:24:07,303 - INFO - 🔍 Found 4755 words from urls-joomla-3.0.3.txt for Joomla
2025-08-11 00:24:07,360 - INFO - 🎯 Selected 500 intelligent common for centene.com (from 1 SecLists)
2025-08-11 00:24:07,412 - INFO - 🔍 Found 4755 words from urls-joomla-3.0.3.txt for Joomla
2025-08-11 00:24:07,490 - INFO - 🎯 Selected 500 intelligent web_content for centene.com (from 1 SecLists)
2025-08-11 00:24:07,490 - INFO - 🔍 Loaded 500 paths from SecLists for centene.com
2025-08-11 00:24:07,491 - INFO - 📂 Generated 0 comprehensive directory targets for centene.com
2025-08-11 00:24:07,491 - INFO - 🔍 SecListsManager initialized for intelligent wordlist management
2025-08-11 00:24:07,543 - INFO - 🔍 Found 4755 words from urls-joomla-3.0.3.txt for Joomla
2025-08-11 00:24:07,601 - INFO - 🎯 Selected 200 intelligent parameters for centene.com (from 1 SecLists)
2025-08-11 00:24:07,601 - INFO - 🔗 Generated 0 parameter targets for centene.com
2025-08-11 00:24:07,834 - INFO - 🏢 Generated 0 ASN-based targets for centene.com
2025-08-11 00:24:08,058 - INFO - 🕵️ Generated 0 OSINT-based targets for centene.com
2025-08-11 00:24:08,058 - INFO - 🎯 Generating comprehensive targets for temu.com...
2025-08-11 00:24:09,113 - INFO - 📜 Certificate Transparency found 52 unique subdomains for temu.com
2025-08-11 00:24:09,113 - INFO - 📜 Generated 0 CT targets for temu.com
2025-08-11 00:24:09,113 - INFO - 🔍 SecListsManager initialized for intelligent wordlist management
2025-08-11 00:24:09,171 - INFO - 🔍 Found 42 words from laravel.txt for Laravel
2025-08-11 00:24:09,204 - INFO - 🔍 Found 41 words from nginx.txt for Nginx
2025-08-11 00:24:09,223 - INFO - 🎯 Selected 83 intelligent subdomains for temu.com (from 1 SecLists)
2025-08-11 00:24:09,223 - INFO - 🔍 Generated 0 subdomain targets for temu.com
2025-08-11 00:24:09,223 - INFO - 🔍 SecListsManager initialized for intelligent wordlist management
2025-08-11 00:24:09,256 - INFO - 🔍 Found 42 words from laravel.txt for Laravel
2025-08-11 00:24:09,308 - INFO - 🔍 Found 41 words from nginx.txt for Nginx
2025-08-11 00:24:09,328 - INFO - 🎯 Selected 83 intelligent directories for temu.com (from 3 SecLists)
2025-08-11 00:24:09,361 - INFO - 🔍 Found 42 words from laravel.txt for Laravel
2025-08-11 00:24:09,394 - INFO - 🔍 Found 41 words from nginx.txt for Nginx
2025-08-11 00:24:09,413 - INFO - 🎯 Selected 83 intelligent admin_paths for temu.com (from 2 SecLists)
2025-08-11 00:24:09,445 - INFO - 🔍 Found 42 words from laravel.txt for Laravel
2025-08-11 00:24:09,499 - INFO - 🔍 Found 41 words from nginx.txt for Nginx
2025-08-11 00:24:09,519 - INFO - 🎯 Selected 83 intelligent api_endpoints for temu.com (from 2 SecLists)
2025-08-11 00:24:09,552 - INFO - 🔍 Found 42 words from laravel.txt for Laravel
2025-08-11 00:24:09,585 - INFO - 🔍 Found 41 words from nginx.txt for Nginx
2025-08-11 00:24:09,604 - INFO - 🎯 Selected 83 intelligent files for temu.com (from 2 SecLists)
2025-08-11 00:24:09,664 - INFO - 🔍 Found 42 words from laravel.txt for Laravel
2025-08-11 00:24:09,697 - INFO - 🔍 Found 41 words from nginx.txt for Nginx
2025-08-11 00:24:09,716 - INFO - 🎯 Selected 83 intelligent common for temu.com (from 1 SecLists)
2025-08-11 00:24:09,749 - INFO - 🔍 Found 42 words from laravel.txt for Laravel
2025-08-11 00:24:09,782 - INFO - 🔍 Found 41 words from nginx.txt for Nginx
2025-08-11 00:24:09,825 - INFO - 🎯 Selected 83 intelligent web_content for temu.com (from 1 SecLists)
2025-08-11 00:24:09,825 - INFO - 🔍 Loaded 83 paths from SecLists for temu.com
2025-08-11 00:24:09,825 - INFO - 📂 Generated 0 comprehensive directory targets for temu.com
2025-08-11 00:24:09,825 - INFO - 🔍 SecListsManager initialized for intelligent wordlist management
2025-08-11 00:24:09,858 - INFO - 🔍 Found 42 words from laravel.txt for Laravel
2025-08-11 00:24:09,892 - INFO - 🔍 Found 41 words from nginx.txt for Nginx
2025-08-11 00:24:09,911 - INFO - 🎯 Selected 83 intelligent parameters for temu.com (from 1 SecLists)
2025-08-11 00:24:09,911 - INFO - 🔗 Generated 0 parameter targets for temu.com
2025-08-11 00:24:10,169 - INFO - 🏢 Generated 0 ASN-based targets for temu.com
2025-08-11 00:24:10,391 - INFO - 🕵️ Generated 0 OSINT-based targets for temu.com
2025-08-11 00:24:10,391 - INFO - 🚀 Generated 0 comprehensive discovery targets
2025-08-11 00:24:15,157 - INFO - 🔎 Basic profiling filled 82 assets
2025-08-11 00:24:30,795 - INFO - ✅ Advanced reconnaissance complete: 94 total discoveries
2025-08-11 00:24:30,806 - INFO - 🧩 Persisted 67 Tier-4 discoveries into assets
2025-08-11 00:24:30,806 - INFO - 🕵️ TIER 4: Advanced reconnaissance completed - {'total_domains': 2, 'techniques_used': ['certificate_transparency', 'dns_enumeration', 'port_scanning'], 'discoveries': {'subdomains': ['matk.temu.com', 'mxmail-us.temu.com', 'doh.temu.com', 'talent.centene.com', 'www.mxmail-market-us.temu.com', 'apigateway.us-east-2.tst.api.aws.centene.com', 'mxmail-market-us.temu.com', 'cca-analytics-tst.centene.com', 'www.product.payssl.temu.com', 'product.payssl.temu.com', 'prodsign.payssl.temu.com', 'testjobs.centene.com', 'devtransport.payssl.temu.com', 'www.mxmail-usg.temu.com', 'mxmail-market.temu.com', 'cca-analytics.centene.com', 'mxmail.temu.com', 'www.devtransport.payssl.temu.com', 'www.doh.temu.com', 'api-endpoint.dev.api.aws.centene.com', 'prodssl.payssl.temu.com', 'www.gtm-us.temu.com', 'docs.centene.com', 'mxmail-in.temu.com', 'www.productsign.payssl.temu.com', 'api-endpoint.tst.api.aws.centene.com', 'www.mxmail-market.temu.com', 'apigateway.us-east-1.tst.api.aws.centene.com', 'www.gtm.temu.com', 'www.mxmail.temu.com', 'gtm.temu.com', 'ads.temu.com', 'www.mxmail-eu.temu.com', 'temu.com', 'thtk.temu.com', 'influencer-program.temu.com', 'file.temu.com', 'apigateway.us-east-1.dev.api.aws.centene.com', 'api-v3.centene.com', 'www.mxmail-in.temu.com', 'apigateway.us-east-1.api.aws.centene.com', 'www.mxmail-us.temu.com', 'servicenow-test.centene.com', 'www.mxmail-market-or.temu.com', 'research.temu.com', 'seller-eu.temu.com', 'devdigitalsign.payssl.temu.com', 'requestcentral-dev.centene.com', 'pftk.temu.com', 'za1.file.temu.com', 'gitlab.centene.com', 'servicenow.centene.com', 'mxmail-eu.temu.com', 'www.devdigitalsign.payssl.temu.com', 'seller.temu.com', 'mxmail-usg.temu.com', 'apigateway.us-east-2.dev.api.aws.centene.com', 'apigateway.us-west-2.tst.api.aws.centene.com', 'gitlab-dev.centene.com', 'servicenow-dev.centene.com', 'www.research.temu.com', 'productsign.payssl.temu.com', 'apigateway.us-west-2.dev.api.aws.centene.com', 'mxmail-market-or.temu.com', 'gtm-us.temu.com', 'email.mg.centene.com', 'production.api.centene.com'], 'certificates': ['Wildcard: *.temu.com', 'Wildcard: *.seller-eu.temu.com', 'Wildcard: *.file.temu.com', 'Wildcard: *.ads.temu.com', 'Wildcard: *.pftk.temu.com', 'Wildcard: *.thtk.temu.com', 'Wildcard: *.seller.temu.com', 'Wildcard: *.matk.temu.com', 'Wildcard: *.influencer-program.temu.com'], 'dns_records': ['A: Query attempted for temu.com', 'AAAA: Query attempted for temu.com', 'A: Query attempted for centene.com', 'A: temu.com -> 151.101.66.58', 'A: centene.com -> 204.145.115.210', 'MX: Query attempted for centene.com', 'CNAME: Query attempted for centene.com', 'TXT: Query attempted for temu.com', 'TXT: Query attempted for centene.com', 'NS: Query attempted for temu.com', 'NS: Query attempted for centene.com', 'CNAME: Query attempted for temu.com', 'AAAA: Query attempted for centene.com', 'MX: Query attempted for temu.com'], 'open_ports': ['151.101.66.58:443', '151.101.66.58:80', '204.145.115.210:443', '204.145.115.210:80'], 'historical_urls': [], 'technologies': []}, 'completed_at': '2025-08-11T00:24:15.157811'}
2025-08-11 00:24:30,807 - INFO - 📊 MODULAR CYCLE 3 PROGRESS:
2025-08-11 00:24:30,807 - INFO -    Assets: 2741 discovered, 342 profiled, 10 scanned
2025-08-11 00:24:30,807 - INFO -    Proxies: 29/30 healthy
2025-08-11 00:24:30,807 - INFO -    ML: 0 predictions, 0.00 accuracy
2025-08-11 00:24:36,011 - INFO - 🔄 MODULAR SCAN CYCLE 4 - CPU: 0.0%
2025-08-11 00:24:36,014 - INFO - 🎯 Generating comprehensive targets for centene.com...
2025-08-11 00:24:36,015 - INFO - 🕵️ Starting advanced reconnaissance on 2 domains
2025-08-11 00:24:36,016 - INFO - 🔬 Processing 3 assets for technology detection
2025-08-11 00:24:36,016 - INFO - 📸 Processing 9 assets for screenshot capture
2025-08-11 00:24:36,021 - INFO - 🔗 ProxyManager initialized with 30 proxies
2025-08-11 00:24:36,021 - INFO - 🔗 ProxyManager initialized with 30 proxies
2025-08-11 00:24:36,022 - INFO - 🔗 ProxyManager initialized with 30 proxies
2025-08-11 00:24:36,968 - INFO - ✅ Technology detection completed: 3/3 assets
2025-08-11 00:24:37,499 - INFO - ✅ Screenshot capture completed: 9/9 assets
2025-08-11 00:24:37,499 - INFO - ✅ TIER 2: Technology detection: 3, Screenshots: 9
2025-08-11 00:24:46,141 - INFO - 🔎 Basic profiling filled 67 assets
2025-08-11 00:24:50,374 - INFO - 📜 Generated 0 CT targets for centene.com
2025-08-11 00:24:50,374 - INFO - 🔍 SecListsManager initialized for intelligent wordlist management
2025-08-11 00:24:50,475 - INFO - 🔍 Found 4755 words from urls-joomla-3.0.3.txt for Joomla
2025-08-11 00:24:50,532 - INFO - 🎯 Selected 500 intelligent subdomains for centene.com (from 1 SecLists)
2025-08-11 00:24:50,532 - INFO - 🔍 Generated 0 subdomain targets for centene.com
2025-08-11 00:24:50,532 - INFO - 🔍 SecListsManager initialized for intelligent wordlist management
2025-08-11 00:24:50,584 - INFO - 🔍 Found 4755 words from urls-joomla-3.0.3.txt for Joomla
2025-08-11 00:24:50,663 - INFO - 🎯 Selected 500 intelligent directories for centene.com (from 4 SecLists)
2025-08-11 00:24:50,715 - INFO - 🔍 Found 4755 words from urls-joomla-3.0.3.txt for Joomla
2025-08-11 00:24:50,805 - INFO - 🎯 Selected 500 intelligent admin_paths for centene.com (from 2 SecLists)
2025-08-11 00:24:50,857 - INFO - 🔍 Found 4755 words from urls-joomla-3.0.3.txt for Joomla
2025-08-11 00:24:50,915 - INFO - 🎯 Selected 500 intelligent api_endpoints for centene.com (from 2 SecLists)
2025-08-11 00:24:50,991 - INFO - 🔍 Found 4755 words from urls-joomla-3.0.3.txt for Joomla
2025-08-11 00:24:51,049 - INFO - 🎯 Selected 500 intelligent files for centene.com (from 2 SecLists)
2025-08-11 00:24:51,101 - INFO - 🔍 Found 4755 words from urls-joomla-3.0.3.txt for Joomla
2025-08-11 00:24:51,179 - INFO - 🎯 Selected 500 intelligent common for centene.com (from 1 SecLists)
2025-08-11 00:24:51,231 - INFO - 🔍 Found 4755 words from urls-joomla-3.0.3.txt for Joomla
2025-08-11 00:24:51,311 - INFO - 🎯 Selected 500 intelligent web_content for centene.com (from 1 SecLists)
2025-08-11 00:24:51,311 - INFO - 🔍 Loaded 500 paths from SecLists for centene.com
2025-08-11 00:24:51,312 - INFO - 📂 Generated 0 comprehensive directory targets for centene.com
2025-08-11 00:24:51,312 - INFO - 🔍 SecListsManager initialized for intelligent wordlist management
2025-08-11 00:24:51,365 - INFO - 🔍 Found 4755 words from urls-joomla-3.0.3.txt for Joomla
2025-08-11 00:24:51,423 - INFO - 🎯 Selected 200 intelligent parameters for centene.com (from 1 SecLists)
2025-08-11 00:24:51,423 - INFO - 🔗 Generated 0 parameter targets for centene.com
2025-08-11 00:24:51,661 - INFO - 🏢 Generated 0 ASN-based targets for centene.com
2025-08-11 00:24:51,881 - INFO - 🕵️ Generated 0 OSINT-based targets for centene.com
2025-08-11 00:24:51,881 - INFO - 🎯 Generating comprehensive targets for temu.com...
2025-08-11 00:24:53,072 - INFO - 📜 Certificate Transparency found 52 unique subdomains for temu.com
2025-08-11 00:24:53,072 - INFO - 📜 Generated 0 CT targets for temu.com
2025-08-11 00:24:53,072 - INFO - 🔍 SecListsManager initialized for intelligent wordlist management
2025-08-11 00:24:53,107 - INFO - 🔍 Found 42 words from laravel.txt for Laravel
2025-08-11 00:24:53,164 - INFO - 🔍 Found 41 words from nginx.txt for Nginx
2025-08-11 00:24:53,184 - INFO - 🎯 Selected 83 intelligent subdomains for temu.com (from 1 SecLists)
2025-08-11 00:24:53,184 - INFO - 🔍 Generated 0 subdomain targets for temu.com
2025-08-11 00:24:53,184 - INFO - 🔍 SecListsManager initialized for intelligent wordlist management
2025-08-11 00:24:53,217 - INFO - 🔍 Found 42 words from laravel.txt for Laravel
2025-08-11 00:24:53,250 - INFO - 🔍 Found 41 words from nginx.txt for Nginx
2025-08-11 00:24:53,270 - INFO - 🎯 Selected 83 intelligent directories for temu.com (from 3 SecLists)
2025-08-11 00:24:53,325 - INFO - 🔍 Found 42 words from laravel.txt for Laravel
2025-08-11 00:24:53,358 - INFO - 🔍 Found 41 words from nginx.txt for Nginx
2025-08-11 00:24:53,377 - INFO - 🎯 Selected 83 intelligent admin_paths for temu.com (from 2 SecLists)
2025-08-11 00:24:53,411 - INFO - 🔍 Found 42 words from laravel.txt for Laravel
2025-08-11 00:24:53,443 - INFO - 🔍 Found 41 words from nginx.txt for Nginx
2025-08-11 00:24:53,482 - INFO - 🎯 Selected 83 intelligent api_endpoints for temu.com (from 2 SecLists)
2025-08-11 00:24:53,516 - INFO - 🔍 Found 42 words from laravel.txt for Laravel
2025-08-11 00:24:53,549 - INFO - 🔍 Found 41 words from nginx.txt for Nginx
2025-08-11 00:24:53,568 - INFO - 🎯 Selected 83 intelligent files for temu.com (from 2 SecLists)
2025-08-11 00:24:53,601 - INFO - 🔍 Found 42 words from laravel.txt for Laravel
