2025-08-11 00:28:28,204 - INFO - 🔍 SecListsManager initialized for intelligent wordlist management
2025-08-11 00:28:28,204 - INFO - 🛡️ WAFBypass initialized with AssetManager integration
2025-08-11 00:28:28,204 - INFO - 🤖 MLEngine initialized with AssetManager integration
2025-08-11 00:28:28,204 - INFO - 🚨 VulnerabilityScanner initialized with AssetManager integration
2025-08-11 00:28:28,204 - INFO - 🔗 ProxyManager initialized with 30 proxies
2025-08-11 00:28:28,204 - INFO - 🔍 DiscoveryEngine initialized with AssetManager integration
2025-08-11 00:28:28,204 - INFO - 🔬 TechnologyDetector initialized with AssetManager integration
2025-08-11 00:28:28,204 - INFO - 🤖 MLEngine initialized with AssetManager integration
2025-08-11 00:28:28,204 - INFO - 📸 ScreenshotManager initialized with AssetManager integration
2025-08-11 00:28:28,204 - INFO - 🛡️ WAFBypass initialized with AssetManager integration
2025-08-11 00:28:28,204 - INFO - 🕵️ ReconnaissanceEngine initialized with AssetManager integration
2025-08-11 00:28:28,204 - INFO - 🚀 Modular Scanner initialized - all modules using AssetManager field mappings
2025-08-11 00:28:28,204 - INFO - ✅ SecLists already available
2025-08-11 00:28:28,207 - INFO - 📋 Loaded 19964 words from Discovery/DNS/subdomains-top1million-20000.txt
2025-08-11 00:28:28,208 - INFO - 📋 Loaded 4989 words from Discovery/DNS/subdomains-top1million-5000.txt
2025-08-11 00:28:28,208 - INFO - 📋 Loaded 500 words from Discovery/DNS/deepmagic.com-prefixes-top500.txt
2025-08-11 00:28:28,209 - INFO - 📋 Loaded 2280 words from Discovery/DNS/fierce-hostlist.txt
2025-08-11 00:28:28,230 - INFO - 📋 Loaded 151265 words from Discovery/DNS/namelist.txt
2025-08-11 00:28:28,231 - INFO - 📋 Final loaded: 3000 subdomains entries
2025-08-11 00:28:28,241 - INFO - 📋 Loaded 62281 words from Discovery/Web-Content/raft-large-directories.txt
2025-08-11 00:28:28,245 - INFO - 📋 Loaded 29999 words from Discovery/Web-Content/raft-medium-directories.txt
2025-08-11 00:28:28,246 - INFO - 📋 Loaded 2565 words from Discovery/Web-Content/quickhits.txt
2025-08-11 00:28:28,246 - INFO - 📋 Final loaded: 3000 directories entries
2025-08-11 00:28:28,251 - INFO - 📋 Loaded 37050 words from Discovery/Web-Content/raft-large-files.txt
2025-08-11 00:28:28,254 - INFO - 📋 Loaded 17129 words from Discovery/Web-Content/raft-medium-files.txt
2025-08-11 00:28:28,255 - INFO - 📋 Loaded 11424 words from Discovery/Web-Content/raft-small-files.txt
2025-08-11 00:28:28,256 - INFO - 📋 Loaded 4750 words from Discovery/Web-Content/common.txt
2025-08-11 00:28:28,256 - INFO - 📋 Loaded 43 words from Discovery/Web-Content/web-extensions.txt
2025-08-11 00:28:28,256 - INFO - 📋 Loaded 2565 words from Discovery/Web-Content/quickhits.txt
2025-08-11 00:28:28,257 - INFO - 📋 Final loaded: 3000 files entries
2025-08-11 00:28:28,258 - INFO - 📋 Loaded 6453 words from Discovery/Web-Content/burp-parameter-names.txt
2025-08-11 00:28:28,258 - INFO - 📋 Loaded 46 words from Discovery/Web-Content/web-mutations.txt
2025-08-11 00:28:28,258 - INFO - 📋 Loaded 881 words from Fuzzing/LFI/LFI-gracefulsecurity-linux.txt
2025-08-11 00:28:28,259 - INFO - 📋 Final loaded: 3000 parameters entries
2025-08-11 00:28:28,259 - INFO - 📋 Loaded 174 words from Discovery/Web-Content/common-api-endpoints-mazen160.txt
2025-08-11 00:28:28,259 - INFO - 📋 Loaded 102 words from Discovery/Web-Content/graphql.txt
2025-08-11 00:28:28,259 - INFO - 📋 Final loaded: 276 api_endpoints entries
2025-08-11 00:28:28,259 - INFO - 📋 Loaded 89 words from Discovery/Web-Content/Logins.fuzz.txt
2025-08-11 00:28:28,259 - INFO - 📋 Loaded 13 words from Discovery/Web-Content/default-web-root-directory-linux.txt
2025-08-11 00:28:28,259 - INFO - 📋 Loaded 3 words from Discovery/Web-Content/default-web-root-directory-windows.txt
2025-08-11 00:28:28,259 - INFO - 📋 Loaded 1578 words from Discovery/Web-Content/CMS/wordpress.fuzz.txt
2025-08-11 00:28:28,259 - INFO - 📋 Final loaded: 1679 admin_paths entries
2025-08-11 00:28:28,260 - INFO - 📋 Loaded 4750 words from Discovery/Web-Content/common.txt
2025-08-11 00:28:28,263 - INFO - 📋 Loaded 20478 words from Discovery/Web-Content/big.txt
2025-08-11 00:28:28,263 - INFO - 📋 Loaded 2565 words from Discovery/Web-Content/quickhits.txt
2025-08-11 00:28:28,264 - INFO - 📋 Final loaded: 3000 common entries
2025-08-11 00:28:28,271 - INFO - 📋 Loaded 56293 words from Discovery/Web-Content/raft-medium-words-lowercase.txt
2025-08-11 00:28:28,280 - INFO - 📋 Loaded 63088 words from Discovery/Web-Content/raft-medium-words.txt
2025-08-11 00:28:28,280 - INFO - 📋 Final loaded: 3000 web_content entries
2025-08-11 00:28:28,300 - INFO - ✅ SecListsManager initialization complete
2025-08-11 00:28:28,312 - INFO - ✅ WAFBypass initialization complete
2025-08-11 00:28:28,318 - INFO - 📚 Loaded XSS prediction model
2025-08-11 00:28:28,322 - INFO - 📚 Loaded vulnerability classification model
2025-08-11 00:28:28,323 - INFO - 📚 Loaded text vectorizer
2025-08-11 00:28:28,332 - INFO - ✅ MLEngine initialization complete
2025-08-11 00:28:28,336 - INFO - ✅ VulnerabilityScanner initialization complete
2025-08-11 00:28:28,339 - INFO - ✅ DiscoveryEngine initialization complete
2025-08-11 00:28:28,343 - INFO - ✅ TechnologyDetector initialization complete
2025-08-11 00:28:28,343 - INFO - 🔍 Performing initial proxy health check...
2025-08-11 00:28:28,346 - INFO - ✅ ProxyManager initialization complete
2025-08-11 00:28:28,351 - INFO - 📚 Loaded XSS prediction model
2025-08-11 00:28:28,355 - INFO - 📚 Loaded vulnerability classification model
2025-08-11 00:28:28,355 - INFO - 📚 Loaded text vectorizer
2025-08-11 00:28:28,360 - INFO - ✅ MLEngine initialization complete
2025-08-11 00:28:28,375 - INFO - ✅ Found Chrome: google-chrome
2025-08-11 00:28:28,379 - INFO - ✅ ScreenshotManager initialization complete
2025-08-11 00:28:28,382 - INFO - ✅ WAFBypass initialization complete
2025-08-11 00:28:28,386 - INFO - ✅ ReconnaissanceEngine initialization complete
2025-08-11 00:28:28,386 - INFO - ✅ All modules initialized using AssetManager mappings
2025-08-11 00:28:28,386 - INFO - 🎯 Starting Modular Progressive Vulnerability Scanner
2025-08-11 00:28:28,586 - INFO - 🔍 Performing proxy health check...
2025-08-11 00:28:38,994 - INFO - ✅ Proxy health check: 20/20 proxies healthy
2025-08-11 00:28:39,016 - INFO - 🔄 MODULAR SCAN CYCLE 1 - CPU: 5.0%
2025-08-11 00:28:39,020 - INFO - 🎯 Generating comprehensive targets for centene.com...
2025-08-11 00:28:39,021 - INFO - 🚨 TIER 3: Modular vulnerability scanning 3 assets
2025-08-11 00:28:39,022 - INFO - 🕵️ Starting advanced reconnaissance on 2 domains
2025-08-11 00:28:39,026 - INFO - 🔍 SecListsManager initialized for intelligent wordlist management
2025-08-11 00:28:39,026 - INFO - 🔍 SecListsManager initialized for intelligent wordlist management
2025-08-11 00:28:39,026 - INFO - 🔍 SecListsManager initialized for intelligent wordlist management
2025-08-11 00:28:39,026 - INFO - 🔍 SecListsManager initialized for intelligent wordlist management
2025-08-11 00:28:39,026 - INFO - 🔍 SecListsManager initialized for intelligent wordlist management
2025-08-11 00:28:39,026 - INFO - 🔍 SecListsManager initialized for intelligent wordlist management
2025-08-11 00:28:39,026 - INFO - 🔍 SecListsManager initialized for intelligent wordlist management
2025-08-11 00:28:39,026 - INFO - 🔍 SecListsManager initialized for intelligent wordlist management
2025-08-11 00:28:39,026 - INFO - 🔍 SecListsManager initialized for intelligent wordlist management
2025-08-11 00:28:39,032 - INFO - ✅ TIER 3: Scanned 0 assets, no vulnerabilities found
2025-08-11 00:28:39,690 - INFO - 📜 Generated 0 CT targets for centene.com
2025-08-11 00:28:39,691 - INFO - 🔍 SecListsManager initialized for intelligent wordlist management
2025-08-11 00:28:39,769 - INFO - 🔍 Found 4755 words from urls-joomla-3.0.3.txt for Joomla
2025-08-11 00:28:39,828 - INFO - 🎯 Selected 500 intelligent subdomains for centene.com (from 1 SecLists)
2025-08-11 00:28:39,828 - INFO - 🔍 Generated 6 subdomain targets for centene.com
2025-08-11 00:28:39,828 - INFO - 🔍 SecListsManager initialized for intelligent wordlist management
2025-08-11 00:28:39,881 - INFO - 🔍 Found 4755 words from urls-joomla-3.0.3.txt for Joomla
2025-08-11 00:28:39,960 - INFO - 🎯 Selected 500 intelligent directories for centene.com (from 4 SecLists)
2025-08-11 00:28:40,012 - INFO - 🔍 Found 4755 words from urls-joomla-3.0.3.txt for Joomla
2025-08-11 00:28:40,091 - INFO - 🎯 Selected 500 intelligent admin_paths for centene.com (from 2 SecLists)
2025-08-11 00:28:40,143 - INFO - 🔍 Found 4755 words from urls-joomla-3.0.3.txt for Joomla
2025-08-11 00:28:40,202 - INFO - 🎯 Selected 500 intelligent api_endpoints for centene.com (from 2 SecLists)
2025-08-11 00:28:40,273 - INFO - 🔍 Found 4755 words from urls-joomla-3.0.3.txt for Joomla
2025-08-11 00:28:40,332 - INFO - 🎯 Selected 500 intelligent files for centene.com (from 2 SecLists)
2025-08-11 00:28:40,384 - INFO - 🔍 Found 4755 words from urls-joomla-3.0.3.txt for Joomla
2025-08-11 00:28:40,462 - INFO - 🎯 Selected 500 intelligent common for centene.com (from 1 SecLists)
2025-08-11 00:28:40,514 - INFO - 🔍 Found 4755 words from urls-joomla-3.0.3.txt for Joomla
2025-08-11 00:28:40,572 - INFO - 🎯 Selected 500 intelligent web_content for centene.com (from 1 SecLists)
2025-08-11 00:28:40,572 - INFO - 🔍 Loaded 500 paths from SecLists for centene.com
2025-08-11 00:28:40,573 - INFO - 📂 Generated 1018 comprehensive directory targets for centene.com
2025-08-11 00:28:40,573 - INFO - 🔍 SecListsManager initialized for intelligent wordlist management
2025-08-11 00:28:40,653 - INFO - 🔍 Found 4755 words from urls-joomla-3.0.3.txt for Joomla
2025-08-11 00:28:40,710 - INFO - 🎯 Selected 200 intelligent parameters for centene.com (from 1 SecLists)
2025-08-11 00:28:40,710 - INFO - 🔗 Generated 63 parameter targets for centene.com
2025-08-11 00:28:40,950 - INFO - 🏢 Generated 2 ASN-based targets for centene.com
2025-08-11 00:28:41,177 - INFO - 🕵️ Generated 18 OSINT-based targets for centene.com
2025-08-11 00:28:41,177 - INFO - 🎯 Generating comprehensive targets for temu.com...
2025-08-11 00:28:42,253 - INFO - 📜 Certificate Transparency found 52 unique subdomains for temu.com
2025-08-11 00:28:42,254 - INFO - 📜 Generated 85 CT targets for temu.com
2025-08-11 00:28:42,254 - INFO - 🔍 SecListsManager initialized for intelligent wordlist management
2025-08-11 00:28:42,288 - INFO - 🔍 Found 42 words from laravel.txt for Laravel
2025-08-11 00:28:42,345 - INFO - 🔍 Found 41 words from nginx.txt for Nginx
2025-08-11 00:28:42,365 - INFO - 🎯 Selected 83 intelligent subdomains for temu.com (from 1 SecLists)
2025-08-11 00:28:42,365 - INFO - 🔍 Generated 4 subdomain targets for temu.com
2025-08-11 00:28:42,365 - INFO - 🔍 SecListsManager initialized for intelligent wordlist management
2025-08-11 00:28:42,399 - INFO - 🔍 Found 42 words from laravel.txt for Laravel
2025-08-11 00:28:42,432 - INFO - 🔍 Found 41 words from nginx.txt for Nginx
2025-08-11 00:28:42,452 - INFO - 🎯 Selected 83 intelligent directories for temu.com (from 3 SecLists)
2025-08-11 00:28:42,505 - INFO - 🔍 Found 42 words from laravel.txt for Laravel
2025-08-11 00:28:42,538 - INFO - 🔍 Found 41 words from nginx.txt for Nginx
2025-08-11 00:28:42,558 - INFO - 🎯 Selected 83 intelligent admin_paths for temu.com (from 2 SecLists)
2025-08-11 00:28:42,592 - INFO - 🔍 Found 42 words from laravel.txt for Laravel
2025-08-11 00:28:42,625 - INFO - 🔍 Found 41 words from nginx.txt for Nginx
2025-08-11 00:28:42,674 - INFO - 🎯 Selected 83 intelligent api_endpoints for temu.com (from 2 SecLists)
2025-08-11 00:28:42,707 - INFO - 🔍 Found 42 words from laravel.txt for Laravel
2025-08-11 00:28:42,741 - INFO - 🔍 Found 41 words from nginx.txt for Nginx
2025-08-11 00:28:42,760 - INFO - 🎯 Selected 83 intelligent files for temu.com (from 2 SecLists)
2025-08-11 00:28:42,794 - INFO - 🔍 Found 42 words from laravel.txt for Laravel
2025-08-11 00:28:42,850 - INFO - 🔍 Found 41 words from nginx.txt for Nginx
2025-08-11 00:28:42,870 - INFO - 🎯 Selected 83 intelligent common for temu.com (from 1 SecLists)
2025-08-11 00:28:42,903 - INFO - 🔍 Found 42 words from laravel.txt for Laravel
2025-08-11 00:28:42,937 - INFO - 🔍 Found 41 words from nginx.txt for Nginx
2025-08-11 00:28:42,957 - INFO - 🎯 Selected 83 intelligent web_content for temu.com (from 1 SecLists)
2025-08-11 00:28:42,957 - INFO - 🔍 Loaded 83 paths from SecLists for temu.com
2025-08-11 00:28:42,957 - INFO - 📂 Generated 694 comprehensive directory targets for temu.com
2025-08-11 00:28:42,957 - INFO - 🔍 SecListsManager initialized for intelligent wordlist management
2025-08-11 00:28:43,011 - INFO - 🔍 Found 42 words from laravel.txt for Laravel
2025-08-11 00:28:43,045 - INFO - 🔍 Found 41 words from nginx.txt for Nginx
2025-08-11 00:28:43,065 - INFO - 🎯 Selected 83 intelligent parameters for temu.com (from 1 SecLists)
2025-08-11 00:28:43,065 - INFO - 🔗 Generated 50 parameter targets for temu.com
2025-08-11 00:28:43,326 - INFO - 🏢 Generated 2 ASN-based targets for temu.com
2025-08-11 00:28:43,554 - INFO - 🕵️ Generated 18 OSINT-based targets for temu.com
2025-08-11 00:28:43,555 - INFO - 🚀 Generated 1962 comprehensive discovery targets
2025-08-11 00:28:43,555 - INFO - 🔍 TIER 1: Modular discovery of 1962 targets
2025-08-11 00:28:44,047 - WARNING - 🚫 Proxy marked unhealthy: http://192.168.1.131:3128 (failure rate: 0.67)
2025-08-11 00:28:44,048 - WARNING - 🚫 Proxy marked unhealthy: http://192.168.1.131:3128 (failure rate: 0.71)
2025-08-11 00:28:44,228 - WARNING - 🚫 Proxy marked unhealthy: http://192.168.1.131:3128 (failure rate: 0.67)
2025-08-11 00:28:49,146 - INFO - 🔎 Basic profiling filled 67 assets
2025-08-11 00:29:16,003 - INFO - ✅ Advanced reconnaissance complete: 101 total discoveries
2025-08-11 00:29:16,022 - INFO - 🧩 Persisted 74 Tier-4 discoveries into assets
2025-08-11 00:29:16,022 - INFO - 🕵️ TIER 4: Advanced reconnaissance completed - {'total_domains': 2, 'techniques_used': ['dns_enumeration', 'certificate_transparency', 'port_scanning'], 'discoveries': {'subdomains': ['email.mg.centene.com', 'research.temu.com', 'caas.prd.csfl.aws.centene.com', 'apigateway.us-west-2.tst.api.aws.centene.com', 'gtm-us.temu.com', 'cca-analytics.centene.com', 'apigateway.us-west-2.dev.api.aws.centene.com', 'apigateway.us-east-1.tst.api.aws.centene.com', 'api-v3.centene.com', 'accesscentral.cloud.centene.com', 'caas.dev.csfl.aws.centene.com', 'productsign.payssl.temu.com', 'mxmail-market-or.temu.com', 'ads.temu.com', 'cca-analytics-tst.centene.com', 'www.mxmail-market-or.temu.com', 'prodssl.payssl.temu.com', 'seller-eu.temu.com', 'www.research.temu.com', 'www.gtm.temu.com', 'apigateway.us-east-1.dev.api.aws.centene.com', 'www.doh.temu.com', 'api-endpoint.dev.api.aws.centene.com', 'matk.temu.com', 'www.gtm-us.temu.com', 'mxmail-market-us.temu.com', 'www.productsign.payssl.temu.com', 'papi.caas.dev.csfl.aws.centene.com', 'www.devdigitalsign.payssl.temu.com', 'doh.temu.com', 'api.caas.stg.csfl.aws.centene.com', 'api.caas.prd.csfl.aws.centene.com', 'mxmail-in.temu.com', 'apigateway.us-east-2.dev.api.aws.centene.com', 'gitlab.centene.com', 'seller.temu.com', 'product.payssl.temu.com', 'api.caas.dev.csfl.aws.centene.com', 'pftk.temu.com', 'www.mxmail-market.temu.com', 'www.mxmail-market-us.temu.com', 'papi.caas.stg.csfl.aws.centene.com', 'www.mxmail-us.temu.com', 'docs.centene.com', 'www.accesscentral.cloud.centene.com', 'apigateway.us-east-2.tst.api.aws.centene.com', 'talent.centene.com', 'gitlab-dev.centene.com', 'production.api.centene.com', 'mxmail-usg.temu.com', 'mxmail-market.temu.com', 'centene.com', 'www.mxmail-eu.temu.com', 'www.mxmail-usg.temu.com', 'www.mxmail-in.temu.com', 'temu.com', 'apigateway.us-east-1.api.aws.centene.com', 'thtk.temu.com', 'www.product.payssl.temu.com', 'mxmail.temu.com', 'www.mxmail.temu.com', 'devdigitalsign.payssl.temu.com', 'mxmail-us.temu.com', 'influencer-program.temu.com', 'za1.file.temu.com', 'gtm.temu.com', 'www.devtransport.payssl.temu.com', 'prodsign.payssl.temu.com', 'file.temu.com', 'mxmail-eu.temu.com', 'papi.caas.prd.csfl.aws.centene.com', 'devtransport.payssl.temu.com', 'caas.stg.csfl.aws.centene.com', 'api-endpoint.tst.api.aws.centene.com'], 'certificates': ['Wildcard: *.temu.com', 'Wildcard: *.ads.temu.com', 'Wildcard: *.thtk.temu.com', 'Wildcard: *.matk.temu.com', 'Wildcard: *.influencer-program.temu.com', 'Wildcard: *.file.temu.com', 'Wildcard: *.seller-eu.temu.com', 'Wildcard: *.seller.temu.com', 'Wildcard: *.pftk.temu.com'], 'dns_records': ['NS: Query attempted for centene.com', 'AAAA: Query attempted for centene.com', 'NS: Query attempted for temu.com', 'AAAA: Query attempted for temu.com', 'A: Query attempted for centene.com', 'A: temu.com -> 151.101.2.58', 'A: Query attempted for temu.com', 'MX: Query attempted for temu.com', 'CNAME: Query attempted for temu.com', 'MX: Query attempted for centene.com', 'TXT: Query attempted for centene.com', 'TXT: Query attempted for temu.com', 'A: centene.com -> 204.145.115.210', 'CNAME: Query attempted for centene.com'], 'open_ports': ['151.101.66.58:443', '151.101.66.58:80', '204.145.115.210:80', '204.145.115.210:443'], 'historical_urls': [], 'technologies': []}, 'completed_at': '2025-08-11T00:28:49.146513'}
2025-08-11 00:29:24,137 - INFO - ✅ Discovery batch: 1326/1962 targets discovered
2025-08-11 00:29:24,138 - INFO - ✅ TIER 1: Discovered 1326 new assets using DiscoveryEngine
2025-08-11 00:29:24,139 - INFO - 📊 MODULAR CYCLE 1 PROGRESS:
2025-08-11 00:29:24,139 - INFO -    Assets: 2761 discovered, 342 profiled, 13 scanned
2025-08-11 00:29:24,139 - INFO -    Proxies: 29/30 healthy
2025-08-11 00:29:24,139 - INFO -    ML: 0 predictions, 0.00 accuracy
2025-08-11 00:29:29,341 - INFO - 🔄 MODULAR SCAN CYCLE 2 - CPU: 0.0%
2025-08-11 00:29:29,346 - INFO - 🎯 Generating comprehensive targets for centene.com...
2025-08-11 00:29:29,347 - INFO - 🕵️ Starting advanced reconnaissance on 2 domains
2025-08-11 00:29:30,093 - INFO - 📜 Generated 0 CT targets for centene.com
2025-08-11 00:29:30,093 - INFO - 🔍 SecListsManager initialized for intelligent wordlist management
2025-08-11 00:29:30,148 - INFO - 🔍 Found 4755 words from urls-joomla-3.0.3.txt for Joomla
2025-08-11 00:29:30,235 - INFO - 🎯 Selected 500 intelligent subdomains for centene.com (from 1 SecLists)
2025-08-11 00:29:30,235 - INFO - 🔍 Generated 0 subdomain targets for centene.com
2025-08-11 00:29:30,235 - INFO - 🔍 SecListsManager initialized for intelligent wordlist management
2025-08-11 00:29:30,289 - INFO - 🔍 Found 4755 words from urls-joomla-3.0.3.txt for Joomla
2025-08-11 00:29:30,346 - INFO - 🎯 Selected 500 intelligent directories for centene.com (from 4 SecLists)
2025-08-11 00:29:30,422 - INFO - 🔍 Found 4755 words from urls-joomla-3.0.3.txt for Joomla
2025-08-11 00:29:30,480 - INFO - 🎯 Selected 500 intelligent admin_paths for centene.com (from 2 SecLists)
2025-08-11 00:29:30,555 - INFO - 🔍 Found 4755 words from urls-joomla-3.0.3.txt for Joomla
2025-08-11 00:29:30,612 - INFO - 🎯 Selected 500 intelligent api_endpoints for centene.com (from 2 SecLists)
2025-08-11 00:29:30,664 - INFO - 🔍 Found 4755 words from urls-joomla-3.0.3.txt for Joomla
2025-08-11 00:29:30,745 - INFO - 🎯 Selected 500 intelligent files for centene.com (from 2 SecLists)
2025-08-11 00:29:30,797 - INFO - 🔍 Found 4755 words from urls-joomla-3.0.3.txt for Joomla
2025-08-11 00:29:30,855 - INFO - 🎯 Selected 500 intelligent common for centene.com (from 1 SecLists)
2025-08-11 00:29:30,930 - INFO - 🔍 Found 4755 words from urls-joomla-3.0.3.txt for Joomla
2025-08-11 00:29:30,988 - INFO - 🎯 Selected 500 intelligent web_content for centene.com (from 1 SecLists)
2025-08-11 00:29:30,988 - INFO - 🔍 Loaded 500 paths from SecLists for centene.com
2025-08-11 00:29:30,989 - INFO - 📂 Generated 0 comprehensive directory targets for centene.com
2025-08-11 00:29:30,989 - INFO - 🔍 SecListsManager initialized for intelligent wordlist management
2025-08-11 00:29:31,041 - INFO - 🔍 Found 4755 words from urls-joomla-3.0.3.txt for Joomla
2025-08-11 00:29:31,121 - INFO - 🎯 Selected 200 intelligent parameters for centene.com (from 1 SecLists)
2025-08-11 00:29:31,121 - INFO - 🔗 Generated 0 parameter targets for centene.com
2025-08-11 00:29:31,461 - INFO - 🏢 Generated 0 ASN-based targets for centene.com
2025-08-11 00:29:31,685 - INFO - 🕵️ Generated 0 OSINT-based targets for centene.com
2025-08-11 00:29:31,685 - INFO - 🎯 Generating comprehensive targets for temu.com...
2025-08-11 00:29:32,718 - INFO - 📜 Certificate Transparency found 52 unique subdomains for temu.com
2025-08-11 00:29:32,718 - INFO - 📜 Generated 0 CT targets for temu.com
2025-08-11 00:29:32,718 - INFO - 🔍 SecListsManager initialized for intelligent wordlist management
2025-08-11 00:29:32,753 - INFO - 🔍 Found 42 words from laravel.txt for Laravel
2025-08-11 00:29:32,786 - INFO - 🔍 Found 41 words from nginx.txt for Nginx
2025-08-11 00:29:32,806 - INFO - 🎯 Selected 83 intelligent subdomains for temu.com (from 1 SecLists)
2025-08-11 00:29:32,806 - INFO - 🔍 Generated 0 subdomain targets for temu.com
2025-08-11 00:29:32,806 - INFO - 🔍 SecListsManager initialized for intelligent wordlist management
2025-08-11 00:29:32,867 - INFO - 🔍 Found 42 words from laravel.txt for Laravel
2025-08-11 00:29:32,900 - INFO - 🔍 Found 41 words from nginx.txt for Nginx
2025-08-11 00:29:32,920 - INFO - 🎯 Selected 83 intelligent directories for temu.com (from 3 SecLists)
2025-08-11 00:29:32,953 - INFO - 🔍 Found 42 words from laravel.txt for Laravel
2025-08-11 00:29:32,986 - INFO - 🔍 Found 41 words from nginx.txt for Nginx
2025-08-11 00:29:33,028 - INFO - 🎯 Selected 83 intelligent admin_paths for temu.com (from 2 SecLists)
2025-08-11 00:29:33,061 - INFO - 🔍 Found 42 words from laravel.txt for Laravel
2025-08-11 00:29:33,094 - INFO - 🔍 Found 41 words from nginx.txt for Nginx
2025-08-11 00:29:33,114 - INFO - 🎯 Selected 83 intelligent api_endpoints for temu.com (from 2 SecLists)
2025-08-11 00:29:33,147 - INFO - 🔍 Found 42 words from laravel.txt for Laravel
2025-08-11 00:29:33,202 - INFO - 🔍 Found 41 words from nginx.txt for Nginx
2025-08-11 00:29:33,222 - INFO - 🎯 Selected 83 intelligent files for temu.com (from 2 SecLists)
2025-08-11 00:29:33,256 - INFO - 🔍 Found 42 words from laravel.txt for Laravel
2025-08-11 00:29:33,290 - INFO - 🔍 Found 41 words from nginx.txt for Nginx
2025-08-11 00:29:33,310 - INFO - 🎯 Selected 83 intelligent common for temu.com (from 1 SecLists)
2025-08-11 00:29:33,365 - INFO - 🔍 Found 42 words from laravel.txt for Laravel
2025-08-11 00:29:33,398 - INFO - 🔍 Found 41 words from nginx.txt for Nginx
2025-08-11 00:29:33,418 - INFO - 🎯 Selected 83 intelligent web_content for temu.com (from 1 SecLists)
2025-08-11 00:29:33,418 - INFO - 🔍 Loaded 83 paths from SecLists for temu.com
2025-08-11 00:29:33,418 - INFO - 📂 Generated 0 comprehensive directory targets for temu.com
2025-08-11 00:29:33,418 - INFO - 🔍 SecListsManager initialized for intelligent wordlist management
2025-08-11 00:29:33,452 - INFO - 🔍 Found 42 words from laravel.txt for Laravel
2025-08-11 00:29:33,486 - INFO - 🔍 Found 41 words from nginx.txt for Nginx
2025-08-11 00:29:33,527 - INFO - 🎯 Selected 83 intelligent parameters for temu.com (from 1 SecLists)
2025-08-11 00:29:33,527 - INFO - 🔗 Generated 0 parameter targets for temu.com
2025-08-11 00:29:33,782 - INFO - 🏢 Generated 0 ASN-based targets for temu.com
2025-08-11 00:29:33,999 - INFO - 🕵️ Generated 0 OSINT-based targets for temu.com
2025-08-11 00:29:33,999 - INFO - 🚀 Generated 0 comprehensive discovery targets
2025-08-11 00:29:40,167 - INFO - 🔎 Basic profiling filled 74 assets
2025-08-11 00:30:07,813 - INFO - ✅ Advanced reconnaissance complete: 71 total discoveries
2025-08-11 00:30:07,839 - INFO - 🧩 Persisted 44 Tier-4 discoveries into assets
2025-08-11 00:30:07,839 - INFO - 🕵️ TIER 4: Advanced reconnaissance completed - {'total_domains': 2, 'techniques_used': ['dns_enumeration', 'certificate_transparency', 'port_scanning'], 'discoveries': {'subdomains': ['research.temu.com', 'gtm-us.temu.com', 'productsign.payssl.temu.com', 'mxmail-market-or.temu.com', 'ads.temu.com', 'www.mxmail-market-or.temu.com', 'prodssl.payssl.temu.com', 'www.research.temu.com', 'seller-eu.temu.com', 'www.gtm.temu.com', 'www.doh.temu.com', 'matk.temu.com', 'www.gtm-us.temu.com', 'mxmail-market-us.temu.com', 'www.productsign.payssl.temu.com', 'www.devdigitalsign.payssl.temu.com', 'doh.temu.com', 'mxmail-in.temu.com', 'seller.temu.com', 'product.payssl.temu.com', 'pftk.temu.com', 'www.mxmail-market.temu.com', 'www.mxmail-market-us.temu.com', 'www.mxmail-us.temu.com', 'mxmail-usg.temu.com', 'mxmail-market.temu.com', 'www.mxmail-eu.temu.com', 'www.mxmail-usg.temu.com', 'www.mxmail-in.temu.com', 'temu.com', 'thtk.temu.com', 'www.product.payssl.temu.com', 'mxmail.temu.com', 'devdigitalsign.payssl.temu.com', 'mxmail-us.temu.com', 'influencer-program.temu.com', 'za1.file.temu.com', 'gtm.temu.com', 'www.devtransport.payssl.temu.com', 'prodsign.payssl.temu.com', 'file.temu.com', 'mxmail-eu.temu.com', 'devtransport.payssl.temu.com', 'www.mxmail.temu.com'], 'certificates': ['Wildcard: *.temu.com', 'Wildcard: *.ads.temu.com', 'Wildcard: *.thtk.temu.com', 'Wildcard: *.matk.temu.com', 'Wildcard: *.influencer-program.temu.com', 'Wildcard: *.file.temu.com', 'Wildcard: *.seller-eu.temu.com', 'Wildcard: *.seller.temu.com', 'Wildcard: *.pftk.temu.com'], 'dns_records': ['NS: Query attempted for centene.com', 'AAAA: Query attempted for centene.com', 'NS: Query attempted for temu.com', 'AAAA: Query attempted for temu.com', 'A: Query attempted for centene.com', 'A: temu.com -> 151.101.2.58', 'A: Query attempted for temu.com', 'MX: Query attempted for temu.com', 'CNAME: Query attempted for temu.com', 'MX: Query attempted for centene.com', 'TXT: Query attempted for centene.com', 'TXT: Query attempted for temu.com', 'A: centene.com -> 204.145.115.210', 'CNAME: Query attempted for centene.com'], 'open_ports': ['151.101.66.58:443', '151.101.66.58:80', '204.145.115.210:80', '204.145.115.210:443'], 'historical_urls': [], 'technologies': []}, 'completed_at': '2025-08-11T00:29:40.167827'}
2025-08-11 00:30:07,839 - INFO - 📊 MODULAR CYCLE 2 PROGRESS:
2025-08-11 00:30:07,839 - INFO -    Assets: 2761 discovered, 345 profiled, 13 scanned
2025-08-11 00:30:07,839 - INFO -    Proxies: 29/30 healthy
2025-08-11 00:30:07,839 - INFO -    ML: 0 predictions, 0.00 accuracy
2025-08-11 00:30:13,042 - INFO - 🔄 MODULAR SCAN CYCLE 3 - CPU: 0.0%
2025-08-11 00:30:13,046 - INFO - 🎯 Generating comprehensive targets for centene.com...
2025-08-11 00:30:13,047 - INFO - 🕵️ Starting advanced reconnaissance on 2 domains
2025-08-11 00:30:13,048 - INFO - 📸 Processing 2 assets for screenshot capture
2025-08-11 00:30:13,659 - INFO - ✅ Screenshot capture completed: 2/2 assets
2025-08-11 00:30:13,660 - INFO - ✅ TIER 2: Technology detection: 0, Screenshots: 2
2025-08-11 00:30:23,145 - INFO - 🔎 Basic profiling filled 71 assets
2025-08-11 00:30:28,136 - INFO - 📜 Generated 0 CT targets for centene.com
2025-08-11 00:30:28,136 - INFO - 🔍 SecListsManager initialized for intelligent wordlist management
2025-08-11 00:30:28,195 - INFO - 🔍 Found 4755 words from urls-joomla-3.0.3.txt for Joomla
2025-08-11 00:30:28,252 - INFO - 🎯 Selected 500 intelligent subdomains for centene.com (from 1 SecLists)
2025-08-11 00:30:28,252 - INFO - 🔍 Generated 0 subdomain targets for centene.com
2025-08-11 00:30:28,252 - INFO - 🔍 SecListsManager initialized for intelligent wordlist management
2025-08-11 00:30:28,330 - INFO - 🔍 Found 4755 words from urls-joomla-3.0.3.txt for Joomla
2025-08-11 00:30:28,388 - INFO - 🎯 Selected 500 intelligent directories for centene.com (from 4 SecLists)
2025-08-11 00:30:28,439 - INFO - 🔍 Found 4755 words from urls-joomla-3.0.3.txt for Joomla
2025-08-11 00:30:28,518 - INFO - 🎯 Selected 500 intelligent admin_paths for centene.com (from 2 SecLists)
2025-08-11 00:30:28,570 - INFO - 🔍 Found 4755 words from urls-joomla-3.0.3.txt for Joomla
2025-08-11 00:30:28,649 - INFO - 🎯 Selected 500 intelligent api_endpoints for centene.com (from 2 SecLists)
2025-08-11 00:30:28,702 - INFO - 🔍 Found 4755 words from urls-joomla-3.0.3.txt for Joomla
2025-08-11 00:30:28,760 - INFO - 🎯 Selected 500 intelligent files for centene.com (from 2 SecLists)
2025-08-11 00:30:28,834 - INFO - 🔍 Found 4755 words from urls-joomla-3.0.3.txt for Joomla
2025-08-11 00:30:28,892 - INFO - 🎯 Selected 500 intelligent common for centene.com (from 1 SecLists)
2025-08-11 00:30:28,944 - INFO - 🔍 Found 4755 words from urls-joomla-3.0.3.txt for Joomla
2025-08-11 00:30:29,024 - INFO - 🎯 Selected 500 intelligent web_content for centene.com (from 1 SecLists)
2025-08-11 00:30:29,024 - INFO - 🔍 Loaded 500 paths from SecLists for centene.com
2025-08-11 00:30:29,025 - INFO - 📂 Generated 0 comprehensive directory targets for centene.com
2025-08-11 00:30:29,025 - INFO - 🔍 SecListsManager initialized for intelligent wordlist management
2025-08-11 00:30:29,078 - INFO - 🔍 Found 4755 words from urls-joomla-3.0.3.txt for Joomla
2025-08-11 00:30:29,161 - INFO - 🎯 Selected 200 intelligent parameters for centene.com (from 1 SecLists)
2025-08-11 00:30:29,161 - INFO - 🔗 Generated 0 parameter targets for centene.com
2025-08-11 00:30:29,423 - INFO - 🏢 Generated 0 ASN-based targets for centene.com
2025-08-11 00:30:29,646 - INFO - 🕵️ Generated 0 OSINT-based targets for centene.com
2025-08-11 00:30:29,646 - INFO - 🎯 Generating comprehensive targets for temu.com...
2025-08-11 00:30:30,389 - INFO - 📜 Certificate Transparency found 52 unique subdomains for temu.com
2025-08-11 00:30:30,389 - INFO - 📜 Generated 0 CT targets for temu.com
2025-08-11 00:30:30,389 - INFO - 🔍 SecListsManager initialized for intelligent wordlist management
2025-08-11 00:30:30,424 - INFO - 🔍 Found 42 words from laravel.txt for Laravel
2025-08-11 00:30:30,457 - INFO - 🔍 Found 41 words from nginx.txt for Nginx
2025-08-11 00:30:30,476 - INFO - 🎯 Selected 83 intelligent subdomains for temu.com (from 1 SecLists)
2025-08-11 00:30:30,476 - INFO - 🔍 Generated 0 subdomain targets for temu.com
2025-08-11 00:30:30,476 - INFO - 🔍 SecListsManager initialized for intelligent wordlist management
2025-08-11 00:30:30,509 - INFO - 🔍 Found 42 words from laravel.txt for Laravel
2025-08-11 00:30:30,568 - INFO - 🔍 Found 41 words from nginx.txt for Nginx
2025-08-11 00:30:30,588 - INFO - 🎯 Selected 83 intelligent directories for temu.com (from 3 SecLists)
2025-08-11 00:30:30,621 - INFO - 🔍 Found 42 words from laravel.txt for Laravel
2025-08-11 00:30:30,654 - INFO - 🔍 Found 41 words from nginx.txt for Nginx
2025-08-11 00:30:30,673 - INFO - 🎯 Selected 83 intelligent admin_paths for temu.com (from 2 SecLists)
2025-08-11 00:30:30,731 - INFO - 🔍 Found 42 words from laravel.txt for Laravel
2025-08-11 00:30:30,764 - INFO - 🔍 Found 41 words from nginx.txt for Nginx
2025-08-11 00:30:30,783 - INFO - 🎯 Selected 83 intelligent api_endpoints for temu.com (from 2 SecLists)
2025-08-11 00:30:30,816 - INFO - 🔍 Found 42 words from laravel.txt for Laravel
2025-08-11 00:30:30,849 - INFO - 🔍 Found 41 words from nginx.txt for Nginx
2025-08-11 00:30:30,868 - INFO - 🎯 Selected 83 intelligent files for temu.com (from 2 SecLists)
2025-08-11 00:30:30,923 - INFO - 🔍 Found 42 words from laravel.txt for Laravel
2025-08-11 00:30:30,956 - INFO - 🔍 Found 41 words from nginx.txt for Nginx
2025-08-11 00:30:30,976 - INFO - 🎯 Selected 83 intelligent common for temu.com (from 1 SecLists)
2025-08-11 00:30:31,009 - INFO - 🔍 Found 42 words from laravel.txt for Laravel
2025-08-11 00:30:31,063 - INFO - 🔍 Found 41 words from nginx.txt for Nginx
2025-08-11 00:30:31,084 - INFO - 🎯 Selected 83 intelligent web_content for temu.com (from 1 SecLists)
2025-08-11 00:30:31,084 - INFO - 🔍 Loaded 83 paths from SecLists for temu.com
2025-08-11 00:30:31,084 - INFO - 📂 Generated 0 comprehensive directory targets for temu.com
2025-08-11 00:30:31,084 - INFO - 🔍 SecListsManager initialized for intelligent wordlist management
2025-08-11 00:30:31,117 - INFO - 🔍 Found 42 words from laravel.txt for Laravel
2025-08-11 00:30:31,150 - INFO - 🔍 Found 41 words from nginx.txt for Nginx
2025-08-11 00:30:31,170 - INFO - 🎯 Selected 83 intelligent parameters for temu.com (from 1 SecLists)
2025-08-11 00:30:31,170 - INFO - 🔗 Generated 0 parameter targets for temu.com
2025-08-11 00:30:31,464 - INFO - 🏢 Generated 0 ASN-based targets for temu.com
2025-08-11 00:30:31,677 - INFO - 🕵️ Generated 0 OSINT-based targets for temu.com
2025-08-11 00:30:31,677 - INFO - 🚀 Generated 0 comprehensive discovery targets
2025-08-11 00:30:43,802 - INFO - ✅ Advanced reconnaissance complete: 71 total discoveries
2025-08-11 00:30:43,833 - INFO - 🧩 Persisted 44 Tier-4 discoveries into assets
2025-08-11 00:30:43,833 - INFO - 🕵️ TIER 4: Advanced reconnaissance completed - {'total_domains': 2, 'techniques_used': ['dns_enumeration', 'certificate_transparency', 'port_scanning'], 'discoveries': {'subdomains': ['research.temu.com', 'gtm-us.temu.com', 'productsign.payssl.temu.com', 'mxmail-market-or.temu.com', 'ads.temu.com', 'www.mxmail-market-or.temu.com', 'prodssl.payssl.temu.com', 'www.research.temu.com', 'seller-eu.temu.com', 'www.gtm.temu.com', 'www.doh.temu.com', 'matk.temu.com', 'www.gtm-us.temu.com', 'mxmail-market-us.temu.com', 'www.productsign.payssl.temu.com', 'www.devdigitalsign.payssl.temu.com', 'doh.temu.com', 'mxmail-in.temu.com', 'seller.temu.com', 'product.payssl.temu.com', 'pftk.temu.com', 'www.mxmail-market.temu.com', 'www.mxmail-market-us.temu.com', 'www.mxmail-us.temu.com', 'mxmail-usg.temu.com', 'mxmail-market.temu.com', 'www.mxmail-eu.temu.com', 'www.mxmail-usg.temu.com', 'www.mxmail-in.temu.com', 'temu.com', 'thtk.temu.com', 'www.product.payssl.temu.com', 'mxmail.temu.com', 'devdigitalsign.payssl.temu.com', 'mxmail-us.temu.com', 'influencer-program.temu.com', 'za1.file.temu.com', 'gtm.temu.com', 'www.devtransport.payssl.temu.com', 'prodsign.payssl.temu.com', 'file.temu.com', 'mxmail-eu.temu.com', 'devtransport.payssl.temu.com', 'www.mxmail.temu.com'], 'certificates': ['Wildcard: *.temu.com', 'Wildcard: *.ads.temu.com', 'Wildcard: *.thtk.temu.com', 'Wildcard: *.matk.temu.com', 'Wildcard: *.influencer-program.temu.com', 'Wildcard: *.file.temu.com', 'Wildcard: *.seller-eu.temu.com', 'Wildcard: *.seller.temu.com', 'Wildcard: *.pftk.temu.com'], 'dns_records': ['NS: Query attempted for centene.com', 'AAAA: Query attempted for centene.com', 'NS: Query attempted for temu.com', 'AAAA: Query attempted for temu.com', 'A: Query attempted for centene.com', 'A: temu.com -> 151.101.66.58', 'A: Query attempted for temu.com', 'MX: Query attempted for temu.com', 'CNAME: Query attempted for temu.com', 'MX: Query attempted for centene.com', 'TXT: Query attempted for centene.com', 'TXT: Query attempted for temu.com', 'A: centene.com -> 204.145.115.210', 'CNAME: Query attempted for centene.com'], 'open_ports': ['151.101.2.58:80', '204.145.115.210:80', '204.145.115.210:443', '151.101.2.58:443'], 'historical_urls': [], 'technologies': []}, 'completed_at': '2025-08-11T00:30:23.145413'}
2025-08-11 00:30:43,834 - INFO - 📊 MODULAR CYCLE 3 PROGRESS:
2025-08-11 00:30:43,834 - INFO -    Assets: 2761 discovered, 345 profiled, 13 scanned
2025-08-11 00:30:43,834 - INFO -    Proxies: 29/30 healthy
2025-08-11 00:30:43,834 - INFO -    ML: 0 predictions, 0.00 accuracy
2025-08-11 00:30:49,037 - INFO - 🔄 MODULAR SCAN CYCLE 4 - CPU: 0.0%
2025-08-11 00:30:49,050 - INFO - 🎯 Generating comprehensive targets for centene.com...
2025-08-11 00:30:49,051 - INFO - 🕵️ Starting advanced reconnaissance on 2 domains
2025-08-11 00:30:59,144 - INFO - 🔎 Basic profiling filled 71 assets
2025-08-11 00:31:04,136 - INFO - 📜 Generated 0 CT targets for centene.com
2025-08-11 00:31:04,136 - INFO - 🔍 SecListsManager initialized for intelligent wordlist management
2025-08-11 00:31:04,213 - INFO - 🔍 Found 4755 words from urls-joomla-3.0.3.txt for Joomla
2025-08-11 00:31:04,272 - INFO - 🎯 Selected 500 intelligent subdomains for centene.com (from 1 SecLists)
2025-08-11 00:31:04,272 - INFO - 🔍 Generated 0 subdomain targets for centene.com
2025-08-11 00:31:04,272 - INFO - 🔍 SecListsManager initialized for intelligent wordlist management
2025-08-11 00:31:04,346 - INFO - 🔍 Found 4755 words from urls-joomla-3.0.3.txt for Joomla
2025-08-11 00:31:04,405 - INFO - 🎯 Selected 500 intelligent directories for centene.com (from 4 SecLists)
2025-08-11 00:31:04,457 - INFO - 🔍 Found 4755 words from urls-joomla-3.0.3.txt for Joomla
2025-08-11 00:31:04,540 - INFO - 🎯 Selected 500 intelligent admin_paths for centene.com (from 2 SecLists)
2025-08-11 00:31:04,595 - INFO - 🔍 Found 4755 words from urls-joomla-3.0.3.txt for Joomla
2025-08-11 00:31:04,657 - INFO - 🎯 Selected 500 intelligent api_endpoints for centene.com (from 2 SecLists)
2025-08-11 00:31:04,744 - INFO - 🔍 Found 4755 words from urls-joomla-3.0.3.txt for Joomla
2025-08-11 00:31:04,803 - INFO - 🎯 Selected 500 intelligent files for centene.com (from 2 SecLists)
2025-08-11 00:31:04,856 - INFO - 🔍 Found 4755 words from urls-joomla-3.0.3.txt for Joomla
2025-08-11 00:31:04,947 - INFO - 🎯 Selected 500 intelligent common for centene.com (from 1 SecLists)
2025-08-11 00:31:05,001 - INFO - 🔍 Found 4755 words from urls-joomla-3.0.3.txt for Joomla
2025-08-11 00:31:05,086 - INFO - 🎯 Selected 500 intelligent web_content for centene.com (from 1 SecLists)
2025-08-11 00:31:05,087 - INFO - 🔍 Loaded 500 paths from SecLists for centene.com
2025-08-11 00:31:05,087 - INFO - 📂 Generated 0 comprehensive directory targets for centene.com
2025-08-11 00:31:05,087 - INFO - 🔍 SecListsManager initialized for intelligent wordlist management
2025-08-11 00:31:05,139 - INFO - 🔍 Found 4755 words from urls-joomla-3.0.3.txt for Joomla
2025-08-11 00:31:05,198 - INFO - 🎯 Selected 200 intelligent parameters for centene.com (from 1 SecLists)
2025-08-11 00:31:05,198 - INFO - 🔗 Generated 0 parameter targets for centene.com
2025-08-11 00:31:05,448 - INFO - 🏢 Generated 0 ASN-based targets for centene.com
2025-08-11 00:31:05,677 - INFO - 🕵️ Generated 0 OSINT-based targets for centene.com
2025-08-11 00:31:05,677 - INFO - 🎯 Generating comprehensive targets for temu.com...
2025-08-11 00:31:06,750 - INFO - 📜 Certificate Transparency found 52 unique subdomains for temu.com
2025-08-11 00:31:06,750 - INFO - 📜 Generated 0 CT targets for temu.com
2025-08-11 00:31:06,750 - INFO - 🔍 SecListsManager initialized for intelligent wordlist management
2025-08-11 00:31:06,809 - INFO - 🔍 Found 42 words from laravel.txt for Laravel
2025-08-11 00:31:06,844 - INFO - 🔍 Found 41 words from nginx.txt for Nginx
2025-08-11 00:31:06,863 - INFO - 🎯 Selected 83 intelligent subdomains for temu.com (from 1 SecLists)
2025-08-11 00:31:06,863 - INFO - 🔍 Generated 0 subdomain targets for temu.com
2025-08-11 00:31:06,863 - INFO - 🔍 SecListsManager initialized for intelligent wordlist management
2025-08-11 00:31:06,897 - INFO - 🔍 Found 42 words from laravel.txt for Laravel
2025-08-11 00:31:06,930 - INFO - 🔍 Found 41 words from nginx.txt for Nginx
2025-08-11 00:31:06,950 - INFO - 🎯 Selected 83 intelligent directories for temu.com (from 3 SecLists)
2025-08-11 00:31:07,005 - INFO - 🔍 Found 42 words from laravel.txt for Laravel
2025-08-11 00:31:07,038 - INFO - 🔍 Found 41 words from nginx.txt for Nginx
2025-08-11 00:31:07,058 - INFO - 🎯 Selected 83 intelligent admin_paths for temu.com (from 2 SecLists)
2025-08-11 00:31:07,092 - INFO - 🔍 Found 42 words from laravel.txt for Laravel
2025-08-11 00:31:07,147 - INFO - 🔍 Found 41 words from nginx.txt for Nginx
2025-08-11 00:31:07,167 - INFO - 🎯 Selected 83 intelligent api_endpoints for temu.com (from 2 SecLists)
2025-08-11 00:31:07,201 - INFO - 🔍 Found 42 words from laravel.txt for Laravel
2025-08-11 00:31:07,234 - INFO - 🔍 Found 41 words from nginx.txt for Nginx
2025-08-11 00:31:07,253 - INFO - 🎯 Selected 83 intelligent files for temu.com (from 2 SecLists)
2025-08-11 00:31:07,287 - INFO - 🔍 Found 42 words from laravel.txt for Laravel
2025-08-11 00:31:07,342 - INFO - 🔍 Found 41 words from nginx.txt for Nginx
2025-08-11 00:31:07,361 - INFO - 🎯 Selected 83 intelligent common for temu.com (from 1 SecLists)
2025-08-11 00:31:07,394 - INFO - 🔍 Found 42 words from laravel.txt for Laravel
2025-08-11 00:31:07,428 - INFO - 🔍 Found 41 words from nginx.txt for Nginx
2025-08-11 00:31:07,447 - INFO - 🎯 Selected 83 intelligent web_content for temu.com (from 1 SecLists)
2025-08-11 00:31:07,447 - INFO - 🔍 Loaded 83 paths from SecLists for temu.com
2025-08-11 00:31:07,447 - INFO - 📂 Generated 0 comprehensive directory targets for temu.com
2025-08-11 00:31:07,448 - INFO - 🔍 SecListsManager initialized for intelligent wordlist management
2025-08-11 00:31:07,500 - INFO - 🔍 Found 42 words from laravel.txt for Laravel
2025-08-11 00:31:07,533 - INFO - 🔍 Found 41 words from nginx.txt for Nginx
2025-08-11 00:31:07,553 - INFO - 🎯 Selected 83 intelligent parameters for temu.com (from 1 SecLists)
2025-08-11 00:31:07,553 - INFO - 🔗 Generated 0 parameter targets for temu.com
2025-08-11 00:31:07,813 - INFO - 🏢 Generated 0 ASN-based targets for temu.com
2025-08-11 00:31:08,024 - INFO - 🕵️ Generated 0 OSINT-based targets for temu.com
2025-08-11 00:31:08,024 - INFO - 🚀 Generated 0 comprehensive discovery targets
2025-08-11 00:31:27,324 - INFO - ✅ Advanced reconnaissance complete: 94 total discoveries
2025-08-11 00:31:27,350 - INFO - 🧩 Persisted 67 Tier-4 discoveries into assets
2025-08-11 00:31:27,350 - INFO - 🕵️ TIER 4: Advanced reconnaissance completed - {'total_domains': 2, 'techniques_used': ['dns_enumeration', 'certificate_transparency', 'port_scanning'], 'discoveries': {'subdomains': ['email.mg.centene.com', 'research.temu.com', 'testjobs.centene.com', 'apigateway.us-west-2.tst.api.aws.centene.com', 'gtm-us.temu.com', 'cca-analytics.centene.com', 'apigateway.us-east-1.tst.api.aws.centene.com', 'apigateway.us-west-2.dev.api.aws.centene.com', 'api-v3.centene.com', 'servicenow.centene.com', 'productsign.payssl.temu.com', 'mxmail-market-or.temu.com', 'ads.temu.com', 'servicenow-test.centene.com', 'cca-analytics-tst.centene.com', 'www.mxmail-market-or.temu.com', 'servicenow-dev.centene.com', 'prodssl.payssl.temu.com', 'seller-eu.temu.com', 'www.research.temu.com', 'www.gtm.temu.com', 'apigateway.us-east-1.dev.api.aws.centene.com', 'www.doh.temu.com', 'api-endpoint.dev.api.aws.centene.com', 'matk.temu.com', 'www.gtm-us.temu.com', 'mxmail-market-us.temu.com', 'www.productsign.payssl.temu.com', 'www.devdigitalsign.payssl.temu.com', 'doh.temu.com', 'requestcentral-dev.centene.com', 'mxmail-in.temu.com', 'apigateway.us-east-2.dev.api.aws.centene.com', 'gitlab.centene.com', 'seller.temu.com', 'product.payssl.temu.com', 'pftk.temu.com', 'www.mxmail-market.temu.com', 'www.mxmail-market-us.temu.com', 'www.mxmail-us.temu.com', 'docs.centene.com', 'apigateway.us-east-2.tst.api.aws.centene.com', 'talent.centene.com', 'gitlab-dev.centene.com', 'production.api.centene.com', 'mxmail-usg.temu.com', 'mxmail-market.temu.com', 'www.mxmail-eu.temu.com', 'www.mxmail-usg.temu.com', 'www.mxmail-in.temu.com', 'temu.com', 'apigateway.us-east-1.api.aws.centene.com', 'thtk.temu.com', 'www.product.payssl.temu.com', 'mxmail.temu.com', 'devdigitalsign.payssl.temu.com', 'mxmail-us.temu.com', 'influencer-program.temu.com', 'za1.file.temu.com', 'gtm.temu.com', 'www.devtransport.payssl.temu.com', 'prodsign.payssl.temu.com', 'file.temu.com', 'mxmail-eu.temu.com', 'devtransport.payssl.temu.com', 'www.mxmail.temu.com', 'api-endpoint.tst.api.aws.centene.com'], 'certificates': ['Wildcard: *.temu.com', 'Wildcard: *.ads.temu.com', 'Wildcard: *.thtk.temu.com', 'Wildcard: *.matk.temu.com', 'Wildcard: *.influencer-program.temu.com', 'Wildcard: *.file.temu.com', 'Wildcard: *.seller-eu.temu.com', 'Wildcard: *.seller.temu.com', 'Wildcard: *.pftk.temu.com'], 'dns_records': ['NS: Query attempted for centene.com', 'AAAA: Query attempted for centene.com', 'NS: Query attempted for temu.com', 'AAAA: Query attempted for temu.com', 'A: Query attempted for centene.com', 'A: temu.com -> 151.101.66.58', 'A: Query attempted for temu.com', 'MX: Query attempted for temu.com', 'CNAME: Query attempted for temu.com', 'MX: Query attempted for centene.com', 'TXT: Query attempted for centene.com', 'TXT: Query attempted for temu.com', 'A: centene.com -> 204.145.115.210', 'CNAME: Query attempted for centene.com'], 'open_ports': ['151.101.2.58:80', '204.145.115.210:80', '204.145.115.210:443', '151.101.2.58:443'], 'historical_urls': [], 'technologies': []}, 'completed_at': '2025-08-11T00:30:59.144306'}
2025-08-11 00:31:27,350 - INFO - 📊 MODULAR CYCLE 4 PROGRESS:
2025-08-11 00:31:27,350 - INFO -    Assets: 2761 discovered, 345 profiled, 13 scanned
2025-08-11 00:31:27,350 - INFO -    Proxies: 29/30 healthy
2025-08-11 00:31:27,350 - INFO -    ML: 0 predictions, 0.00 accuracy
2025-08-11 00:31:32,552 - INFO - 🔄 MODULAR SCAN CYCLE 5 - CPU: 0.0%
2025-08-11 00:31:32,564 - INFO - 🎯 Generating comprehensive targets for centene.com...
2025-08-11 00:31:32,564 - INFO - 🕵️ Starting advanced reconnaissance on 2 domains
2025-08-11 00:31:43,144 - INFO - 🔎 Basic profiling filled 71 assets
2025-08-11 00:31:48,136 - INFO - 📜 Generated 0 CT targets for centene.com
2025-08-11 00:31:48,136 - INFO - 🔍 SecListsManager initialized for intelligent wordlist management
2025-08-11 00:31:48,220 - INFO - 🔍 Found 4755 words from urls-joomla-3.0.3.txt for Joomla
2025-08-11 00:31:48,277 - INFO - 🎯 Selected 500 intelligent subdomains for centene.com (from 1 SecLists)
2025-08-11 00:31:48,277 - INFO - 🔍 Generated 0 subdomain targets for centene.com
2025-08-11 00:31:48,277 - INFO - 🔍 SecListsManager initialized for intelligent wordlist management
2025-08-11 00:31:48,329 - INFO - 🔍 Found 4755 words from urls-joomla-3.0.3.txt for Joomla
2025-08-11 00:31:48,408 - INFO - 🎯 Selected 500 intelligent directories for centene.com (from 4 SecLists)
2025-08-11 00:31:48,460 - INFO - 🔍 Found 4755 words from urls-joomla-3.0.3.txt for Joomla
2025-08-11 00:31:48,518 - INFO - 🎯 Selected 500 intelligent admin_paths for centene.com (from 2 SecLists)
2025-08-11 00:31:48,593 - INFO - 🔍 Found 4755 words from urls-joomla-3.0.3.txt for Joomla
2025-08-11 00:31:48,651 - INFO - 🎯 Selected 500 intelligent api_endpoints for centene.com (from 2 SecLists)
2025-08-11 00:31:48,702 - INFO - 🔍 Found 4755 words from urls-joomla-3.0.3.txt for Joomla
2025-08-11 00:31:48,781 - INFO - 🎯 Selected 500 intelligent files for centene.com (from 2 SecLists)
2025-08-11 00:31:48,833 - INFO - 🔍 Found 4755 words from urls-joomla-3.0.3.txt for Joomla
2025-08-11 00:31:48,911 - INFO - 🎯 Selected 500 intelligent common for centene.com (from 1 SecLists)
2025-08-11 00:31:48,964 - INFO - 🔍 Found 4755 words from urls-joomla-3.0.3.txt for Joomla
2025-08-11 00:31:49,022 - INFO - 🎯 Selected 500 intelligent web_content for centene.com (from 1 SecLists)
2025-08-11 00:31:49,022 - INFO - 🔍 Loaded 500 paths from SecLists for centene.com
2025-08-11 00:31:49,023 - INFO - 📂 Generated 0 comprehensive directory targets for centene.com
2025-08-11 00:31:49,023 - INFO - 🔍 SecListsManager initialized for intelligent wordlist management
2025-08-11 00:31:49,097 - INFO - 🔍 Found 4755 words from urls-joomla-3.0.3.txt for Joomla
2025-08-11 00:31:49,155 - INFO - 🎯 Selected 200 intelligent parameters for centene.com (from 1 SecLists)
2025-08-11 00:31:49,155 - INFO - 🔗 Generated 0 parameter targets for centene.com
2025-08-11 00:31:49,490 - INFO - 🏢 Generated 0 ASN-based targets for centene.com
2025-08-11 00:31:49,683 - INFO - 🕵️ Generated 0 OSINT-based targets for centene.com
2025-08-11 00:31:49,683 - INFO - 🎯 Generating comprehensive targets for temu.com...
2025-08-11 00:31:50,304 - INFO - 📜 Certificate Transparency found 52 unique subdomains for temu.com
2025-08-11 00:31:50,304 - INFO - 📜 Generated 0 CT targets for temu.com
2025-08-11 00:31:50,304 - INFO - 🔍 SecListsManager initialized for intelligent wordlist management
2025-08-11 00:31:50,339 - INFO - 🔍 Found 42 words from laravel.txt for Laravel
2025-08-11 00:31:50,397 - INFO - 🔍 Found 41 words from nginx.txt for Nginx
2025-08-11 00:31:50,417 - INFO - 🎯 Selected 83 intelligent subdomains for temu.com (from 1 SecLists)
2025-08-11 00:31:50,417 - INFO - 🔍 Generated 0 subdomain targets for temu.com
2025-08-11 00:31:50,417 - INFO - 🔍 SecListsManager initialized for intelligent wordlist management
2025-08-11 00:31:50,450 - INFO - 🔍 Found 42 words from laravel.txt for Laravel
2025-08-11 00:31:50,484 - INFO - 🔍 Found 41 words from nginx.txt for Nginx
2025-08-11 00:31:50,504 - INFO - 🎯 Selected 83 intelligent directories for temu.com (from 3 SecLists)
2025-08-11 00:31:50,537 - INFO - 🔍 Found 42 words from laravel.txt for Laravel
2025-08-11 00:31:50,590 - INFO - 🔍 Found 41 words from nginx.txt for Nginx
2025-08-11 00:31:50,610 - INFO - 🎯 Selected 83 intelligent admin_paths for temu.com (from 2 SecLists)
2025-08-11 00:31:50,644 - INFO - 🔍 Found 42 words from laravel.txt for Laravel
2025-08-11 00:31:50,678 - INFO - 🔍 Found 41 words from nginx.txt for Nginx
2025-08-11 00:31:50,698 - INFO - 🎯 Selected 83 intelligent api_endpoints for temu.com (from 2 SecLists)
2025-08-11 00:31:50,754 - INFO - 🔍 Found 42 words from laravel.txt for Laravel
2025-08-11 00:31:50,787 - INFO - 🔍 Found 41 words from nginx.txt for Nginx
2025-08-11 00:31:50,807 - INFO - 🎯 Selected 83 intelligent files for temu.com (from 2 SecLists)
2025-08-11 00:31:50,841 - INFO - 🔍 Found 42 words from laravel.txt for Laravel
2025-08-11 00:31:50,873 - INFO - 🔍 Found 41 words from nginx.txt for Nginx
2025-08-11 00:31:50,912 - INFO - 🎯 Selected 83 intelligent common for temu.com (from 1 SecLists)
2025-08-11 00:31:50,946 - INFO - 🔍 Found 42 words from laravel.txt for Laravel
2025-08-11 00:31:50,980 - INFO - 🔍 Found 41 words from nginx.txt for Nginx
2025-08-11 00:31:50,999 - INFO - 🎯 Selected 83 intelligent web_content for temu.com (from 1 SecLists)
2025-08-11 00:31:50,999 - INFO - 🔍 Loaded 83 paths from SecLists for temu.com
2025-08-11 00:31:51,000 - INFO - 📂 Generated 0 comprehensive directory targets for temu.com
2025-08-11 00:31:51,000 - INFO - 🔍 SecListsManager initialized for intelligent wordlist management
2025-08-11 00:31:51,033 - INFO - 🔍 Found 42 words from laravel.txt for Laravel
2025-08-11 00:31:51,086 - INFO - 🔍 Found 41 words from nginx.txt for Nginx
2025-08-11 00:31:51,106 - INFO - 🎯 Selected 83 intelligent parameters for temu.com (from 1 SecLists)
2025-08-11 00:31:51,106 - INFO - 🔗 Generated 0 parameter targets for temu.com
2025-08-11 00:31:51,336 - INFO - 🏢 Generated 0 ASN-based targets for temu.com
2025-08-11 00:31:51,564 - INFO - 🕵️ Generated 0 OSINT-based targets for temu.com
2025-08-11 00:31:51,564 - INFO - 🚀 Generated 0 comprehensive discovery targets
2025-08-11 00:32:08,467 - INFO - ✅ Advanced reconnaissance complete: 94 total discoveries
2025-08-11 00:32:08,490 - INFO - 🧩 Persisted 67 Tier-4 discoveries into assets
2025-08-11 00:32:08,490 - INFO - 🕵️ TIER 4: Advanced reconnaissance completed - {'total_domains': 2, 'techniques_used': ['dns_enumeration', 'certificate_transparency', 'port_scanning'], 'discoveries': {'subdomains': ['email.mg.centene.com', 'research.temu.com', 'testjobs.centene.com', 'apigateway.us-west-2.tst.api.aws.centene.com', 'gtm-us.temu.com', 'cca-analytics.centene.com', 'apigateway.us-east-1.tst.api.aws.centene.com', 'apigateway.us-west-2.dev.api.aws.centene.com', 'api-v3.centene.com', 'servicenow.centene.com', 'productsign.payssl.temu.com', 'mxmail-market-or.temu.com', 'ads.temu.com', 'servicenow-test.centene.com', 'cca-analytics-tst.centene.com', 'www.mxmail-market-or.temu.com', 'servicenow-dev.centene.com', 'prodssl.payssl.temu.com', 'seller-eu.temu.com', 'www.research.temu.com', 'www.gtm.temu.com', 'apigateway.us-east-1.dev.api.aws.centene.com', 'www.doh.temu.com', 'api-endpoint.dev.api.aws.centene.com', 'matk.temu.com', 'www.gtm-us.temu.com', 'mxmail-market-us.temu.com', 'www.productsign.payssl.temu.com', 'www.devdigitalsign.payssl.temu.com', 'doh.temu.com', 'requestcentral-dev.centene.com', 'mxmail-in.temu.com', 'apigateway.us-east-2.dev.api.aws.centene.com', 'gitlab.centene.com', 'seller.temu.com', 'product.payssl.temu.com', 'pftk.temu.com', 'www.mxmail-market.temu.com', 'www.mxmail-market-us.temu.com', 'www.mxmail-us.temu.com', 'docs.centene.com', 'apigateway.us-east-2.tst.api.aws.centene.com', 'talent.centene.com', 'gitlab-dev.centene.com', 'production.api.centene.com', 'mxmail-usg.temu.com', 'mxmail-market.temu.com', 'www.mxmail-eu.temu.com', 'www.mxmail-usg.temu.com', 'www.mxmail-in.temu.com', 'temu.com', 'apigateway.us-east-1.api.aws.centene.com', 'thtk.temu.com', 'www.product.payssl.temu.com', 'mxmail.temu.com', 'devdigitalsign.payssl.temu.com', 'mxmail-us.temu.com', 'influencer-program.temu.com', 'za1.file.temu.com', 'gtm.temu.com', 'www.devtransport.payssl.temu.com', 'prodsign.payssl.temu.com', 'file.temu.com', 'mxmail-eu.temu.com', 'devtransport.payssl.temu.com', 'www.mxmail.temu.com', 'api-endpoint.tst.api.aws.centene.com'], 'certificates': ['Wildcard: *.temu.com', 'Wildcard: *.ads.temu.com', 'Wildcard: *.thtk.temu.com', 'Wildcard: *.matk.temu.com', 'Wildcard: *.influencer-program.temu.com', 'Wildcard: *.file.temu.com', 'Wildcard: *.seller-eu.temu.com', 'Wildcard: *.seller.temu.com', 'Wildcard: *.pftk.temu.com'], 'dns_records': ['NS: Query attempted for centene.com', 'AAAA: Query attempted for centene.com', 'NS: Query attempted for temu.com', 'AAAA: Query attempted for temu.com', 'A: Query attempted for centene.com', 'A: temu.com -> 151.101.2.58', 'A: Query attempted for temu.com', 'MX: Query attempted for temu.com', 'CNAME: Query attempted for temu.com', 'MX: Query attempted for centene.com', 'TXT: Query attempted for centene.com', 'TXT: Query attempted for temu.com', 'A: centene.com -> 204.145.115.210', 'CNAME: Query attempted for centene.com'], 'open_ports': ['151.101.66.58:443', '151.101.66.58:80', '204.145.115.210:80', '204.145.115.210:443'], 'historical_urls': [], 'technologies': []}, 'completed_at': '2025-08-11T00:31:43.144292'}
2025-08-11 00:32:08,491 - INFO - 📊 MODULAR CYCLE 5 PROGRESS:
2025-08-11 00:32:08,491 - INFO -    Assets: 2761 discovered, 345 profiled, 13 scanned
2025-08-11 00:32:08,491 - INFO -    Proxies: 29/30 healthy
2025-08-11 00:32:08,491 - INFO -    ML: 0 predictions, 0.00 accuracy
2025-08-11 00:32:13,696 - INFO - 🔄 MODULAR SCAN CYCLE 6 - CPU: 0.0%
2025-08-11 00:32:13,700 - INFO - 🎯 Generating comprehensive targets for centene.com...
2025-08-11 00:32:13,700 - INFO - 🕵️ Starting advanced reconnaissance on 2 domains
2025-08-11 00:32:24,144 - INFO - 🔎 Basic profiling filled 71 assets
2025-08-11 00:32:27,282 - INFO - 📜 Certificate Transparency found 677 unique subdomains for centene.com
2025-08-11 00:32:27,282 - INFO - 📜 Generated 396 CT targets for centene.com
2025-08-11 00:32:27,283 - INFO - 🔍 SecListsManager initialized for intelligent wordlist management
2025-08-11 00:32:27,335 - INFO - 🔍 Found 4755 words from urls-joomla-3.0.3.txt for Joomla
2025-08-11 00:32:27,438 - INFO - 🎯 Selected 500 intelligent subdomains for centene.com (from 1 SecLists)
2025-08-11 00:32:27,438 - INFO - 🔍 Generated 0 subdomain targets for centene.com
2025-08-11 00:32:27,438 - INFO - 🔍 SecListsManager initialized for intelligent wordlist management
2025-08-11 00:32:27,490 - INFO - 🔍 Found 4755 words from urls-joomla-3.0.3.txt for Joomla
2025-08-11 00:32:27,548 - INFO - 🎯 Selected 500 intelligent directories for centene.com (from 4 SecLists)
2025-08-11 00:32:27,621 - INFO - 🔍 Found 4755 words from urls-joomla-3.0.3.txt for Joomla
2025-08-11 00:32:27,678 - INFO - 🎯 Selected 500 intelligent admin_paths for centene.com (from 2 SecLists)
2025-08-11 00:32:27,750 - INFO - 🔍 Found 4755 words from urls-joomla-3.0.3.txt for Joomla
2025-08-11 00:32:27,809 - INFO - 🎯 Selected 500 intelligent api_endpoints for centene.com (from 2 SecLists)
2025-08-11 00:32:27,861 - INFO - 🔍 Found 4755 words from urls-joomla-3.0.3.txt for Joomla
2025-08-11 00:32:27,938 - INFO - 🎯 Selected 500 intelligent files for centene.com (from 2 SecLists)
2025-08-11 00:32:27,990 - INFO - 🔍 Found 4755 words from urls-joomla-3.0.3.txt for Joomla
2025-08-11 00:32:28,048 - INFO - 🎯 Selected 500 intelligent common for centene.com (from 1 SecLists)
2025-08-11 00:32:28,119 - INFO - 🔍 Found 4755 words from urls-joomla-3.0.3.txt for Joomla
2025-08-11 00:32:28,178 - INFO - 🎯 Selected 500 intelligent web_content for centene.com (from 1 SecLists)
2025-08-11 00:32:28,178 - INFO - 🔍 Loaded 500 paths from SecLists for centene.com
2025-08-11 00:32:28,180 - INFO - 📂 Generated 3000 comprehensive directory targets for centene.com
2025-08-11 00:32:28,180 - INFO - 🔍 SecListsManager initialized for intelligent wordlist management
2025-08-11 00:32:28,253 - INFO - 🔍 Found 4755 words from urls-joomla-3.0.3.txt for Joomla
2025-08-11 00:32:28,312 - INFO - 🎯 Selected 200 intelligent parameters for centene.com (from 1 SecLists)
2025-08-11 00:32:28,312 - INFO - 🔗 Generated 0 parameter targets for centene.com
2025-08-11 00:32:28,591 - INFO - 🏢 Generated 0 ASN-based targets for centene.com
2025-08-11 00:32:28,814 - INFO - 🕵️ Generated 0 OSINT-based targets for centene.com
2025-08-11 00:32:28,814 - INFO - 🎯 Generating comprehensive targets for temu.com...
2025-08-11 00:32:29,450 - INFO - 📜 Certificate Transparency found 52 unique subdomains for temu.com
2025-08-11 00:32:29,450 - INFO - 📜 Generated 0 CT targets for temu.com
2025-08-11 00:32:29,450 - INFO - 🔍 SecListsManager initialized for intelligent wordlist management
2025-08-11 00:32:29,484 - INFO - 🔍 Found 42 words from laravel.txt for Laravel
2025-08-11 00:32:29,518 - INFO - 🔍 Found 41 words from nginx.txt for Nginx
2025-08-11 00:32:29,538 - INFO - 🎯 Selected 83 intelligent subdomains for temu.com (from 1 SecLists)
2025-08-11 00:32:29,538 - INFO - 🔍 Generated 0 subdomain targets for temu.com
2025-08-11 00:32:29,538 - INFO - 🔍 SecListsManager initialized for intelligent wordlist management
2025-08-11 00:32:29,602 - INFO - 🔍 Found 42 words from laravel.txt for Laravel
2025-08-11 00:32:29,634 - INFO - 🔍 Found 41 words from nginx.txt for Nginx
2025-08-11 00:32:29,654 - INFO - 🎯 Selected 83 intelligent directories for temu.com (from 3 SecLists)
2025-08-11 00:32:29,688 - INFO - 🔍 Found 42 words from laravel.txt for Laravel
2025-08-11 00:32:29,743 - INFO - 🔍 Found 41 words from nginx.txt for Nginx
2025-08-11 00:32:29,765 - INFO - 🎯 Selected 83 intelligent admin_paths for temu.com (from 2 SecLists)
2025-08-11 00:32:29,799 - INFO - 🔍 Found 42 words from laravel.txt for Laravel
2025-08-11 00:32:29,833 - INFO - 🔍 Found 41 words from nginx.txt for Nginx
2025-08-11 00:32:29,853 - INFO - 🎯 Selected 83 intelligent api_endpoints for temu.com (from 2 SecLists)
2025-08-11 00:32:29,886 - INFO - 🔍 Found 42 words from laravel.txt for Laravel
2025-08-11 00:32:29,943 - INFO - 🔍 Found 41 words from nginx.txt for Nginx
2025-08-11 00:32:29,962 - INFO - 🎯 Selected 83 intelligent files for temu.com (from 2 SecLists)
2025-08-11 00:32:29,995 - INFO - 🔍 Found 42 words from laravel.txt for Laravel
2025-08-11 00:32:30,028 - INFO - 🔍 Found 41 words from nginx.txt for Nginx
2025-08-11 00:32:30,047 - INFO - 🎯 Selected 83 intelligent common for temu.com (from 1 SecLists)
2025-08-11 00:32:30,103 - INFO - 🔍 Found 42 words from laravel.txt for Laravel
2025-08-11 00:32:30,137 - INFO - 🔍 Found 41 words from nginx.txt for Nginx
2025-08-11 00:32:30,157 - INFO - 🎯 Selected 83 intelligent web_content for temu.com (from 1 SecLists)
2025-08-11 00:32:30,157 - INFO - 🔍 Loaded 83 paths from SecLists for temu.com
2025-08-11 00:32:30,157 - INFO - 📂 Generated 0 comprehensive directory targets for temu.com
2025-08-11 00:32:30,157 - INFO - 🔍 SecListsManager initialized for intelligent wordlist management
2025-08-11 00:32:30,190 - INFO - 🔍 Found 42 words from laravel.txt for Laravel
2025-08-11 00:32:30,223 - INFO - 🔍 Found 41 words from nginx.txt for Nginx
2025-08-11 00:32:30,262 - INFO - 🎯 Selected 83 intelligent parameters for temu.com (from 1 SecLists)
2025-08-11 00:32:30,262 - INFO - 🔗 Generated 0 parameter targets for temu.com
2025-08-11 00:32:30,506 - INFO - 🏢 Generated 0 ASN-based targets for temu.com
2025-08-11 00:32:30,741 - INFO - 🕵️ Generated 0 OSINT-based targets for temu.com
2025-08-11 00:32:30,741 - INFO - 🚀 Generated 2200 comprehensive discovery targets
2025-08-11 00:32:30,741 - INFO - 🔍 TIER 1: Modular discovery of 2000 targets
2025-08-11 00:32:43,281 - INFO - ✅ Advanced reconnaissance complete: 94 total discoveries
2025-08-11 00:32:43,292 - INFO - 🧩 Persisted 67 Tier-4 discoveries into assets
2025-08-11 00:32:43,292 - INFO - 🕵️ TIER 4: Advanced reconnaissance completed - {'total_domains': 2, 'techniques_used': ['dns_enumeration', 'certificate_transparency', 'port_scanning'], 'discoveries': {'subdomains': ['email.mg.centene.com', 'research.temu.com', 'testjobs.centene.com', 'apigateway.us-west-2.tst.api.aws.centene.com', 'gtm-us.temu.com', 'cca-analytics.centene.com', 'apigateway.us-east-1.tst.api.aws.centene.com', 'apigateway.us-west-2.dev.api.aws.centene.com', 'api-v3.centene.com', 'servicenow.centene.com', 'productsign.payssl.temu.com', 'mxmail-market-or.temu.com', 'ads.temu.com', 'servicenow-test.centene.com', 'cca-analytics-tst.centene.com', 'www.mxmail-market-or.temu.com', 'servicenow-dev.centene.com', 'prodssl.payssl.temu.com', 'seller-eu.temu.com', 'www.research.temu.com', 'www.gtm.temu.com', 'apigateway.us-east-1.dev.api.aws.centene.com', 'www.doh.temu.com', 'api-endpoint.dev.api.aws.centene.com', 'matk.temu.com', 'www.gtm-us.temu.com', 'mxmail-market-us.temu.com', 'www.productsign.payssl.temu.com', 'www.devdigitalsign.payssl.temu.com', 'doh.temu.com', 'requestcentral-dev.centene.com', 'mxmail-in.temu.com', 'apigateway.us-east-2.dev.api.aws.centene.com', 'gitlab.centene.com', 'seller.temu.com', 'product.payssl.temu.com', 'pftk.temu.com', 'www.mxmail-market.temu.com', 'www.mxmail-market-us.temu.com', 'www.mxmail-us.temu.com', 'docs.centene.com', 'apigateway.us-east-2.tst.api.aws.centene.com', 'talent.centene.com', 'gitlab-dev.centene.com', 'production.api.centene.com', 'mxmail-usg.temu.com', 'mxmail-market.temu.com', 'www.mxmail-eu.temu.com', 'www.mxmail-usg.temu.com', 'www.mxmail-in.temu.com', 'temu.com', 'apigateway.us-east-1.api.aws.centene.com', 'thtk.temu.com', 'www.product.payssl.temu.com', 'mxmail.temu.com', 'devdigitalsign.payssl.temu.com', 'mxmail-us.temu.com', 'influencer-program.temu.com', 'za1.file.temu.com', 'gtm.temu.com', 'www.devtransport.payssl.temu.com', 'prodsign.payssl.temu.com', 'file.temu.com', 'mxmail-eu.temu.com', 'devtransport.payssl.temu.com', 'www.mxmail.temu.com', 'api-endpoint.tst.api.aws.centene.com'], 'certificates': ['Wildcard: *.temu.com', 'Wildcard: *.ads.temu.com', 'Wildcard: *.thtk.temu.com', 'Wildcard: *.matk.temu.com', 'Wildcard: *.influencer-program.temu.com', 'Wildcard: *.file.temu.com', 'Wildcard: *.seller-eu.temu.com', 'Wildcard: *.seller.temu.com', 'Wildcard: *.pftk.temu.com'], 'dns_records': ['NS: Query attempted for centene.com', 'AAAA: Query attempted for centene.com', 'NS: Query attempted for temu.com', 'AAAA: Query attempted for temu.com', 'A: Query attempted for centene.com', 'A: temu.com -> 151.101.2.58', 'A: Query attempted for temu.com', 'MX: Query attempted for temu.com', 'CNAME: Query attempted for temu.com', 'MX: Query attempted for centene.com', 'TXT: Query attempted for centene.com', 'TXT: Query attempted for temu.com', 'A: centene.com -> 204.145.115.210', 'CNAME: Query attempted for centene.com'], 'open_ports': ['151.101.66.58:443', '151.101.66.58:80', '204.145.115.210:80', '204.145.115.210:443'], 'historical_urls': [], 'technologies': []}, 'completed_at': '2025-08-11T00:32:24.144449'}
